[1.295s] Invoking command in '/home/forge/arti_ws/build/serial_motor_demo': AMENT_PREFIX_PATH=/home/forge/arti_ws/install/serial_motor_demo_msgs:${AMENT_PREFIX_PATH} CMAKE_PREFIX_PATH=/home/forge/arti_ws/install/serial_motor_demo_msgs:${CMAKE_PREFIX_PATH} LD_LIBRARY_PATH=/home/forge/arti_ws/install/serial_motor_demo_msgs/lib:${LD_LIBRARY_PATH} PYTHONPATH=/home/forge/arti_ws/build/serial_motor_demo/prefix_override:/home/forge/arti_ws/install/serial_motor_demo/lib/python3.8/site-packages:/home/forge/arti_ws/install/serial_motor_demo_msgs/lib/python3.8/site-packages:${PYTHONPATH} /usr/bin/python3 -W ignore:setup.py install is deprecated setup.py develop --editable --build-directory /home/forge/arti_ws/build/serial_motor_demo/build --no-deps symlink_data
[1.499s] running develop
[1.614s] running egg_info
[1.614s] creating serial_motor_demo.egg-info
[1.615s] writing serial_motor_demo.egg-info/PKG-INFO
[1.615s] writing dependency_links to serial_motor_demo.egg-info/dependency_links.txt
[1.615s] writing entry points to serial_motor_demo.egg-info/entry_points.txt
[1.615s] writing requirements to serial_motor_demo.egg-info/requires.txt
[1.615s] writing top-level names to serial_motor_demo.egg-info/top_level.txt
[1.655s] writing manifest file 'serial_motor_demo.egg-info/SOURCES.txt'
[1.683s] reading manifest file 'serial_motor_demo.egg-info/SOURCES.txt'
[1.683s] writing manifest file 'serial_motor_demo.egg-info/SOURCES.txt'
[1.713s] running build_ext
[1.727s] Creating /home/forge/arti_ws/install/serial_motor_demo/lib/python3.8/site-packages/site.py
[1.729s] Creating /home/forge/arti_ws/install/serial_motor_demo/lib/python3.8/site-packages/serial-motor-demo.egg-link (link to .)
[1.730s] Installing driver script to /home/forge/arti_ws/install/serial_motor_demo/lib/serial_motor_demo
[1.730s] Installing gui script to /home/forge/arti_ws/install/serial_motor_demo/lib/serial_motor_demo
[1.730s] 
[1.731s] Installed /home/forge/arti_ws/build/serial_motor_demo
[1.731s] running symlink_data
[1.731s] creating /home/forge/arti_ws/install/serial_motor_demo/share/ament_index
[1.731s] creating /home/forge/arti_ws/install/serial_motor_demo/share/ament_index/resource_index
[1.731s] creating /home/forge/arti_ws/install/serial_motor_demo/share/ament_index/resource_index/packages
[1.731s] symbolically linking /home/forge/arti_ws/build/serial_motor_demo/resource/serial_motor_demo -> /home/forge/arti_ws/install/serial_motor_demo/share/ament_index/resource_index/packages
[1.731s] symbolically linking /home/forge/arti_ws/build/serial_motor_demo/package.xml -> /home/forge/arti_ws/install/serial_motor_demo/share/serial_motor_demo
[1.753s] Invoked command in '/home/forge/arti_ws/build/serial_motor_demo' returned '0': AMENT_PREFIX_PATH=/home/forge/arti_ws/install/serial_motor_demo_msgs:${AMENT_PREFIX_PATH} CMAKE_PREFIX_PATH=/home/forge/arti_ws/install/serial_motor_demo_msgs:${CMAKE_PREFIX_PATH} LD_LIBRARY_PATH=/home/forge/arti_ws/install/serial_motor_demo_msgs/lib:${LD_LIBRARY_PATH} PYTHONPATH=/home/forge/arti_ws/build/serial_motor_demo/prefix_override:/home/forge/arti_ws/install/serial_motor_demo/lib/python3.8/site-packages:/home/forge/arti_ws/install/serial_motor_demo_msgs/lib/python3.8/site-packages:${PYTHONPATH} /usr/bin/python3 -W ignore:setup.py install is deprecated setup.py develop --editable --build-directory /home/forge/arti_ws/build/serial_motor_demo/build --no-deps symlink_data
