[0.497s] DEBUG:colcon:Command line arguments: ['/usr/bin/colcon', 'build', '--symlink-install']
[0.497s] DEBUG:colcon:Parsed command line arguments: Namespace(allow_overriding=[], ament_cmake_args=None, base_paths=['.'], build_base='build', catkin_cmake_args=None, catkin_skip_building_tests=False, cmake_args=None, cmake_clean_cache=False, cmake_clean_first=False, cmake_force_configure=False, cmake_target=None, cmake_target_skip_unavailable=False, continue_on_error=False, event_handlers=None, executor='parallel', ignore_user_meta=False, install_base='install', log_base=None, log_level=None, main=<bound method BuildVerb.main of <colcon_core.verb.build.BuildVerb object at 0x7f2ba006e880>>, merge_install=False, metas=['./colcon.meta'], packages_above=None, packages_above_and_dependencies=None, packages_above_depth=None, packages_end=None, packages_ignore=None, packages_ignore_regex=None, packages_select=None, packages_select_build_failed=False, packages_select_by_dep=None, packages_select_regex=None, packages_select_test_failures=False, packages_skip=None, packages_skip_build_finished=False, packages_skip_by_dep=None, packages_skip_regex=None, packages_skip_test_passed=False, packages_skip_up_to=None, packages_start=None, packages_up_to=None, packages_up_to_regex=None, parallel_workers=8, paths=None, symlink_install=True, test_result_base=None, verb_extension=<colcon_core.verb.build.BuildVerb object at 0x7f2ba006e880>, verb_name='build', verb_parser=<colcon_defaults.argument_parser.defaults.DefaultArgumentsDecorator object at 0x7f2b9fecc610>)
[0.843s] Level 1:colcon.colcon_core.package_discovery:discover_packages(colcon_meta) check parameters
[0.843s] Level 1:colcon.colcon_core.package_discovery:discover_packages(recursive) check parameters
[0.843s] Level 1:colcon.colcon_core.package_discovery:discover_packages(ignore) check parameters
[0.843s] Level 1:colcon.colcon_core.package_discovery:discover_packages(path) check parameters
[0.843s] Level 1:colcon.colcon_core.package_discovery:discover_packages(colcon_meta) discover
[0.843s] Level 1:colcon.colcon_core.package_discovery:discover_packages(recursive) discover
[0.843s] INFO:colcon.colcon_core.package_discovery:Crawling recursively for packages in '/home/forge/arti_ws'
[0.844s] Level 1:colcon.colcon_core.package_identification:_identify(.) by extensions ['ignore', 'ignore_ament_install']
[0.845s] Level 1:colcon.colcon_core.package_identification:_identify(.) by extension 'ignore'
[0.846s] Level 1:colcon.colcon_core.package_identification:_identify(.) by extension 'ignore_ament_install'
[0.846s] Level 1:colcon.colcon_core.package_identification:_identify(.) by extensions ['colcon_pkg']
[0.847s] Level 1:colcon.colcon_core.package_identification:_identify(.) by extension 'colcon_pkg'
[0.847s] Level 1:colcon.colcon_core.package_identification:_identify(.) by extensions ['colcon_meta']
[0.847s] Level 1:colcon.colcon_core.package_identification:_identify(.) by extension 'colcon_meta'
[0.847s] Level 1:colcon.colcon_core.package_identification:_identify(.) by extensions ['ros']
[0.847s] Level 1:colcon.colcon_core.package_identification:_identify(.) by extension 'ros'
[0.879s] Level 1:colcon.colcon_core.package_identification:_identify(.) by extensions ['cmake', 'python']
[0.880s] Level 1:colcon.colcon_core.package_identification:_identify(.) by extension 'cmake'
[0.880s] Level 1:colcon.colcon_core.package_identification:_identify(.) by extension 'python'
[0.880s] Level 1:colcon.colcon_core.package_identification:_identify(.) by extensions ['python_setup_py']
[0.880s] Level 1:colcon.colcon_core.package_identification:_identify(.) by extension 'python_setup_py'
[0.880s] Level 1:colcon.colcon_core.package_identification:_identify(build) by extensions ['ignore', 'ignore_ament_install']
[0.880s] Level 1:colcon.colcon_core.package_identification:_identify(build) by extension 'ignore'
[0.880s] Level 1:colcon.colcon_core.package_identification:_identify(build) ignored
[0.881s] Level 1:colcon.colcon_core.package_identification:_identify(install) by extensions ['ignore', 'ignore_ament_install']
[0.881s] Level 1:colcon.colcon_core.package_identification:_identify(install) by extension 'ignore'
[0.881s] Level 1:colcon.colcon_core.package_identification:_identify(install) ignored
[0.881s] Level 1:colcon.colcon_core.package_identification:_identify(log) by extensions ['ignore', 'ignore_ament_install']
[0.882s] Level 1:colcon.colcon_core.package_identification:_identify(log) by extension 'ignore'
[0.882s] Level 1:colcon.colcon_core.package_identification:_identify(log) ignored
[0.882s] Level 1:colcon.colcon_core.package_identification:_identify(src) by extensions ['ignore', 'ignore_ament_install']
[0.882s] Level 1:colcon.colcon_core.package_identification:_identify(src) by extension 'ignore'
[0.882s] Level 1:colcon.colcon_core.package_identification:_identify(src) by extension 'ignore_ament_install'
[0.883s] Level 1:colcon.colcon_core.package_identification:_identify(src) by extensions ['colcon_pkg']
[0.883s] Level 1:colcon.colcon_core.package_identification:_identify(src) by extension 'colcon_pkg'
[0.883s] Level 1:colcon.colcon_core.package_identification:_identify(src) by extensions ['colcon_meta']
[0.883s] Level 1:colcon.colcon_core.package_identification:_identify(src) by extension 'colcon_meta'
[0.883s] Level 1:colcon.colcon_core.package_identification:_identify(src) by extensions ['ros']
[0.883s] Level 1:colcon.colcon_core.package_identification:_identify(src) by extension 'ros'
[0.884s] Level 1:colcon.colcon_core.package_identification:_identify(src) by extensions ['cmake', 'python']
[0.884s] Level 1:colcon.colcon_core.package_identification:_identify(src) by extension 'cmake'
[0.884s] Level 1:colcon.colcon_core.package_identification:_identify(src) by extension 'python'
[0.884s] Level 1:colcon.colcon_core.package_identification:_identify(src) by extensions ['python_setup_py']
[0.884s] Level 1:colcon.colcon_core.package_identification:_identify(src) by extension 'python_setup_py'
[0.884s] Level 1:colcon.colcon_core.package_identification:_identify(src/articubot_one) by extensions ['ignore', 'ignore_ament_install']
[0.885s] Level 1:colcon.colcon_core.package_identification:_identify(src/articubot_one) by extension 'ignore'
[0.885s] Level 1:colcon.colcon_core.package_identification:_identify(src/articubot_one) by extension 'ignore_ament_install'
[0.887s] Level 1:colcon.colcon_core.package_identification:_identify(src/articubot_one) by extensions ['colcon_pkg']
[0.888s] Level 1:colcon.colcon_core.package_identification:_identify(src/articubot_one) by extension 'colcon_pkg'
[0.888s] Level 1:colcon.colcon_core.package_identification:_identify(src/articubot_one) by extensions ['colcon_meta']
[0.889s] Level 1:colcon.colcon_core.package_identification:_identify(src/articubot_one) by extension 'colcon_meta'
[0.890s] Level 1:colcon.colcon_core.package_identification:_identify(src/articubot_one) by extensions ['ros']
[0.890s] Level 1:colcon.colcon_core.package_identification:_identify(src/articubot_one) by extension 'ros'
[0.896s] DEBUG:colcon.colcon_core.package_identification:Package 'src/articubot_one' with type 'ros.ament_cmake' and name 'articubot_one'
[0.896s] Level 1:colcon.colcon_core.package_identification:_identify(src/serial_motor_demo) by extensions ['ignore', 'ignore_ament_install']
[0.896s] Level 1:colcon.colcon_core.package_identification:_identify(src/serial_motor_demo) by extension 'ignore'
[0.897s] Level 1:colcon.colcon_core.package_identification:_identify(src/serial_motor_demo) by extension 'ignore_ament_install'
[0.897s] Level 1:colcon.colcon_core.package_identification:_identify(src/serial_motor_demo) by extensions ['colcon_pkg']
[0.897s] Level 1:colcon.colcon_core.package_identification:_identify(src/serial_motor_demo) by extension 'colcon_pkg'
[0.898s] Level 1:colcon.colcon_core.package_identification:_identify(src/serial_motor_demo) by extensions ['colcon_meta']
[0.898s] Level 1:colcon.colcon_core.package_identification:_identify(src/serial_motor_demo) by extension 'colcon_meta'
[0.898s] Level 1:colcon.colcon_core.package_identification:_identify(src/serial_motor_demo) by extensions ['ros']
[0.898s] Level 1:colcon.colcon_core.package_identification:_identify(src/serial_motor_demo) by extension 'ros'
[0.899s] Level 1:colcon.colcon_core.package_identification:_identify(src/serial_motor_demo) by extensions ['cmake', 'python']
[0.899s] Level 1:colcon.colcon_core.package_identification:_identify(src/serial_motor_demo) by extension 'cmake'
[0.899s] Level 1:colcon.colcon_core.package_identification:_identify(src/serial_motor_demo) by extension 'python'
[0.899s] Level 1:colcon.colcon_core.package_identification:_identify(src/serial_motor_demo) by extensions ['python_setup_py']
[0.899s] Level 1:colcon.colcon_core.package_identification:_identify(src/serial_motor_demo) by extension 'python_setup_py'
[0.900s] Level 1:colcon.colcon_core.package_identification:_identify(src/serial_motor_demo/serial_motor_demo) by extensions ['ignore', 'ignore_ament_install']
[0.900s] Level 1:colcon.colcon_core.package_identification:_identify(src/serial_motor_demo/serial_motor_demo) by extension 'ignore'
[0.900s] Level 1:colcon.colcon_core.package_identification:_identify(src/serial_motor_demo/serial_motor_demo) by extension 'ignore_ament_install'
[0.900s] Level 1:colcon.colcon_core.package_identification:_identify(src/serial_motor_demo/serial_motor_demo) by extensions ['colcon_pkg']
[0.901s] Level 1:colcon.colcon_core.package_identification:_identify(src/serial_motor_demo/serial_motor_demo) by extension 'colcon_pkg'
[0.901s] Level 1:colcon.colcon_core.package_identification:_identify(src/serial_motor_demo/serial_motor_demo) by extensions ['colcon_meta']
[0.901s] Level 1:colcon.colcon_core.package_identification:_identify(src/serial_motor_demo/serial_motor_demo) by extension 'colcon_meta'
[0.902s] Level 1:colcon.colcon_core.package_identification:_identify(src/serial_motor_demo/serial_motor_demo) by extensions ['ros']
[0.903s] Level 1:colcon.colcon_core.package_identification:_identify(src/serial_motor_demo/serial_motor_demo) by extension 'ros'
[0.907s] DEBUG:colcon.colcon_core.package_identification:Package 'src/serial_motor_demo/serial_motor_demo' with type 'ros.ament_python' and name 'serial_motor_demo'
[0.908s] Level 1:colcon.colcon_core.package_identification:_identify(src/serial_motor_demo/serial_motor_demo_msgs) by extensions ['ignore', 'ignore_ament_install']
[0.908s] Level 1:colcon.colcon_core.package_identification:_identify(src/serial_motor_demo/serial_motor_demo_msgs) by extension 'ignore'
[0.909s] Level 1:colcon.colcon_core.package_identification:_identify(src/serial_motor_demo/serial_motor_demo_msgs) by extension 'ignore_ament_install'
[0.909s] Level 1:colcon.colcon_core.package_identification:_identify(src/serial_motor_demo/serial_motor_demo_msgs) by extensions ['colcon_pkg']
[0.910s] Level 1:colcon.colcon_core.package_identification:_identify(src/serial_motor_demo/serial_motor_demo_msgs) by extension 'colcon_pkg'
[0.910s] Level 1:colcon.colcon_core.package_identification:_identify(src/serial_motor_demo/serial_motor_demo_msgs) by extensions ['colcon_meta']
[0.911s] Level 1:colcon.colcon_core.package_identification:_identify(src/serial_motor_demo/serial_motor_demo_msgs) by extension 'colcon_meta'
[0.911s] Level 1:colcon.colcon_core.package_identification:_identify(src/serial_motor_demo/serial_motor_demo_msgs) by extensions ['ros']
[0.911s] Level 1:colcon.colcon_core.package_identification:_identify(src/serial_motor_demo/serial_motor_demo_msgs) by extension 'ros'
[0.913s] DEBUG:colcon.colcon_core.package_identification:Package 'src/serial_motor_demo/serial_motor_demo_msgs' with type 'ros.ament_cmake' and name 'serial_motor_demo_msgs'
[0.913s] Level 1:colcon.colcon_core.package_discovery:discover_packages(recursive) using defaults
[0.913s] Level 1:colcon.colcon_core.package_discovery:discover_packages(ignore) discover
[0.913s] Level 1:colcon.colcon_core.package_discovery:discover_packages(ignore) using defaults
[0.913s] Level 1:colcon.colcon_core.package_discovery:discover_packages(path) discover
[0.914s] Level 1:colcon.colcon_core.package_discovery:discover_packages(path) using defaults
[0.945s] Level 1:colcon.colcon_core.package_discovery:discover_packages(prefix_path) check parameters
[0.945s] Level 1:colcon.colcon_core.package_discovery:discover_packages(prefix_path) discover
[0.947s] WARNING:colcon.colcon_ros.prefix_path.ament:The path '/home/forge/arti_ws/install/serial_motor_demo' in the environment variable AMENT_PREFIX_PATH doesn't exist
[0.947s] WARNING:colcon.colcon_ros.prefix_path.ament:The path '/home/forge/arti_ws/install/serial_motor_demo_msgs' in the environment variable AMENT_PREFIX_PATH doesn't exist
[0.948s] WARNING:colcon.colcon_ros.prefix_path.catkin:The path '/home/forge/arti_ws/install/serial_motor_demo_msgs' in the environment variable CMAKE_PREFIX_PATH doesn't exist
[0.949s] DEBUG:colcon.colcon_installed_package_information.package_discovery:Found 1 installed packages in /home/forge/arti_ws/install
[0.950s] DEBUG:colcon.colcon_installed_package_information.package_discovery:Found 1 installed packages in /home/forge/dev_ws/install
[0.953s] DEBUG:colcon.colcon_installed_package_information.package_discovery:Found 376 installed packages in /opt/ros/foxy
[0.957s] Level 1:colcon.colcon_core.package_discovery:discover_packages(prefix_path) using defaults
[1.205s] Level 5:colcon.colcon_core.verb:set package 'articubot_one' build argument 'cmake_args' from command line to 'None'
[1.205s] Level 5:colcon.colcon_core.verb:set package 'articubot_one' build argument 'cmake_target' from command line to 'None'
[1.205s] Level 5:colcon.colcon_core.verb:set package 'articubot_one' build argument 'cmake_target_skip_unavailable' from command line to 'False'
[1.205s] Level 5:colcon.colcon_core.verb:set package 'articubot_one' build argument 'cmake_clean_cache' from command line to 'False'
[1.205s] Level 5:colcon.colcon_core.verb:set package 'articubot_one' build argument 'cmake_clean_first' from command line to 'False'
[1.205s] Level 5:colcon.colcon_core.verb:set package 'articubot_one' build argument 'cmake_force_configure' from command line to 'False'
[1.205s] Level 5:colcon.colcon_core.verb:set package 'articubot_one' build argument 'ament_cmake_args' from command line to 'None'
[1.205s] Level 5:colcon.colcon_core.verb:set package 'articubot_one' build argument 'catkin_cmake_args' from command line to 'None'
[1.205s] Level 5:colcon.colcon_core.verb:set package 'articubot_one' build argument 'catkin_skip_building_tests' from command line to 'False'
[1.205s] DEBUG:colcon.colcon_core.verb:Building package 'articubot_one' with the following arguments: {'ament_cmake_args': None, 'build_base': '/home/forge/arti_ws/build/articubot_one', 'catkin_cmake_args': None, 'catkin_skip_building_tests': False, 'cmake_args': None, 'cmake_clean_cache': False, 'cmake_clean_first': False, 'cmake_force_configure': False, 'cmake_target': None, 'cmake_target_skip_unavailable': False, 'install_base': '/home/forge/arti_ws/install/articubot_one', 'merge_install': False, 'path': '/home/forge/arti_ws/src/articubot_one', 'symlink_install': True, 'test_result_base': None}
[1.206s] Level 5:colcon.colcon_core.verb:set package 'serial_motor_demo_msgs' build argument 'cmake_args' from command line to 'None'
[1.206s] Level 5:colcon.colcon_core.verb:set package 'serial_motor_demo_msgs' build argument 'cmake_target' from command line to 'None'
[1.206s] Level 5:colcon.colcon_core.verb:set package 'serial_motor_demo_msgs' build argument 'cmake_target_skip_unavailable' from command line to 'False'
[1.206s] Level 5:colcon.colcon_core.verb:set package 'serial_motor_demo_msgs' build argument 'cmake_clean_cache' from command line to 'False'
[1.206s] Level 5:colcon.colcon_core.verb:set package 'serial_motor_demo_msgs' build argument 'cmake_clean_first' from command line to 'False'
[1.206s] Level 5:colcon.colcon_core.verb:set package 'serial_motor_demo_msgs' build argument 'cmake_force_configure' from command line to 'False'
[1.206s] Level 5:colcon.colcon_core.verb:set package 'serial_motor_demo_msgs' build argument 'ament_cmake_args' from command line to 'None'
[1.206s] Level 5:colcon.colcon_core.verb:set package 'serial_motor_demo_msgs' build argument 'catkin_cmake_args' from command line to 'None'
[1.206s] Level 5:colcon.colcon_core.verb:set package 'serial_motor_demo_msgs' build argument 'catkin_skip_building_tests' from command line to 'False'
[1.206s] DEBUG:colcon.colcon_core.verb:Building package 'serial_motor_demo_msgs' with the following arguments: {'ament_cmake_args': None, 'build_base': '/home/forge/arti_ws/build/serial_motor_demo_msgs', 'catkin_cmake_args': None, 'catkin_skip_building_tests': False, 'cmake_args': None, 'cmake_clean_cache': False, 'cmake_clean_first': False, 'cmake_force_configure': False, 'cmake_target': None, 'cmake_target_skip_unavailable': False, 'install_base': '/home/forge/arti_ws/install/serial_motor_demo_msgs', 'merge_install': False, 'path': '/home/forge/arti_ws/src/serial_motor_demo/serial_motor_demo_msgs', 'symlink_install': True, 'test_result_base': None}
[1.207s] Level 5:colcon.colcon_core.verb:set package 'serial_motor_demo' build argument 'cmake_args' from command line to 'None'
[1.207s] Level 5:colcon.colcon_core.verb:set package 'serial_motor_demo' build argument 'cmake_target' from command line to 'None'
[1.207s] Level 5:colcon.colcon_core.verb:set package 'serial_motor_demo' build argument 'cmake_target_skip_unavailable' from command line to 'False'
[1.207s] Level 5:colcon.colcon_core.verb:set package 'serial_motor_demo' build argument 'cmake_clean_cache' from command line to 'False'
[1.207s] Level 5:colcon.colcon_core.verb:set package 'serial_motor_demo' build argument 'cmake_clean_first' from command line to 'False'
[1.207s] Level 5:colcon.colcon_core.verb:set package 'serial_motor_demo' build argument 'cmake_force_configure' from command line to 'False'
[1.207s] Level 5:colcon.colcon_core.verb:set package 'serial_motor_demo' build argument 'ament_cmake_args' from command line to 'None'
[1.207s] Level 5:colcon.colcon_core.verb:set package 'serial_motor_demo' build argument 'catkin_cmake_args' from command line to 'None'
[1.207s] Level 5:colcon.colcon_core.verb:set package 'serial_motor_demo' build argument 'catkin_skip_building_tests' from command line to 'False'
[1.207s] DEBUG:colcon.colcon_core.verb:Building package 'serial_motor_demo' with the following arguments: {'ament_cmake_args': None, 'build_base': '/home/forge/arti_ws/build/serial_motor_demo', 'catkin_cmake_args': None, 'catkin_skip_building_tests': False, 'cmake_args': None, 'cmake_clean_cache': False, 'cmake_clean_first': False, 'cmake_force_configure': False, 'cmake_target': None, 'cmake_target_skip_unavailable': False, 'install_base': '/home/forge/arti_ws/install/serial_motor_demo', 'merge_install': False, 'path': '/home/forge/arti_ws/src/serial_motor_demo/serial_motor_demo', 'symlink_install': True, 'test_result_base': None}
[1.207s] INFO:colcon.colcon_core.executor:Executing jobs using 'parallel' executor
[1.209s] DEBUG:colcon.colcon_parallel_executor.executor.parallel:run_until_complete
[1.211s] INFO:colcon.colcon_ros.task.ament_cmake.build:Building ROS package in '/home/forge/arti_ws/src/serial_motor_demo/serial_motor_demo_msgs' with build type 'ament_cmake'
[1.212s] INFO:colcon.colcon_cmake.task.cmake.build:Building CMake package in '/home/forge/arti_ws/src/serial_motor_demo/serial_motor_demo_msgs'
[1.220s] INFO:colcon.colcon_core.plugin_system:Skipping extension 'colcon_core.shell.bat': Not used on non-Windows systems
[1.220s] INFO:colcon.colcon_core.shell:Skip shell extension 'powershell' for command environment: Not usable outside of PowerShell
[1.221s] DEBUG:colcon.colcon_core.shell:Skip shell extension 'dsv' for command environment
[1.234s] INFO:colcon.colcon_ros.task.ament_cmake.build:Building ROS package in '/home/forge/arti_ws/src/articubot_one' with build type 'ament_cmake'
[1.235s] INFO:colcon.colcon_cmake.task.cmake.build:Building CMake package in '/home/forge/arti_ws/src/articubot_one'
[1.236s] INFO:colcon.colcon_core.shell:Skip shell extension 'powershell' for command environment: Not usable outside of PowerShell
[1.236s] DEBUG:colcon.colcon_core.shell:Skip shell extension 'dsv' for command environment
[1.274s] DEBUG:colcon.colcon_core.event_handler.log_command:Invoking command in '/home/forge/arti_ws/build/serial_motor_demo_msgs': CMAKE_PREFIX_PATH=${CMAKE_PREFIX_PATH}:/home/forge/arti_ws/install/serial_motor_demo:/opt/ros/foxy /usr/bin/cmake /home/forge/arti_ws/src/serial_motor_demo/serial_motor_demo_msgs -DAMENT_CMAKE_SYMLINK_INSTALL=1 -DCMAKE_INSTALL_PREFIX=/home/forge/arti_ws/install/serial_motor_demo_msgs
[1.289s] DEBUG:colcon.colcon_core.event_handler.log_command:Invoking command in '/home/forge/arti_ws/build/articubot_one': CMAKE_PREFIX_PATH=${CMAKE_PREFIX_PATH}:/home/forge/arti_ws/install/serial_motor_demo:/opt/ros/foxy /usr/bin/cmake --build /home/forge/arti_ws/build/articubot_one -- -j8 -l8
[1.390s] DEBUG:colcon.colcon_core.event_handler.log_command:Invoked command in '/home/forge/arti_ws/build/articubot_one' returned '0': CMAKE_PREFIX_PATH=${CMAKE_PREFIX_PATH}:/home/forge/arti_ws/install/serial_motor_demo:/opt/ros/foxy /usr/bin/cmake --build /home/forge/arti_ws/build/articubot_one -- -j8 -l8
[1.488s] DEBUG:colcon.colcon_core.event_handler.log_command:Invoking command in '/home/forge/arti_ws/build/articubot_one': CMAKE_PREFIX_PATH=${CMAKE_PREFIX_PATH}:/home/forge/arti_ws/install/serial_motor_demo:/opt/ros/foxy /usr/bin/cmake --install /home/forge/arti_ws/build/articubot_one
[1.630s] Level 1:colcon.colcon_core.environment:create_environment_scripts_only(articubot_one)
[1.636s] DEBUG:colcon.colcon_core.event_handler.log_command:Invoked command in '/home/forge/arti_ws/build/articubot_one' returned '0': CMAKE_PREFIX_PATH=${CMAKE_PREFIX_PATH}:/home/forge/arti_ws/install/serial_motor_demo:/opt/ros/foxy /usr/bin/cmake --install /home/forge/arti_ws/build/articubot_one
[1.639s] Level 1:colcon.colcon_core.environment:checking '/home/forge/arti_ws/install/articubot_one' for CMake module files
[1.639s] Level 1:colcon.colcon_core.environment:checking '/home/forge/arti_ws/install/articubot_one' for CMake config files
[1.640s] Level 1:colcon.colcon_core.shell:create_environment_hook('articubot_one', 'cmake_prefix_path')
[1.640s] INFO:colcon.colcon_core.shell:Creating environment hook '/home/forge/arti_ws/install/articubot_one/share/articubot_one/hook/cmake_prefix_path.ps1'
[1.656s] INFO:colcon.colcon_core.shell:Creating environment descriptor '/home/forge/arti_ws/install/articubot_one/share/articubot_one/hook/cmake_prefix_path.dsv'
[1.667s] INFO:colcon.colcon_core.shell:Creating environment hook '/home/forge/arti_ws/install/articubot_one/share/articubot_one/hook/cmake_prefix_path.sh'
[1.670s] Level 1:colcon.colcon_core.environment:checking '/home/forge/arti_ws/install/articubot_one/bin'
[1.670s] Level 1:colcon.colcon_core.environment:checking '/home/forge/arti_ws/install/articubot_one/lib/pkgconfig/articubot_one.pc'
[1.671s] Level 1:colcon.colcon_core.environment:checking '/home/forge/arti_ws/install/articubot_one/lib/python3.8/site-packages'
[1.671s] Level 1:colcon.colcon_core.environment:checking '/home/forge/arti_ws/install/articubot_one/bin'
[1.672s] INFO:colcon.colcon_core.shell:Creating package script '/home/forge/arti_ws/install/articubot_one/share/articubot_one/package.ps1'
[1.673s] INFO:colcon.colcon_core.shell:Creating package descriptor '/home/forge/arti_ws/install/articubot_one/share/articubot_one/package.dsv'
[1.674s] INFO:colcon.colcon_core.shell:Creating package script '/home/forge/arti_ws/install/articubot_one/share/articubot_one/package.sh'
[1.675s] INFO:colcon.colcon_core.shell:Creating package script '/home/forge/arti_ws/install/articubot_one/share/articubot_one/package.bash'
[1.676s] INFO:colcon.colcon_core.shell:Creating package script '/home/forge/arti_ws/install/articubot_one/share/articubot_one/package.zsh'
[1.679s] Level 1:colcon.colcon_core.environment:create_file_with_runtime_dependencies(/home/forge/arti_ws/install/articubot_one/share/colcon-core/packages/articubot_one)
[1.732s] Level 1:colcon.colcon_core.environment:create_environment_scripts_only(articubot_one)
[1.733s] Level 1:colcon.colcon_core.environment:checking '/home/forge/arti_ws/install/articubot_one' for CMake module files
[1.734s] Level 1:colcon.colcon_core.environment:checking '/home/forge/arti_ws/install/articubot_one' for CMake config files
[1.735s] Level 1:colcon.colcon_core.shell:create_environment_hook('articubot_one', 'cmake_prefix_path')
[1.736s] INFO:colcon.colcon_core.shell:Creating environment hook '/home/forge/arti_ws/install/articubot_one/share/articubot_one/hook/cmake_prefix_path.ps1'
[1.738s] INFO:colcon.colcon_core.shell:Creating environment descriptor '/home/forge/arti_ws/install/articubot_one/share/articubot_one/hook/cmake_prefix_path.dsv'
[1.739s] INFO:colcon.colcon_core.shell:Creating environment hook '/home/forge/arti_ws/install/articubot_one/share/articubot_one/hook/cmake_prefix_path.sh'
[1.740s] Level 1:colcon.colcon_core.environment:checking '/home/forge/arti_ws/install/articubot_one/bin'
[1.740s] Level 1:colcon.colcon_core.environment:checking '/home/forge/arti_ws/install/articubot_one/lib/pkgconfig/articubot_one.pc'
[1.741s] Level 1:colcon.colcon_core.environment:checking '/home/forge/arti_ws/install/articubot_one/lib/python3.8/site-packages'
[1.741s] Level 1:colcon.colcon_core.environment:checking '/home/forge/arti_ws/install/articubot_one/bin'
[1.742s] INFO:colcon.colcon_core.shell:Creating package script '/home/forge/arti_ws/install/articubot_one/share/articubot_one/package.ps1'
[1.743s] INFO:colcon.colcon_core.shell:Creating package descriptor '/home/forge/arti_ws/install/articubot_one/share/articubot_one/package.dsv'
[1.743s] INFO:colcon.colcon_core.shell:Creating package script '/home/forge/arti_ws/install/articubot_one/share/articubot_one/package.sh'
[1.744s] INFO:colcon.colcon_core.shell:Creating package script '/home/forge/arti_ws/install/articubot_one/share/articubot_one/package.bash'
[1.744s] INFO:colcon.colcon_core.shell:Creating package script '/home/forge/arti_ws/install/articubot_one/share/articubot_one/package.zsh'
[1.745s] Level 1:colcon.colcon_core.environment:create_file_with_runtime_dependencies(/home/forge/arti_ws/install/articubot_one/share/colcon-core/packages/articubot_one)
[6.873s] DEBUG:colcon.colcon_core.event_handler.log_command:Invoked command in '/home/forge/arti_ws/build/serial_motor_demo_msgs' returned '0': CMAKE_PREFIX_PATH=${CMAKE_PREFIX_PATH}:/home/forge/arti_ws/install/serial_motor_demo:/opt/ros/foxy /usr/bin/cmake /home/forge/arti_ws/src/serial_motor_demo/serial_motor_demo_msgs -DAMENT_CMAKE_SYMLINK_INSTALL=1 -DCMAKE_INSTALL_PREFIX=/home/forge/arti_ws/install/serial_motor_demo_msgs
[6.874s] DEBUG:colcon.colcon_core.event_handler.log_command:Invoking command in '/home/forge/arti_ws/build/serial_motor_demo_msgs': CMAKE_PREFIX_PATH=${CMAKE_PREFIX_PATH}:/home/forge/arti_ws/install/serial_motor_demo:/opt/ros/foxy /usr/bin/cmake --build /home/forge/arti_ws/build/serial_motor_demo_msgs -- -j8 -l8
[29.743s] DEBUG:colcon.colcon_core.event_handler.log_command:Invoked command in '/home/forge/arti_ws/build/serial_motor_demo_msgs' returned '0': CMAKE_PREFIX_PATH=${CMAKE_PREFIX_PATH}:/home/forge/arti_ws/install/serial_motor_demo:/opt/ros/foxy /usr/bin/cmake --build /home/forge/arti_ws/build/serial_motor_demo_msgs -- -j8 -l8
[29.947s] DEBUG:colcon.colcon_core.event_handler.log_command:Invoking command in '/home/forge/arti_ws/build/serial_motor_demo_msgs': CMAKE_PREFIX_PATH=${CMAKE_PREFIX_PATH}:/home/forge/arti_ws/install/serial_motor_demo:/opt/ros/foxy /usr/bin/cmake --install /home/forge/arti_ws/build/serial_motor_demo_msgs
[31.886s] Level 1:colcon.colcon_core.environment:create_environment_scripts_only(serial_motor_demo_msgs)
[31.887s] Level 1:colcon.colcon_core.environment:checking '/home/forge/arti_ws/install/serial_motor_demo_msgs' for CMake module files
[31.888s] Level 1:colcon.colcon_core.environment:checking '/home/forge/arti_ws/install/serial_motor_demo_msgs' for CMake config files
[31.889s] Level 1:colcon.colcon_core.shell:create_environment_hook('serial_motor_demo_msgs', 'cmake_prefix_path')
[31.890s] INFO:colcon.colcon_core.shell:Creating environment hook '/home/forge/arti_ws/install/serial_motor_demo_msgs/share/serial_motor_demo_msgs/hook/cmake_prefix_path.ps1'
[31.893s] INFO:colcon.colcon_core.shell:Creating environment descriptor '/home/forge/arti_ws/install/serial_motor_demo_msgs/share/serial_motor_demo_msgs/hook/cmake_prefix_path.dsv'
[31.893s] INFO:colcon.colcon_core.shell:Creating environment hook '/home/forge/arti_ws/install/serial_motor_demo_msgs/share/serial_motor_demo_msgs/hook/cmake_prefix_path.sh'
[31.896s] Level 1:colcon.colcon_core.environment:checking '/home/forge/arti_ws/install/serial_motor_demo_msgs/lib'
[31.897s] Level 1:colcon.colcon_core.shell:create_environment_hook('serial_motor_demo_msgs', 'ld_library_path_lib')
[31.898s] INFO:colcon.colcon_core.shell:Creating environment hook '/home/forge/arti_ws/install/serial_motor_demo_msgs/share/serial_motor_demo_msgs/hook/ld_library_path_lib.ps1'
[31.899s] INFO:colcon.colcon_core.shell:Creating environment descriptor '/home/forge/arti_ws/install/serial_motor_demo_msgs/share/serial_motor_demo_msgs/hook/ld_library_path_lib.dsv'
[31.900s] INFO:colcon.colcon_core.shell:Creating environment hook '/home/forge/arti_ws/install/serial_motor_demo_msgs/share/serial_motor_demo_msgs/hook/ld_library_path_lib.sh'
[31.902s] Level 1:colcon.colcon_core.environment:checking '/home/forge/arti_ws/install/serial_motor_demo_msgs/bin'
[31.914s] Level 1:colcon.colcon_core.environment:checking '/home/forge/arti_ws/install/serial_motor_demo_msgs/lib/pkgconfig/serial_motor_demo_msgs.pc'
[31.915s] Level 1:colcon.colcon_core.environment:checking '/home/forge/arti_ws/install/serial_motor_demo_msgs/lib/python3.8/site-packages'
[31.915s] Level 1:colcon.colcon_core.shell:create_environment_hook('serial_motor_demo_msgs', 'pythonpath')
[31.915s] INFO:colcon.colcon_core.shell:Creating environment hook '/home/forge/arti_ws/install/serial_motor_demo_msgs/share/serial_motor_demo_msgs/hook/pythonpath.ps1'
[31.916s] INFO:colcon.colcon_core.shell:Creating environment descriptor '/home/forge/arti_ws/install/serial_motor_demo_msgs/share/serial_motor_demo_msgs/hook/pythonpath.dsv'
[31.916s] INFO:colcon.colcon_core.shell:Creating environment hook '/home/forge/arti_ws/install/serial_motor_demo_msgs/share/serial_motor_demo_msgs/hook/pythonpath.sh'
[31.917s] Level 1:colcon.colcon_core.environment:checking '/home/forge/arti_ws/install/serial_motor_demo_msgs/bin'
[31.918s] INFO:colcon.colcon_core.shell:Creating package script '/home/forge/arti_ws/install/serial_motor_demo_msgs/share/serial_motor_demo_msgs/package.ps1'
[31.914s] DEBUG:colcon.colcon_core.event_handler.log_command:Invoked command in '/home/forge/arti_ws/build/serial_motor_demo_msgs' returned '0': CMAKE_PREFIX_PATH=${CMAKE_PREFIX_PATH}:/home/forge/arti_ws/install/serial_motor_demo:/opt/ros/foxy /usr/bin/cmake --install /home/forge/arti_ws/build/serial_motor_demo_msgs
[31.921s] INFO:colcon.colcon_core.shell:Creating package descriptor '/home/forge/arti_ws/install/serial_motor_demo_msgs/share/serial_motor_demo_msgs/package.dsv'
[31.927s] INFO:colcon.colcon_core.shell:Creating package script '/home/forge/arti_ws/install/serial_motor_demo_msgs/share/serial_motor_demo_msgs/package.sh'
[31.929s] INFO:colcon.colcon_core.shell:Creating package script '/home/forge/arti_ws/install/serial_motor_demo_msgs/share/serial_motor_demo_msgs/package.bash'
[31.930s] INFO:colcon.colcon_core.shell:Creating package script '/home/forge/arti_ws/install/serial_motor_demo_msgs/share/serial_motor_demo_msgs/package.zsh'
[31.931s] Level 1:colcon.colcon_core.environment:create_file_with_runtime_dependencies(/home/forge/arti_ws/install/serial_motor_demo_msgs/share/colcon-core/packages/serial_motor_demo_msgs)
[32.203s] Level 1:colcon.colcon_core.environment:create_environment_scripts_only(serial_motor_demo_msgs)
[32.204s] Level 1:colcon.colcon_core.environment:checking '/home/forge/arti_ws/install/serial_motor_demo_msgs' for CMake module files
[32.205s] Level 1:colcon.colcon_core.environment:checking '/home/forge/arti_ws/install/serial_motor_demo_msgs' for CMake config files
[32.205s] Level 1:colcon.colcon_core.shell:create_environment_hook('serial_motor_demo_msgs', 'cmake_prefix_path')
[32.205s] INFO:colcon.colcon_core.shell:Creating environment hook '/home/forge/arti_ws/install/serial_motor_demo_msgs/share/serial_motor_demo_msgs/hook/cmake_prefix_path.ps1'
[32.206s] INFO:colcon.colcon_core.shell:Creating environment descriptor '/home/forge/arti_ws/install/serial_motor_demo_msgs/share/serial_motor_demo_msgs/hook/cmake_prefix_path.dsv'
[32.206s] INFO:colcon.colcon_core.shell:Creating environment hook '/home/forge/arti_ws/install/serial_motor_demo_msgs/share/serial_motor_demo_msgs/hook/cmake_prefix_path.sh'
[32.207s] Level 1:colcon.colcon_core.environment:checking '/home/forge/arti_ws/install/serial_motor_demo_msgs/lib'
[32.207s] Level 1:colcon.colcon_core.shell:create_environment_hook('serial_motor_demo_msgs', 'ld_library_path_lib')
[32.208s] INFO:colcon.colcon_core.shell:Creating environment hook '/home/forge/arti_ws/install/serial_motor_demo_msgs/share/serial_motor_demo_msgs/hook/ld_library_path_lib.ps1'
[32.209s] INFO:colcon.colcon_core.shell:Creating environment descriptor '/home/forge/arti_ws/install/serial_motor_demo_msgs/share/serial_motor_demo_msgs/hook/ld_library_path_lib.dsv'
[32.209s] INFO:colcon.colcon_core.shell:Creating environment hook '/home/forge/arti_ws/install/serial_motor_demo_msgs/share/serial_motor_demo_msgs/hook/ld_library_path_lib.sh'
[32.209s] Level 1:colcon.colcon_core.environment:checking '/home/forge/arti_ws/install/serial_motor_demo_msgs/bin'
[32.209s] Level 1:colcon.colcon_core.environment:checking '/home/forge/arti_ws/install/serial_motor_demo_msgs/lib/pkgconfig/serial_motor_demo_msgs.pc'
[32.210s] Level 1:colcon.colcon_core.environment:checking '/home/forge/arti_ws/install/serial_motor_demo_msgs/lib/python3.8/site-packages'
[32.210s] Level 1:colcon.colcon_core.shell:create_environment_hook('serial_motor_demo_msgs', 'pythonpath')
[32.210s] INFO:colcon.colcon_core.shell:Creating environment hook '/home/forge/arti_ws/install/serial_motor_demo_msgs/share/serial_motor_demo_msgs/hook/pythonpath.ps1'
[32.211s] INFO:colcon.colcon_core.shell:Creating environment descriptor '/home/forge/arti_ws/install/serial_motor_demo_msgs/share/serial_motor_demo_msgs/hook/pythonpath.dsv'
[32.212s] INFO:colcon.colcon_core.shell:Creating environment hook '/home/forge/arti_ws/install/serial_motor_demo_msgs/share/serial_motor_demo_msgs/hook/pythonpath.sh'
[32.213s] Level 1:colcon.colcon_core.environment:checking '/home/forge/arti_ws/install/serial_motor_demo_msgs/bin'
[32.214s] INFO:colcon.colcon_core.shell:Creating package script '/home/forge/arti_ws/install/serial_motor_demo_msgs/share/serial_motor_demo_msgs/package.ps1'
[32.217s] INFO:colcon.colcon_core.shell:Creating package descriptor '/home/forge/arti_ws/install/serial_motor_demo_msgs/share/serial_motor_demo_msgs/package.dsv'
[32.220s] INFO:colcon.colcon_core.shell:Creating package script '/home/forge/arti_ws/install/serial_motor_demo_msgs/share/serial_motor_demo_msgs/package.sh'
[32.222s] INFO:colcon.colcon_core.shell:Creating package script '/home/forge/arti_ws/install/serial_motor_demo_msgs/share/serial_motor_demo_msgs/package.bash'
[32.223s] INFO:colcon.colcon_core.shell:Creating package script '/home/forge/arti_ws/install/serial_motor_demo_msgs/share/serial_motor_demo_msgs/package.zsh'
[32.224s] Level 1:colcon.colcon_core.environment:create_file_with_runtime_dependencies(/home/forge/arti_ws/install/serial_motor_demo_msgs/share/colcon-core/packages/serial_motor_demo_msgs)
[32.226s] INFO:colcon.colcon_ros.task.ament_python.build:Building ROS package in '/home/forge/arti_ws/src/serial_motor_demo/serial_motor_demo' with build type 'ament_python'
[32.227s] Level 1:colcon.colcon_core.shell:create_environment_hook('serial_motor_demo', 'ament_prefix_path')
[32.228s] INFO:colcon.colcon_core.shell:Creating environment hook '/home/forge/arti_ws/install/serial_motor_demo/share/serial_motor_demo/hook/ament_prefix_path.ps1'
[32.230s] INFO:colcon.colcon_core.shell:Creating environment descriptor '/home/forge/arti_ws/install/serial_motor_demo/share/serial_motor_demo/hook/ament_prefix_path.dsv'
[32.230s] INFO:colcon.colcon_core.shell:Creating environment hook '/home/forge/arti_ws/install/serial_motor_demo/share/serial_motor_demo/hook/ament_prefix_path.sh'
[32.231s] INFO:colcon.colcon_core.shell:Skip shell extension 'powershell' for command environment: Not usable outside of PowerShell
[32.231s] DEBUG:colcon.colcon_core.shell:Skip shell extension 'dsv' for command environment
[32.833s] INFO:colcon.colcon_core.task.python.build:Building Python package in '/home/forge/arti_ws/src/serial_motor_demo/serial_motor_demo'
[32.834s] INFO:colcon.colcon_core.shell:Skip shell extension 'powershell' for command environment: Not usable outside of PowerShell
[32.834s] DEBUG:colcon.colcon_core.shell:Skip shell extension 'dsv' for command environment
[34.315s] DEBUG:colcon.colcon_core.event_handler.log_command:Invoking command in '/home/forge/arti_ws/build/serial_motor_demo': LD_LIBRARY_PATH=/home/forge/arti_ws/install/serial_motor_demo_msgs/lib:/usr/lib/x86_64-linux-gnu/:/usr/lib/x86_64-linux-gnu/gazebo-11/plugins:/opt/ros/foxy/opt/yaml_cpp_vendor/lib:/opt/ros/foxy/opt/rviz_ogre_vendor/lib:/opt/ros/foxy/lib/x86_64-linux-gnu:/opt/ros/foxy/lib PYTHONPATH=/home/forge/arti_ws/build/serial_motor_demo/prefix_override:/home/forge/arti_ws/install/serial_motor_demo/lib/python3.8/site-packages:/home/forge/arti_ws/install/serial_motor_demo_msgs/lib/python3.8/site-packages:/home/forge/arti_ws/install/serial_motor_demo/lib/python3.8/site-packages:/opt/ros/foxy/lib/python3.8/site-packages /usr/bin/python3 -W ignore:setup.py install is deprecated setup.py develop --editable --build-directory /home/forge/arti_ws/build/serial_motor_demo/build --no-deps symlink_data
[35.510s] Level 1:colcon.colcon_core.shell:create_environment_hook('serial_motor_demo', 'pythonpath_develop')
[35.513s] INFO:colcon.colcon_core.shell:Creating environment hook '/home/forge/arti_ws/build/serial_motor_demo/share/serial_motor_demo/hook/pythonpath_develop.ps1'
[35.515s] INFO:colcon.colcon_core.shell:Creating environment descriptor '/home/forge/arti_ws/build/serial_motor_demo/share/serial_motor_demo/hook/pythonpath_develop.dsv'
[35.517s] INFO:colcon.colcon_core.shell:Creating environment hook '/home/forge/arti_ws/build/serial_motor_demo/share/serial_motor_demo/hook/pythonpath_develop.sh'
[35.518s] Level 1:colcon.colcon_core.environment:checking '/home/forge/arti_ws/install/serial_motor_demo' for CMake module files
[35.518s] Level 1:colcon.colcon_core.environment:checking '/home/forge/arti_ws/install/serial_motor_demo' for CMake config files
[35.516s] DEBUG:colcon.colcon_core.event_handler.log_command:Invoked command in '/home/forge/arti_ws/build/serial_motor_demo' returned '0': LD_LIBRARY_PATH=/home/forge/arti_ws/install/serial_motor_demo_msgs/lib:/usr/lib/x86_64-linux-gnu/:/usr/lib/x86_64-linux-gnu/gazebo-11/plugins:/opt/ros/foxy/opt/yaml_cpp_vendor/lib:/opt/ros/foxy/opt/rviz_ogre_vendor/lib:/opt/ros/foxy/lib/x86_64-linux-gnu:/opt/ros/foxy/lib PYTHONPATH=/home/forge/arti_ws/build/serial_motor_demo/prefix_override:/home/forge/arti_ws/install/serial_motor_demo/lib/python3.8/site-packages:/home/forge/arti_ws/install/serial_motor_demo_msgs/lib/python3.8/site-packages:/home/forge/arti_ws/install/serial_motor_demo/lib/python3.8/site-packages:/opt/ros/foxy/lib/python3.8/site-packages /usr/bin/python3 -W ignore:setup.py install is deprecated setup.py develop --editable --build-directory /home/forge/arti_ws/build/serial_motor_demo/build --no-deps symlink_data
[35.519s] Level 1:colcon.colcon_core.environment:checking '/home/forge/arti_ws/install/serial_motor_demo/lib'
[35.520s] Level 1:colcon.colcon_core.environment:checking '/home/forge/arti_ws/install/serial_motor_demo/bin'
[35.520s] Level 1:colcon.colcon_core.environment:checking '/home/forge/arti_ws/install/serial_motor_demo/lib/pkgconfig/serial_motor_demo.pc'
[35.520s] Level 1:colcon.colcon_core.environment:checking '/home/forge/arti_ws/install/serial_motor_demo/lib/python3.8/site-packages'
[35.521s] Level 1:colcon.colcon_core.shell:create_environment_hook('serial_motor_demo', 'pythonpath')
[35.521s] INFO:colcon.colcon_core.shell:Creating environment hook '/home/forge/arti_ws/install/serial_motor_demo/share/serial_motor_demo/hook/pythonpath.ps1'
[35.522s] INFO:colcon.colcon_core.shell:Creating environment descriptor '/home/forge/arti_ws/install/serial_motor_demo/share/serial_motor_demo/hook/pythonpath.dsv'
[35.522s] INFO:colcon.colcon_core.shell:Creating environment hook '/home/forge/arti_ws/install/serial_motor_demo/share/serial_motor_demo/hook/pythonpath.sh'
[35.523s] Level 1:colcon.colcon_core.environment:checking '/home/forge/arti_ws/install/serial_motor_demo/bin'
[35.523s] Level 1:colcon.colcon_core.environment:create_environment_scripts_only(serial_motor_demo)
[35.523s] INFO:colcon.colcon_core.shell:Creating package script '/home/forge/arti_ws/install/serial_motor_demo/share/serial_motor_demo/package.ps1'
[35.524s] INFO:colcon.colcon_core.shell:Creating package descriptor '/home/forge/arti_ws/install/serial_motor_demo/share/serial_motor_demo/package.dsv'
[35.525s] INFO:colcon.colcon_core.shell:Creating package script '/home/forge/arti_ws/install/serial_motor_demo/share/serial_motor_demo/package.sh'
[35.525s] INFO:colcon.colcon_core.shell:Creating package script '/home/forge/arti_ws/install/serial_motor_demo/share/serial_motor_demo/package.bash'
[35.526s] INFO:colcon.colcon_core.shell:Creating package script '/home/forge/arti_ws/install/serial_motor_demo/share/serial_motor_demo/package.zsh'
[35.526s] Level 1:colcon.colcon_core.environment:create_file_with_runtime_dependencies(/home/forge/arti_ws/install/serial_motor_demo/share/colcon-core/packages/serial_motor_demo)
[35.527s] DEBUG:colcon.colcon_parallel_executor.executor.parallel:closing loop
[35.528s] DEBUG:colcon.colcon_parallel_executor.executor.parallel:loop closed
[35.528s] DEBUG:colcon.colcon_parallel_executor.executor.parallel:run_until_complete finished with '0'
[35.528s] DEBUG:colcon.colcon_core.event_reactor:joining thread
[35.540s] INFO:colcon.colcon_core.plugin_system:Skipping extension 'colcon_notification.desktop_notification.terminal_notifier': Not used on non-Darwin systems
[35.540s] INFO:colcon.colcon_core.plugin_system:Skipping extension 'colcon_notification.desktop_notification.win32': Not used on non-Windows systems
[35.541s] INFO:colcon.colcon_notification.desktop_notification:Sending desktop notification using 'notify2'
[35.569s] DEBUG:colcon.colcon_core.event_reactor:joined thread
[35.570s] INFO:colcon.colcon_core.shell:Creating prefix script '/home/forge/arti_ws/install/local_setup.ps1'
[35.571s] INFO:colcon.colcon_core.shell:Creating prefix util module '/home/forge/arti_ws/install/_local_setup_util_ps1.py'
[35.574s] INFO:colcon.colcon_core.shell:Creating prefix chain script '/home/forge/arti_ws/install/setup.ps1'
[35.576s] INFO:colcon.colcon_core.shell:Creating prefix script '/home/forge/arti_ws/install/local_setup.sh'
[35.577s] INFO:colcon.colcon_core.shell:Creating prefix util module '/home/forge/arti_ws/install/_local_setup_util_sh.py'
[35.578s] INFO:colcon.colcon_core.shell:Creating prefix chain script '/home/forge/arti_ws/install/setup.sh'
[35.586s] INFO:colcon.colcon_core.shell:Creating prefix script '/home/forge/arti_ws/install/local_setup.bash'
[35.589s] INFO:colcon.colcon_core.shell:Creating prefix chain script '/home/forge/arti_ws/install/setup.bash'
[35.593s] INFO:colcon.colcon_core.shell:Creating prefix script '/home/forge/arti_ws/install/local_setup.zsh'
[35.595s] INFO:colcon.colcon_core.shell:Creating prefix chain script '/home/forge/arti_ws/install/setup.zsh'
