[0.169s] DEBUG:colcon:Command line arguments: ['/usr/bin/colcon', 'build']
[0.169s] DEBUG:colcon:Parsed command line arguments: Namespace(allow_overriding=[], ament_cmake_args=None, base_paths=['.'], build_base='build', catkin_cmake_args=None, catkin_skip_building_tests=False, cmake_args=None, cmake_clean_cache=False, cmake_clean_first=False, cmake_force_configure=False, cmake_target=None, cmake_target_skip_unavailable=False, continue_on_error=False, event_handlers=None, executor='parallel', ignore_user_meta=False, install_base='install', log_base=None, log_level=None, main=<bound method BuildVerb.main of <colcon_core.verb.build.BuildVerb object at 0x7fc08664b0a0>>, merge_install=False, metas=['./colcon.meta'], packages_above=None, packages_above_and_dependencies=None, packages_above_depth=None, packages_end=None, packages_ignore=None, packages_ignore_regex=None, packages_select=None, packages_select_build_failed=False, packages_select_by_dep=None, packages_select_regex=None, packages_select_test_failures=False, packages_skip=None, packages_skip_build_finished=False, packages_skip_by_dep=None, packages_skip_regex=None, packages_skip_test_passed=False, packages_skip_up_to=None, packages_start=None, packages_up_to=None, packages_up_to_regex=None, parallel_workers=8, paths=None, symlink_install=False, test_result_base=None, verb_extension=<colcon_core.verb.build.BuildVerb object at 0x7fc08664b0a0>, verb_name='build', verb_parser=<colcon_defaults.argument_parser.defaults.DefaultArgumentsDecorator object at 0x7fc08649cdc0>)
[0.306s] Level 1:colcon.colcon_core.package_discovery:discover_packages(colcon_meta) check parameters
[0.306s] Level 1:colcon.colcon_core.package_discovery:discover_packages(recursive) check parameters
[0.306s] Level 1:colcon.colcon_core.package_discovery:discover_packages(ignore) check parameters
[0.306s] Level 1:colcon.colcon_core.package_discovery:discover_packages(path) check parameters
[0.306s] Level 1:colcon.colcon_core.package_discovery:discover_packages(colcon_meta) discover
[0.307s] Level 1:colcon.colcon_core.package_discovery:discover_packages(recursive) discover
[0.307s] INFO:colcon.colcon_core.package_discovery:Crawling recursively for packages in '/home/forge/arti_ws'
[0.307s] Level 1:colcon.colcon_core.package_identification:_identify(.) by extensions ['ignore', 'ignore_ament_install']
[0.307s] Level 1:colcon.colcon_core.package_identification:_identify(.) by extension 'ignore'
[0.307s] Level 1:colcon.colcon_core.package_identification:_identify(.) by extension 'ignore_ament_install'
[0.307s] Level 1:colcon.colcon_core.package_identification:_identify(.) by extensions ['colcon_pkg']
[0.307s] Level 1:colcon.colcon_core.package_identification:_identify(.) by extension 'colcon_pkg'
[0.307s] Level 1:colcon.colcon_core.package_identification:_identify(.) by extensions ['colcon_meta']
[0.307s] Level 1:colcon.colcon_core.package_identification:_identify(.) by extension 'colcon_meta'
[0.307s] Level 1:colcon.colcon_core.package_identification:_identify(.) by extensions ['ros']
[0.307s] Level 1:colcon.colcon_core.package_identification:_identify(.) by extension 'ros'
[0.317s] Level 1:colcon.colcon_core.package_identification:_identify(.) by extensions ['cmake', 'python']
[0.317s] Level 1:colcon.colcon_core.package_identification:_identify(.) by extension 'cmake'
[0.317s] Level 1:colcon.colcon_core.package_identification:_identify(.) by extension 'python'
[0.317s] Level 1:colcon.colcon_core.package_identification:_identify(.) by extensions ['python_setup_py']
[0.317s] Level 1:colcon.colcon_core.package_identification:_identify(.) by extension 'python_setup_py'
[0.317s] Level 1:colcon.colcon_core.package_identification:_identify(build) by extensions ['ignore', 'ignore_ament_install']
[0.317s] Level 1:colcon.colcon_core.package_identification:_identify(build) by extension 'ignore'
[0.317s] Level 1:colcon.colcon_core.package_identification:_identify(build) ignored
[0.317s] Level 1:colcon.colcon_core.package_identification:_identify(install) by extensions ['ignore', 'ignore_ament_install']
[0.317s] Level 1:colcon.colcon_core.package_identification:_identify(install) by extension 'ignore'
[0.317s] Level 1:colcon.colcon_core.package_identification:_identify(install) ignored
[0.317s] Level 1:colcon.colcon_core.package_identification:_identify(log) by extensions ['ignore', 'ignore_ament_install']
[0.317s] Level 1:colcon.colcon_core.package_identification:_identify(log) by extension 'ignore'
[0.317s] Level 1:colcon.colcon_core.package_identification:_identify(log) ignored
[0.318s] Level 1:colcon.colcon_core.package_identification:_identify(serial_motor_demo) by extensions ['ignore', 'ignore_ament_install']
[0.318s] Level 1:colcon.colcon_core.package_identification:_identify(serial_motor_demo) by extension 'ignore'
[0.318s] Level 1:colcon.colcon_core.package_identification:_identify(serial_motor_demo) by extension 'ignore_ament_install'
[0.318s] Level 1:colcon.colcon_core.package_identification:_identify(serial_motor_demo) by extensions ['colcon_pkg']
[0.318s] Level 1:colcon.colcon_core.package_identification:_identify(serial_motor_demo) by extension 'colcon_pkg'
[0.318s] Level 1:colcon.colcon_core.package_identification:_identify(serial_motor_demo) by extensions ['colcon_meta']
[0.318s] Level 1:colcon.colcon_core.package_identification:_identify(serial_motor_demo) by extension 'colcon_meta'
[0.318s] Level 1:colcon.colcon_core.package_identification:_identify(serial_motor_demo) by extensions ['ros']
[0.318s] Level 1:colcon.colcon_core.package_identification:_identify(serial_motor_demo) by extension 'ros'
[0.318s] Level 1:colcon.colcon_core.package_identification:_identify(serial_motor_demo) by extensions ['cmake', 'python']
[0.318s] Level 1:colcon.colcon_core.package_identification:_identify(serial_motor_demo) by extension 'cmake'
[0.318s] Level 1:colcon.colcon_core.package_identification:_identify(serial_motor_demo) by extension 'python'
[0.318s] Level 1:colcon.colcon_core.package_identification:_identify(serial_motor_demo) by extensions ['python_setup_py']
[0.318s] Level 1:colcon.colcon_core.package_identification:_identify(serial_motor_demo) by extension 'python_setup_py'
[0.318s] Level 1:colcon.colcon_core.package_identification:_identify(serial_motor_demo/serial_motor_demo) by extensions ['ignore', 'ignore_ament_install']
[0.318s] Level 1:colcon.colcon_core.package_identification:_identify(serial_motor_demo/serial_motor_demo) by extension 'ignore'
[0.318s] Level 1:colcon.colcon_core.package_identification:_identify(serial_motor_demo/serial_motor_demo) by extension 'ignore_ament_install'
[0.318s] Level 1:colcon.colcon_core.package_identification:_identify(serial_motor_demo/serial_motor_demo) by extensions ['colcon_pkg']
[0.318s] Level 1:colcon.colcon_core.package_identification:_identify(serial_motor_demo/serial_motor_demo) by extension 'colcon_pkg'
[0.318s] Level 1:colcon.colcon_core.package_identification:_identify(serial_motor_demo/serial_motor_demo) by extensions ['colcon_meta']
[0.318s] Level 1:colcon.colcon_core.package_identification:_identify(serial_motor_demo/serial_motor_demo) by extension 'colcon_meta'
[0.319s] Level 1:colcon.colcon_core.package_identification:_identify(serial_motor_demo/serial_motor_demo) by extensions ['ros']
[0.319s] Level 1:colcon.colcon_core.package_identification:_identify(serial_motor_demo/serial_motor_demo) by extension 'ros'
[0.321s] DEBUG:colcon.colcon_core.package_identification:Package 'serial_motor_demo/serial_motor_demo' with type 'ros.ament_python' and name 'serial_motor_demo'
[0.321s] Level 1:colcon.colcon_core.package_identification:_identify(serial_motor_demo/serial_motor_demo_msgs) by extensions ['ignore', 'ignore_ament_install']
[0.321s] Level 1:colcon.colcon_core.package_identification:_identify(serial_motor_demo/serial_motor_demo_msgs) by extension 'ignore'
[0.321s] Level 1:colcon.colcon_core.package_identification:_identify(serial_motor_demo/serial_motor_demo_msgs) by extension 'ignore_ament_install'
[0.321s] Level 1:colcon.colcon_core.package_identification:_identify(serial_motor_demo/serial_motor_demo_msgs) by extensions ['colcon_pkg']
[0.321s] Level 1:colcon.colcon_core.package_identification:_identify(serial_motor_demo/serial_motor_demo_msgs) by extension 'colcon_pkg'
[0.321s] Level 1:colcon.colcon_core.package_identification:_identify(serial_motor_demo/serial_motor_demo_msgs) by extensions ['colcon_meta']
[0.321s] Level 1:colcon.colcon_core.package_identification:_identify(serial_motor_demo/serial_motor_demo_msgs) by extension 'colcon_meta'
[0.321s] Level 1:colcon.colcon_core.package_identification:_identify(serial_motor_demo/serial_motor_demo_msgs) by extensions ['ros']
[0.321s] Level 1:colcon.colcon_core.package_identification:_identify(serial_motor_demo/serial_motor_demo_msgs) by extension 'ros'
[0.322s] DEBUG:colcon.colcon_core.package_identification:Package 'serial_motor_demo/serial_motor_demo_msgs' with type 'ros.ament_cmake' and name 'serial_motor_demo_msgs'
[0.322s] Level 1:colcon.colcon_core.package_identification:_identify(src) by extensions ['ignore', 'ignore_ament_install']
[0.322s] Level 1:colcon.colcon_core.package_identification:_identify(src) by extension 'ignore'
[0.322s] Level 1:colcon.colcon_core.package_identification:_identify(src) by extension 'ignore_ament_install'
[0.322s] Level 1:colcon.colcon_core.package_identification:_identify(src) by extensions ['colcon_pkg']
[0.322s] Level 1:colcon.colcon_core.package_identification:_identify(src) by extension 'colcon_pkg'
[0.322s] Level 1:colcon.colcon_core.package_identification:_identify(src) by extensions ['colcon_meta']
[0.322s] Level 1:colcon.colcon_core.package_identification:_identify(src) by extension 'colcon_meta'
[0.322s] Level 1:colcon.colcon_core.package_identification:_identify(src) by extensions ['ros']
[0.322s] Level 1:colcon.colcon_core.package_identification:_identify(src) by extension 'ros'
[0.322s] Level 1:colcon.colcon_core.package_identification:_identify(src) by extensions ['cmake', 'python']
[0.322s] Level 1:colcon.colcon_core.package_identification:_identify(src) by extension 'cmake'
[0.322s] Level 1:colcon.colcon_core.package_identification:_identify(src) by extension 'python'
[0.322s] Level 1:colcon.colcon_core.package_identification:_identify(src) by extensions ['python_setup_py']
[0.322s] Level 1:colcon.colcon_core.package_identification:_identify(src) by extension 'python_setup_py'
[0.322s] Level 1:colcon.colcon_core.package_identification:_identify(src/articubot_one) by extensions ['ignore', 'ignore_ament_install']
[0.322s] Level 1:colcon.colcon_core.package_identification:_identify(src/articubot_one) by extension 'ignore'
[0.322s] Level 1:colcon.colcon_core.package_identification:_identify(src/articubot_one) by extension 'ignore_ament_install'
[0.322s] Level 1:colcon.colcon_core.package_identification:_identify(src/articubot_one) by extensions ['colcon_pkg']
[0.323s] Level 1:colcon.colcon_core.package_identification:_identify(src/articubot_one) by extension 'colcon_pkg'
[0.323s] Level 1:colcon.colcon_core.package_identification:_identify(src/articubot_one) by extensions ['colcon_meta']
[0.323s] Level 1:colcon.colcon_core.package_identification:_identify(src/articubot_one) by extension 'colcon_meta'
[0.323s] Level 1:colcon.colcon_core.package_identification:_identify(src/articubot_one) by extensions ['ros']
[0.323s] Level 1:colcon.colcon_core.package_identification:_identify(src/articubot_one) by extension 'ros'
[0.323s] DEBUG:colcon.colcon_core.package_identification:Package 'src/articubot_one' with type 'ros.ament_cmake' and name 'articubot_one'
[0.323s] Level 1:colcon.colcon_core.package_discovery:discover_packages(recursive) using defaults
[0.323s] Level 1:colcon.colcon_core.package_discovery:discover_packages(ignore) discover
[0.323s] Level 1:colcon.colcon_core.package_discovery:discover_packages(ignore) using defaults
[0.323s] Level 1:colcon.colcon_core.package_discovery:discover_packages(path) discover
[0.323s] Level 1:colcon.colcon_core.package_discovery:discover_packages(path) using defaults
[0.337s] Level 1:colcon.colcon_core.package_discovery:discover_packages(prefix_path) check parameters
[0.337s] Level 1:colcon.colcon_core.package_discovery:discover_packages(prefix_path) discover
[0.338s] DEBUG:colcon.colcon_installed_package_information.package_discovery:Found 3 installed packages in /home/forge/arti_ws/install
[0.339s] DEBUG:colcon.colcon_installed_package_information.package_discovery:Found 1 installed packages in /home/forge/dev_ws/install
[0.340s] DEBUG:colcon.colcon_installed_package_information.package_discovery:Found 275 installed packages in /opt/ros/foxy
[0.341s] Level 1:colcon.colcon_core.package_discovery:discover_packages(prefix_path) using defaults
[0.406s] Level 5:colcon.colcon_core.verb:set package 'articubot_one' build argument 'cmake_args' from command line to 'None'
[0.407s] Level 5:colcon.colcon_core.verb:set package 'articubot_one' build argument 'cmake_target' from command line to 'None'
[0.407s] Level 5:colcon.colcon_core.verb:set package 'articubot_one' build argument 'cmake_target_skip_unavailable' from command line to 'False'
[0.407s] Level 5:colcon.colcon_core.verb:set package 'articubot_one' build argument 'cmake_clean_cache' from command line to 'False'
[0.407s] Level 5:colcon.colcon_core.verb:set package 'articubot_one' build argument 'cmake_clean_first' from command line to 'False'
[0.407s] Level 5:colcon.colcon_core.verb:set package 'articubot_one' build argument 'cmake_force_configure' from command line to 'False'
[0.407s] Level 5:colcon.colcon_core.verb:set package 'articubot_one' build argument 'ament_cmake_args' from command line to 'None'
[0.407s] Level 5:colcon.colcon_core.verb:set package 'articubot_one' build argument 'catkin_cmake_args' from command line to 'None'
[0.407s] Level 5:colcon.colcon_core.verb:set package 'articubot_one' build argument 'catkin_skip_building_tests' from command line to 'False'
[0.407s] DEBUG:colcon.colcon_core.verb:Building package 'articubot_one' with the following arguments: {'ament_cmake_args': None, 'build_base': '/home/forge/arti_ws/build/articubot_one', 'catkin_cmake_args': None, 'catkin_skip_building_tests': False, 'cmake_args': None, 'cmake_clean_cache': False, 'cmake_clean_first': False, 'cmake_force_configure': False, 'cmake_target': None, 'cmake_target_skip_unavailable': False, 'install_base': '/home/forge/arti_ws/install/articubot_one', 'merge_install': False, 'path': '/home/forge/arti_ws/src/articubot_one', 'symlink_install': False, 'test_result_base': None}
[0.407s] Level 5:colcon.colcon_core.verb:set package 'serial_motor_demo_msgs' build argument 'cmake_args' from command line to 'None'
[0.407s] Level 5:colcon.colcon_core.verb:set package 'serial_motor_demo_msgs' build argument 'cmake_target' from command line to 'None'
[0.407s] Level 5:colcon.colcon_core.verb:set package 'serial_motor_demo_msgs' build argument 'cmake_target_skip_unavailable' from command line to 'False'
[0.407s] Level 5:colcon.colcon_core.verb:set package 'serial_motor_demo_msgs' build argument 'cmake_clean_cache' from command line to 'False'
[0.407s] Level 5:colcon.colcon_core.verb:set package 'serial_motor_demo_msgs' build argument 'cmake_clean_first' from command line to 'False'
[0.407s] Level 5:colcon.colcon_core.verb:set package 'serial_motor_demo_msgs' build argument 'cmake_force_configure' from command line to 'False'
[0.407s] Level 5:colcon.colcon_core.verb:set package 'serial_motor_demo_msgs' build argument 'ament_cmake_args' from command line to 'None'
[0.407s] Level 5:colcon.colcon_core.verb:set package 'serial_motor_demo_msgs' build argument 'catkin_cmake_args' from command line to 'None'
[0.407s] Level 5:colcon.colcon_core.verb:set package 'serial_motor_demo_msgs' build argument 'catkin_skip_building_tests' from command line to 'False'
[0.407s] DEBUG:colcon.colcon_core.verb:Building package 'serial_motor_demo_msgs' with the following arguments: {'ament_cmake_args': None, 'build_base': '/home/forge/arti_ws/build/serial_motor_demo_msgs', 'catkin_cmake_args': None, 'catkin_skip_building_tests': False, 'cmake_args': None, 'cmake_clean_cache': False, 'cmake_clean_first': False, 'cmake_force_configure': False, 'cmake_target': None, 'cmake_target_skip_unavailable': False, 'install_base': '/home/forge/arti_ws/install/serial_motor_demo_msgs', 'merge_install': False, 'path': '/home/forge/arti_ws/serial_motor_demo/serial_motor_demo_msgs', 'symlink_install': False, 'test_result_base': None}
[0.408s] Level 5:colcon.colcon_core.verb:set package 'serial_motor_demo' build argument 'cmake_args' from command line to 'None'
[0.408s] Level 5:colcon.colcon_core.verb:set package 'serial_motor_demo' build argument 'cmake_target' from command line to 'None'
[0.408s] Level 5:colcon.colcon_core.verb:set package 'serial_motor_demo' build argument 'cmake_target_skip_unavailable' from command line to 'False'
[0.408s] Level 5:colcon.colcon_core.verb:set package 'serial_motor_demo' build argument 'cmake_clean_cache' from command line to 'False'
[0.408s] Level 5:colcon.colcon_core.verb:set package 'serial_motor_demo' build argument 'cmake_clean_first' from command line to 'False'
[0.408s] Level 5:colcon.colcon_core.verb:set package 'serial_motor_demo' build argument 'cmake_force_configure' from command line to 'False'
[0.408s] Level 5:colcon.colcon_core.verb:set package 'serial_motor_demo' build argument 'ament_cmake_args' from command line to 'None'
[0.408s] Level 5:colcon.colcon_core.verb:set package 'serial_motor_demo' build argument 'catkin_cmake_args' from command line to 'None'
[0.408s] Level 5:colcon.colcon_core.verb:set package 'serial_motor_demo' build argument 'catkin_skip_building_tests' from command line to 'False'
[0.408s] DEBUG:colcon.colcon_core.verb:Building package 'serial_motor_demo' with the following arguments: {'ament_cmake_args': None, 'build_base': '/home/forge/arti_ws/build/serial_motor_demo', 'catkin_cmake_args': None, 'catkin_skip_building_tests': False, 'cmake_args': None, 'cmake_clean_cache': False, 'cmake_clean_first': False, 'cmake_force_configure': False, 'cmake_target': None, 'cmake_target_skip_unavailable': False, 'install_base': '/home/forge/arti_ws/install/serial_motor_demo', 'merge_install': False, 'path': '/home/forge/arti_ws/serial_motor_demo/serial_motor_demo', 'symlink_install': False, 'test_result_base': None}
[0.408s] INFO:colcon.colcon_core.executor:Executing jobs using 'parallel' executor
[0.409s] DEBUG:colcon.colcon_parallel_executor.executor.parallel:run_until_complete
[0.409s] INFO:colcon.colcon_ros.task.ament_cmake.build:Building ROS package in '/home/forge/arti_ws/serial_motor_demo/serial_motor_demo_msgs' with build type 'ament_cmake'
[0.409s] INFO:colcon.colcon_cmake.task.cmake.build:Building CMake package in '/home/forge/arti_ws/serial_motor_demo/serial_motor_demo_msgs'
[0.411s] INFO:colcon.colcon_core.plugin_system:Skipping extension 'colcon_core.shell.bat': Not used on non-Windows systems
[0.411s] INFO:colcon.colcon_core.shell:Skip shell extension 'powershell' for command environment: Not usable outside of PowerShell
[0.411s] DEBUG:colcon.colcon_core.shell:Skip shell extension 'dsv' for command environment
[0.416s] INFO:colcon.colcon_ros.task.ament_cmake.build:Building ROS package in '/home/forge/arti_ws/src/articubot_one' with build type 'ament_cmake'
[0.416s] INFO:colcon.colcon_cmake.task.cmake.build:Building CMake package in '/home/forge/arti_ws/src/articubot_one'
[0.417s] INFO:colcon.colcon_core.shell:Skip shell extension 'powershell' for command environment: Not usable outside of PowerShell
[0.417s] DEBUG:colcon.colcon_core.shell:Skip shell extension 'dsv' for command environment
[0.428s] DEBUG:colcon.colcon_core.event_handler.log_command:Invoking command in '/home/forge/arti_ws/build/serial_motor_demo_msgs': CMAKE_PREFIX_PATH=${CMAKE_PREFIX_PATH}:/home/forge/arti_ws/install/serial_motor_demo:/opt/ros/foxy /usr/bin/cmake --build /home/forge/arti_ws/build/serial_motor_demo_msgs -- -j8 -l8
[0.435s] DEBUG:colcon.colcon_core.event_handler.log_command:Invoking command in '/home/forge/arti_ws/build/articubot_one': CMAKE_PREFIX_PATH=${CMAKE_PREFIX_PATH}:/home/forge/arti_ws/install/serial_motor_demo:/opt/ros/foxy /usr/bin/cmake --build /home/forge/arti_ws/build/articubot_one -- -j8 -l8
[0.465s] DEBUG:colcon.colcon_core.event_handler.log_command:Invoked command in '/home/forge/arti_ws/build/articubot_one' returned '0': CMAKE_PREFIX_PATH=${CMAKE_PREFIX_PATH}:/home/forge/arti_ws/install/serial_motor_demo:/opt/ros/foxy /usr/bin/cmake --build /home/forge/arti_ws/build/articubot_one -- -j8 -l8
[0.499s] DEBUG:colcon.colcon_core.event_handler.log_command:Invoking command in '/home/forge/arti_ws/build/articubot_one': CMAKE_PREFIX_PATH=${CMAKE_PREFIX_PATH}:/home/forge/arti_ws/install/serial_motor_demo:/opt/ros/foxy /usr/bin/cmake --install /home/forge/arti_ws/build/articubot_one
[0.533s] Level 1:colcon.colcon_core.environment:create_environment_scripts_only(articubot_one)
[0.534s] DEBUG:colcon.colcon_core.event_handler.log_command:Invoked command in '/home/forge/arti_ws/build/articubot_one' returned '0': CMAKE_PREFIX_PATH=${CMAKE_PREFIX_PATH}:/home/forge/arti_ws/install/serial_motor_demo:/opt/ros/foxy /usr/bin/cmake --install /home/forge/arti_ws/build/articubot_one
[0.536s] Level 1:colcon.colcon_core.environment:checking '/home/forge/arti_ws/install/articubot_one' for CMake module files
[0.537s] Level 1:colcon.colcon_core.environment:checking '/home/forge/arti_ws/install/articubot_one' for CMake config files
[0.537s] Level 1:colcon.colcon_core.shell:create_environment_hook('articubot_one', 'cmake_prefix_path')
[0.537s] INFO:colcon.colcon_core.shell:Creating environment hook '/home/forge/arti_ws/install/articubot_one/share/articubot_one/hook/cmake_prefix_path.ps1'
[0.538s] INFO:colcon.colcon_core.shell:Creating environment descriptor '/home/forge/arti_ws/install/articubot_one/share/articubot_one/hook/cmake_prefix_path.dsv'
[0.538s] INFO:colcon.colcon_core.shell:Creating environment hook '/home/forge/arti_ws/install/articubot_one/share/articubot_one/hook/cmake_prefix_path.sh'
[0.539s] Level 1:colcon.colcon_core.environment:checking '/home/forge/arti_ws/install/articubot_one/bin'
[0.539s] Level 1:colcon.colcon_core.environment:checking '/home/forge/arti_ws/install/articubot_one/lib/pkgconfig/articubot_one.pc'
[0.539s] Level 1:colcon.colcon_core.environment:checking '/home/forge/arti_ws/install/articubot_one/lib/python3.8/site-packages'
[0.540s] Level 1:colcon.colcon_core.environment:checking '/home/forge/arti_ws/install/articubot_one/bin'
[0.540s] INFO:colcon.colcon_core.shell:Creating package script '/home/forge/arti_ws/install/articubot_one/share/articubot_one/package.ps1'
[0.541s] INFO:colcon.colcon_core.shell:Creating package descriptor '/home/forge/arti_ws/install/articubot_one/share/articubot_one/package.dsv'
[0.541s] INFO:colcon.colcon_core.shell:Creating package script '/home/forge/arti_ws/install/articubot_one/share/articubot_one/package.sh'
[0.542s] INFO:colcon.colcon_core.shell:Creating package script '/home/forge/arti_ws/install/articubot_one/share/articubot_one/package.bash'
[0.543s] INFO:colcon.colcon_core.shell:Creating package script '/home/forge/arti_ws/install/articubot_one/share/articubot_one/package.zsh'
[0.544s] Level 1:colcon.colcon_core.environment:create_file_with_runtime_dependencies(/home/forge/arti_ws/install/articubot_one/share/colcon-core/packages/articubot_one)
[0.561s] Level 1:colcon.colcon_core.environment:create_environment_scripts_only(articubot_one)
[0.561s] Level 1:colcon.colcon_core.environment:checking '/home/forge/arti_ws/install/articubot_one' for CMake module files
[0.562s] Level 1:colcon.colcon_core.environment:checking '/home/forge/arti_ws/install/articubot_one' for CMake config files
[0.562s] Level 1:colcon.colcon_core.shell:create_environment_hook('articubot_one', 'cmake_prefix_path')
[0.563s] INFO:colcon.colcon_core.shell:Creating environment hook '/home/forge/arti_ws/install/articubot_one/share/articubot_one/hook/cmake_prefix_path.ps1'
[0.563s] INFO:colcon.colcon_core.shell:Creating environment descriptor '/home/forge/arti_ws/install/articubot_one/share/articubot_one/hook/cmake_prefix_path.dsv'
[0.563s] INFO:colcon.colcon_core.shell:Creating environment hook '/home/forge/arti_ws/install/articubot_one/share/articubot_one/hook/cmake_prefix_path.sh'
[0.564s] Level 1:colcon.colcon_core.environment:checking '/home/forge/arti_ws/install/articubot_one/bin'
[0.564s] Level 1:colcon.colcon_core.environment:checking '/home/forge/arti_ws/install/articubot_one/lib/pkgconfig/articubot_one.pc'
[0.564s] Level 1:colcon.colcon_core.environment:checking '/home/forge/arti_ws/install/articubot_one/lib/python3.8/site-packages'
[0.564s] Level 1:colcon.colcon_core.environment:checking '/home/forge/arti_ws/install/articubot_one/bin'
[0.564s] INFO:colcon.colcon_core.shell:Creating package script '/home/forge/arti_ws/install/articubot_one/share/articubot_one/package.ps1'
[0.565s] INFO:colcon.colcon_core.shell:Creating package descriptor '/home/forge/arti_ws/install/articubot_one/share/articubot_one/package.dsv'
[0.565s] INFO:colcon.colcon_core.shell:Creating package script '/home/forge/arti_ws/install/articubot_one/share/articubot_one/package.sh'
[0.566s] INFO:colcon.colcon_core.shell:Creating package script '/home/forge/arti_ws/install/articubot_one/share/articubot_one/package.bash'
[0.566s] INFO:colcon.colcon_core.shell:Creating package script '/home/forge/arti_ws/install/articubot_one/share/articubot_one/package.zsh'
[0.566s] Level 1:colcon.colcon_core.environment:create_file_with_runtime_dependencies(/home/forge/arti_ws/install/articubot_one/share/colcon-core/packages/articubot_one)
[0.616s] DEBUG:colcon.colcon_core.event_handler.log_command:Invoked command in '/home/forge/arti_ws/build/serial_motor_demo_msgs' returned '0': CMAKE_PREFIX_PATH=${CMAKE_PREFIX_PATH}:/home/forge/arti_ws/install/serial_motor_demo:/opt/ros/foxy /usr/bin/cmake --build /home/forge/arti_ws/build/serial_motor_demo_msgs -- -j8 -l8
[0.673s] DEBUG:colcon.colcon_core.event_handler.log_command:Invoking command in '/home/forge/arti_ws/build/serial_motor_demo_msgs': CMAKE_PREFIX_PATH=${CMAKE_PREFIX_PATH}:/home/forge/arti_ws/install/serial_motor_demo:/opt/ros/foxy /usr/bin/cmake --install /home/forge/arti_ws/build/serial_motor_demo_msgs
[0.757s] Level 1:colcon.colcon_core.environment:create_environment_scripts_only(serial_motor_demo_msgs)
[0.758s] DEBUG:colcon.colcon_core.event_handler.log_command:Invoked command in '/home/forge/arti_ws/build/serial_motor_demo_msgs' returned '0': CMAKE_PREFIX_PATH=${CMAKE_PREFIX_PATH}:/home/forge/arti_ws/install/serial_motor_demo:/opt/ros/foxy /usr/bin/cmake --install /home/forge/arti_ws/build/serial_motor_demo_msgs
[0.758s] Level 1:colcon.colcon_core.environment:checking '/home/forge/arti_ws/install/serial_motor_demo_msgs' for CMake module files
[0.759s] Level 1:colcon.colcon_core.environment:checking '/home/forge/arti_ws/install/serial_motor_demo_msgs' for CMake config files
[0.759s] Level 1:colcon.colcon_core.shell:create_environment_hook('serial_motor_demo_msgs', 'cmake_prefix_path')
[0.759s] INFO:colcon.colcon_core.shell:Creating environment hook '/home/forge/arti_ws/install/serial_motor_demo_msgs/share/serial_motor_demo_msgs/hook/cmake_prefix_path.ps1'
[0.760s] INFO:colcon.colcon_core.shell:Creating environment descriptor '/home/forge/arti_ws/install/serial_motor_demo_msgs/share/serial_motor_demo_msgs/hook/cmake_prefix_path.dsv'
[0.760s] INFO:colcon.colcon_core.shell:Creating environment hook '/home/forge/arti_ws/install/serial_motor_demo_msgs/share/serial_motor_demo_msgs/hook/cmake_prefix_path.sh'
[0.760s] Level 1:colcon.colcon_core.environment:checking '/home/forge/arti_ws/install/serial_motor_demo_msgs/lib'
[0.761s] Level 1:colcon.colcon_core.shell:create_environment_hook('serial_motor_demo_msgs', 'ld_library_path_lib')
[0.761s] INFO:colcon.colcon_core.shell:Creating environment hook '/home/forge/arti_ws/install/serial_motor_demo_msgs/share/serial_motor_demo_msgs/hook/ld_library_path_lib.ps1'
[0.761s] INFO:colcon.colcon_core.shell:Creating environment descriptor '/home/forge/arti_ws/install/serial_motor_demo_msgs/share/serial_motor_demo_msgs/hook/ld_library_path_lib.dsv'
[0.761s] INFO:colcon.colcon_core.shell:Creating environment hook '/home/forge/arti_ws/install/serial_motor_demo_msgs/share/serial_motor_demo_msgs/hook/ld_library_path_lib.sh'
[0.762s] Level 1:colcon.colcon_core.environment:checking '/home/forge/arti_ws/install/serial_motor_demo_msgs/bin'
[0.762s] Level 1:colcon.colcon_core.environment:checking '/home/forge/arti_ws/install/serial_motor_demo_msgs/lib/pkgconfig/serial_motor_demo_msgs.pc'
[0.762s] Level 1:colcon.colcon_core.environment:checking '/home/forge/arti_ws/install/serial_motor_demo_msgs/lib/python3.8/site-packages'
[0.762s] Level 1:colcon.colcon_core.shell:create_environment_hook('serial_motor_demo_msgs', 'pythonpath')
[0.762s] INFO:colcon.colcon_core.shell:Creating environment hook '/home/forge/arti_ws/install/serial_motor_demo_msgs/share/serial_motor_demo_msgs/hook/pythonpath.ps1'
[0.762s] INFO:colcon.colcon_core.shell:Creating environment descriptor '/home/forge/arti_ws/install/serial_motor_demo_msgs/share/serial_motor_demo_msgs/hook/pythonpath.dsv'
[0.763s] INFO:colcon.colcon_core.shell:Creating environment hook '/home/forge/arti_ws/install/serial_motor_demo_msgs/share/serial_motor_demo_msgs/hook/pythonpath.sh'
[0.763s] Level 1:colcon.colcon_core.environment:checking '/home/forge/arti_ws/install/serial_motor_demo_msgs/bin'
[0.763s] INFO:colcon.colcon_core.shell:Creating package script '/home/forge/arti_ws/install/serial_motor_demo_msgs/share/serial_motor_demo_msgs/package.ps1'
[0.764s] INFO:colcon.colcon_core.shell:Creating package descriptor '/home/forge/arti_ws/install/serial_motor_demo_msgs/share/serial_motor_demo_msgs/package.dsv'
[0.764s] INFO:colcon.colcon_core.shell:Creating package script '/home/forge/arti_ws/install/serial_motor_demo_msgs/share/serial_motor_demo_msgs/package.sh'
[0.764s] INFO:colcon.colcon_core.shell:Creating package script '/home/forge/arti_ws/install/serial_motor_demo_msgs/share/serial_motor_demo_msgs/package.bash'
[0.765s] INFO:colcon.colcon_core.shell:Creating package script '/home/forge/arti_ws/install/serial_motor_demo_msgs/share/serial_motor_demo_msgs/package.zsh'
[0.765s] Level 1:colcon.colcon_core.environment:create_file_with_runtime_dependencies(/home/forge/arti_ws/install/serial_motor_demo_msgs/share/colcon-core/packages/serial_motor_demo_msgs)
[0.822s] Level 1:colcon.colcon_core.environment:create_environment_scripts_only(serial_motor_demo_msgs)
[0.823s] Level 1:colcon.colcon_core.environment:checking '/home/forge/arti_ws/install/serial_motor_demo_msgs' for CMake module files
[0.823s] Level 1:colcon.colcon_core.environment:checking '/home/forge/arti_ws/install/serial_motor_demo_msgs' for CMake config files
[0.824s] Level 1:colcon.colcon_core.shell:create_environment_hook('serial_motor_demo_msgs', 'cmake_prefix_path')
[0.824s] INFO:colcon.colcon_core.shell:Creating environment hook '/home/forge/arti_ws/install/serial_motor_demo_msgs/share/serial_motor_demo_msgs/hook/cmake_prefix_path.ps1'
[0.825s] INFO:colcon.colcon_core.shell:Creating environment descriptor '/home/forge/arti_ws/install/serial_motor_demo_msgs/share/serial_motor_demo_msgs/hook/cmake_prefix_path.dsv'
[0.825s] INFO:colcon.colcon_core.shell:Creating environment hook '/home/forge/arti_ws/install/serial_motor_demo_msgs/share/serial_motor_demo_msgs/hook/cmake_prefix_path.sh'
[0.826s] Level 1:colcon.colcon_core.environment:checking '/home/forge/arti_ws/install/serial_motor_demo_msgs/lib'
[0.826s] Level 1:colcon.colcon_core.shell:create_environment_hook('serial_motor_demo_msgs', 'ld_library_path_lib')
[0.826s] INFO:colcon.colcon_core.shell:Creating environment hook '/home/forge/arti_ws/install/serial_motor_demo_msgs/share/serial_motor_demo_msgs/hook/ld_library_path_lib.ps1'
[0.827s] INFO:colcon.colcon_core.shell:Creating environment descriptor '/home/forge/arti_ws/install/serial_motor_demo_msgs/share/serial_motor_demo_msgs/hook/ld_library_path_lib.dsv'
[0.827s] INFO:colcon.colcon_core.shell:Creating environment hook '/home/forge/arti_ws/install/serial_motor_demo_msgs/share/serial_motor_demo_msgs/hook/ld_library_path_lib.sh'
[0.827s] Level 1:colcon.colcon_core.environment:checking '/home/forge/arti_ws/install/serial_motor_demo_msgs/bin'
[0.827s] Level 1:colcon.colcon_core.environment:checking '/home/forge/arti_ws/install/serial_motor_demo_msgs/lib/pkgconfig/serial_motor_demo_msgs.pc'
[0.827s] Level 1:colcon.colcon_core.environment:checking '/home/forge/arti_ws/install/serial_motor_demo_msgs/lib/python3.8/site-packages'
[0.827s] Level 1:colcon.colcon_core.shell:create_environment_hook('serial_motor_demo_msgs', 'pythonpath')
[0.828s] INFO:colcon.colcon_core.shell:Creating environment hook '/home/forge/arti_ws/install/serial_motor_demo_msgs/share/serial_motor_demo_msgs/hook/pythonpath.ps1'
[0.828s] INFO:colcon.colcon_core.shell:Creating environment descriptor '/home/forge/arti_ws/install/serial_motor_demo_msgs/share/serial_motor_demo_msgs/hook/pythonpath.dsv'
[0.828s] INFO:colcon.colcon_core.shell:Creating environment hook '/home/forge/arti_ws/install/serial_motor_demo_msgs/share/serial_motor_demo_msgs/hook/pythonpath.sh'
[0.829s] Level 1:colcon.colcon_core.environment:checking '/home/forge/arti_ws/install/serial_motor_demo_msgs/bin'
[0.829s] INFO:colcon.colcon_core.shell:Creating package script '/home/forge/arti_ws/install/serial_motor_demo_msgs/share/serial_motor_demo_msgs/package.ps1'
[0.830s] INFO:colcon.colcon_core.shell:Creating package descriptor '/home/forge/arti_ws/install/serial_motor_demo_msgs/share/serial_motor_demo_msgs/package.dsv'
[0.830s] INFO:colcon.colcon_core.shell:Creating package script '/home/forge/arti_ws/install/serial_motor_demo_msgs/share/serial_motor_demo_msgs/package.sh'
[0.831s] INFO:colcon.colcon_core.shell:Creating package script '/home/forge/arti_ws/install/serial_motor_demo_msgs/share/serial_motor_demo_msgs/package.bash'
[0.831s] INFO:colcon.colcon_core.shell:Creating package script '/home/forge/arti_ws/install/serial_motor_demo_msgs/share/serial_motor_demo_msgs/package.zsh'
[0.831s] Level 1:colcon.colcon_core.environment:create_file_with_runtime_dependencies(/home/forge/arti_ws/install/serial_motor_demo_msgs/share/colcon-core/packages/serial_motor_demo_msgs)
[0.832s] INFO:colcon.colcon_ros.task.ament_python.build:Building ROS package in '/home/forge/arti_ws/serial_motor_demo/serial_motor_demo' with build type 'ament_python'
[0.832s] Level 1:colcon.colcon_core.shell:create_environment_hook('serial_motor_demo', 'ament_prefix_path')
[0.832s] INFO:colcon.colcon_core.shell:Creating environment hook '/home/forge/arti_ws/install/serial_motor_demo/share/serial_motor_demo/hook/ament_prefix_path.ps1'
[0.833s] INFO:colcon.colcon_core.shell:Creating environment descriptor '/home/forge/arti_ws/install/serial_motor_demo/share/serial_motor_demo/hook/ament_prefix_path.dsv'
[0.833s] INFO:colcon.colcon_core.shell:Creating environment hook '/home/forge/arti_ws/install/serial_motor_demo/share/serial_motor_demo/hook/ament_prefix_path.sh'
[0.833s] INFO:colcon.colcon_core.shell:Skip shell extension 'powershell' for command environment: Not usable outside of PowerShell
[0.833s] DEBUG:colcon.colcon_core.shell:Skip shell extension 'dsv' for command environment
[1.051s] INFO:colcon.colcon_core.task.python.build:Building Python package in '/home/forge/arti_ws/serial_motor_demo/serial_motor_demo'
[1.052s] INFO:colcon.colcon_core.shell:Skip shell extension 'powershell' for command environment: Not usable outside of PowerShell
[1.052s] DEBUG:colcon.colcon_core.shell:Skip shell extension 'dsv' for command environment
[1.401s] DEBUG:colcon.colcon_core.event_handler.log_command:Invoking command in '/home/forge/arti_ws/serial_motor_demo/serial_motor_demo': LD_LIBRARY_PATH=/home/forge/arti_ws/install/serial_motor_demo_msgs/lib:/usr/lib/x86_64-linux-gnu/:/usr/lib/x86_64-linux-gnu/gazebo-11/plugins:/opt/ros/foxy/opt/yaml_cpp_vendor/lib:/opt/ros/foxy/opt/rviz_ogre_vendor/lib:/opt/ros/foxy/lib/x86_64-linux-gnu:/opt/ros/foxy/lib PYTHONPATH=/home/forge/arti_ws/build/serial_motor_demo/prefix_override:/home/forge/arti_ws/install/serial_motor_demo/lib/python3.8/site-packages:/home/forge/arti_ws/install/serial_motor_demo_msgs/lib/python3.8/site-packages:/home/forge/arti_ws/build/serial_motor_demo:/home/forge/arti_ws/install/serial_motor_demo/lib/python3.8/site-packages:/opt/ros/foxy/lib/python3.8/site-packages /usr/bin/python3 -W ignore:setup.py install is deprecated setup.py egg_info --egg-base ../../build/serial_motor_demo build --build-base /home/forge/arti_ws/build/serial_motor_demo/build install --record /home/forge/arti_ws/build/serial_motor_demo/install.log --install-scripts $base/lib/serial_motor_demo --single-version-externally-managed install_data
[1.669s] Level 1:colcon.colcon_core.environment:checking '/home/forge/arti_ws/install/serial_motor_demo' for CMake module files
[1.670s] DEBUG:colcon.colcon_core.event_handler.log_command:Invoked command in '/home/forge/arti_ws/serial_motor_demo/serial_motor_demo' returned '0': LD_LIBRARY_PATH=/home/forge/arti_ws/install/serial_motor_demo_msgs/lib:/usr/lib/x86_64-linux-gnu/:/usr/lib/x86_64-linux-gnu/gazebo-11/plugins:/opt/ros/foxy/opt/yaml_cpp_vendor/lib:/opt/ros/foxy/opt/rviz_ogre_vendor/lib:/opt/ros/foxy/lib/x86_64-linux-gnu:/opt/ros/foxy/lib PYTHONPATH=/home/forge/arti_ws/build/serial_motor_demo/prefix_override:/home/forge/arti_ws/install/serial_motor_demo/lib/python3.8/site-packages:/home/forge/arti_ws/install/serial_motor_demo_msgs/lib/python3.8/site-packages:/home/forge/arti_ws/build/serial_motor_demo:/home/forge/arti_ws/install/serial_motor_demo/lib/python3.8/site-packages:/opt/ros/foxy/lib/python3.8/site-packages /usr/bin/python3 -W ignore:setup.py install is deprecated setup.py egg_info --egg-base ../../build/serial_motor_demo build --build-base /home/forge/arti_ws/build/serial_motor_demo/build install --record /home/forge/arti_ws/build/serial_motor_demo/install.log --install-scripts $base/lib/serial_motor_demo --single-version-externally-managed install_data
[1.670s] Level 1:colcon.colcon_core.environment:checking '/home/forge/arti_ws/install/serial_motor_demo' for CMake config files
[1.671s] Level 1:colcon.colcon_core.environment:checking '/home/forge/arti_ws/install/serial_motor_demo/lib'
[1.671s] Level 1:colcon.colcon_core.environment:checking '/home/forge/arti_ws/install/serial_motor_demo/bin'
[1.671s] Level 1:colcon.colcon_core.environment:checking '/home/forge/arti_ws/install/serial_motor_demo/lib/pkgconfig/serial_motor_demo.pc'
[1.671s] Level 1:colcon.colcon_core.environment:checking '/home/forge/arti_ws/install/serial_motor_demo/lib/python3.8/site-packages'
[1.671s] Level 1:colcon.colcon_core.shell:create_environment_hook('serial_motor_demo', 'pythonpath')
[1.672s] INFO:colcon.colcon_core.shell:Creating environment hook '/home/forge/arti_ws/install/serial_motor_demo/share/serial_motor_demo/hook/pythonpath.ps1'
[1.672s] INFO:colcon.colcon_core.shell:Creating environment descriptor '/home/forge/arti_ws/install/serial_motor_demo/share/serial_motor_demo/hook/pythonpath.dsv'
[1.673s] INFO:colcon.colcon_core.shell:Creating environment hook '/home/forge/arti_ws/install/serial_motor_demo/share/serial_motor_demo/hook/pythonpath.sh'
[1.673s] Level 1:colcon.colcon_core.environment:checking '/home/forge/arti_ws/install/serial_motor_demo/bin'
[1.673s] Level 1:colcon.colcon_core.environment:create_environment_scripts_only(serial_motor_demo)
[1.673s] INFO:colcon.colcon_core.shell:Creating package script '/home/forge/arti_ws/install/serial_motor_demo/share/serial_motor_demo/package.ps1'
[1.674s] INFO:colcon.colcon_core.shell:Creating package descriptor '/home/forge/arti_ws/install/serial_motor_demo/share/serial_motor_demo/package.dsv'
[1.674s] INFO:colcon.colcon_core.shell:Creating package script '/home/forge/arti_ws/install/serial_motor_demo/share/serial_motor_demo/package.sh'
[1.675s] INFO:colcon.colcon_core.shell:Creating package script '/home/forge/arti_ws/install/serial_motor_demo/share/serial_motor_demo/package.bash'
[1.675s] INFO:colcon.colcon_core.shell:Creating package script '/home/forge/arti_ws/install/serial_motor_demo/share/serial_motor_demo/package.zsh'
[1.675s] Level 1:colcon.colcon_core.environment:create_file_with_runtime_dependencies(/home/forge/arti_ws/install/serial_motor_demo/share/colcon-core/packages/serial_motor_demo)
[1.675s] DEBUG:colcon.colcon_parallel_executor.executor.parallel:closing loop
[1.676s] DEBUG:colcon.colcon_parallel_executor.executor.parallel:loop closed
[1.676s] DEBUG:colcon.colcon_parallel_executor.executor.parallel:run_until_complete finished with '0'
[1.676s] DEBUG:colcon.colcon_core.event_reactor:joining thread
[1.681s] INFO:colcon.colcon_core.plugin_system:Skipping extension 'colcon_notification.desktop_notification.terminal_notifier': Not used on non-Darwin systems
[1.681s] INFO:colcon.colcon_core.plugin_system:Skipping extension 'colcon_notification.desktop_notification.win32': Not used on non-Windows systems
[1.681s] INFO:colcon.colcon_notification.desktop_notification:Sending desktop notification using 'notify2'
[1.695s] DEBUG:colcon.colcon_core.event_reactor:joined thread
[1.695s] INFO:colcon.colcon_core.shell:Creating prefix script '/home/forge/arti_ws/install/local_setup.ps1'
[1.697s] INFO:colcon.colcon_core.shell:Creating prefix util module '/home/forge/arti_ws/install/_local_setup_util_ps1.py'
[1.699s] INFO:colcon.colcon_core.shell:Creating prefix chain script '/home/forge/arti_ws/install/setup.ps1'
[1.700s] INFO:colcon.colcon_core.shell:Creating prefix script '/home/forge/arti_ws/install/local_setup.sh'
[1.700s] INFO:colcon.colcon_core.shell:Creating prefix util module '/home/forge/arti_ws/install/_local_setup_util_sh.py'
[1.701s] INFO:colcon.colcon_core.shell:Creating prefix chain script '/home/forge/arti_ws/install/setup.sh'
[1.702s] INFO:colcon.colcon_core.shell:Creating prefix script '/home/forge/arti_ws/install/local_setup.bash'
[1.702s] INFO:colcon.colcon_core.shell:Creating prefix chain script '/home/forge/arti_ws/install/setup.bash'
[1.703s] INFO:colcon.colcon_core.shell:Creating prefix script '/home/forge/arti_ws/install/local_setup.zsh'
[1.704s] INFO:colcon.colcon_core.shell:Creating prefix chain script '/home/forge/arti_ws/install/setup.zsh'
