[0.019s] Invoking command in '/home/forge/arti_ws/build/serial_motor_demo_msgs': CMAKE_PREFIX_PATH=${CMAKE_PREFIX_PATH}:/home/forge/arti_ws/install/serial_motor_demo:/opt/ros/foxy /usr/bin/cmake /home/forge/arti_ws/serial_motor_demo/serial_motor_demo_msgs -DAMENT_CMAKE_SYMLINK_INSTALL=1 -DCMAKE_INSTALL_PREFIX=/home/forge/arti_ws/install/serial_motor_demo_msgs
[0.036s] -- Found ament_cmake: 0.9.12 (/opt/ros/foxy/share/ament_cmake/cmake)
[0.061s] -- Found PythonInterp: /usr/bin/python3 (found suitable version "3.8.10", minimum required is "3") 
[0.062s] -- Using PYTHON_EXECUTABLE: /usr/bin/python3
[0.226s] -- Override CMake install command with custom implementation using symlinks instead of copying resources
[0.235s] -- Found ament_lint_auto: 0.9.8 (/opt/ros/foxy/share/ament_lint_auto/cmake)
[0.293s] -- Found rosidl_default_generators: 1.0.1 (/opt/ros/foxy/share/rosidl_default_generators/cmake)
[0.296s] -- Using all available rosidl_typesupport_c: rosidl_typesupport_fastrtps_c;rosidl_typesupport_introspection_c
[0.301s] -- Found rosidl_adapter: 1.3.1 (/opt/ros/foxy/share/rosidl_adapter/cmake)
[0.450s] -- Using all available rosidl_typesupport_cpp: rosidl_typesupport_fastrtps_cpp;rosidl_typesupport_introspection_cpp
[0.501s] -- Found PythonInterp: /usr/bin/python3 (found version "3.8.10") 
[0.569s] -- Found ament_cmake_ros: 0.9.2 (/opt/ros/foxy/share/ament_cmake_ros/cmake)
[0.662s] -- Using all available rosidl_typesupport_c: rosidl_typesupport_fastrtps_c;rosidl_typesupport_introspection_c
[0.670s] -- Using all available rosidl_typesupport_cpp: rosidl_typesupport_fastrtps_cpp;rosidl_typesupport_introspection_cpp
[0.693s] -- Found PythonInterp: /usr/bin/python3 (found suitable version "3.8.10", minimum required is "3.5") 
[0.694s] -- Found python_cmake_module: 0.8.1 (/opt/ros/foxy/share/python_cmake_module/cmake)
[0.720s] -- Using PYTHON_EXECUTABLE: /usr/bin/python3
[0.720s] -- Using PYTHON_INCLUDE_DIRS: /usr/include/python3.8
[0.720s] -- Using PYTHON_LIBRARIES: /usr/lib/x86_64-linux-gnu/libpython3.8.so
[0.739s] -- Added test 'copyright' to check source files copyright and LICENSE
[0.740s] -- Added test 'lint_cmake' to check CMake code style
[0.741s] -- Added test 'xmllint' to check XML markup files
[0.747s] -- Configuring done
[0.792s] -- Generating done
[0.810s] -- Build files have been written to: /home/forge/arti_ws/build/serial_motor_demo_msgs
[0.819s] Invoked command in '/home/forge/arti_ws/build/serial_motor_demo_msgs' returned '0': CMAKE_PREFIX_PATH=${CMAKE_PREFIX_PATH}:/home/forge/arti_ws/install/serial_motor_demo:/opt/ros/foxy /usr/bin/cmake /home/forge/arti_ws/serial_motor_demo/serial_motor_demo_msgs -DAMENT_CMAKE_SYMLINK_INSTALL=1 -DCMAKE_INSTALL_PREFIX=/home/forge/arti_ws/install/serial_motor_demo_msgs
[0.822s] Invoking command in '/home/forge/arti_ws/build/serial_motor_demo_msgs': CMAKE_PREFIX_PATH=${CMAKE_PREFIX_PATH}:/home/forge/arti_ws/install/serial_motor_demo:/opt/ros/foxy /usr/bin/cmake --build /home/forge/arti_ws/build/serial_motor_demo_msgs -- -j8 -l8
[0.865s] [  2%] Built target serial_motor_demo_msgs__cpp
[0.865s] [ 12%] Built target serial_motor_demo_msgs__rosidl_generator_c
[0.883s] [ 34%] Built target serial_motor_demo_msgs__rosidl_typesupport_introspection_cpp
[0.883s] [ 34%] Built target serial_motor_demo_msgs__rosidl_typesupport_c
[0.884s] [ 44%] Built target serial_motor_demo_msgs__rosidl_typesupport_cpp
[0.888s] [ 55%] Built target serial_motor_demo_msgs__rosidl_typesupport_fastrtps_cpp
[0.902s] [ 65%] Built target serial_motor_demo_msgs__rosidl_typesupport_introspection_c
[0.910s] [ 76%] Built target serial_motor_demo_msgs__rosidl_typesupport_fastrtps_c
[0.928s] [ 76%] Built target serial_motor_demo_msgs
[0.946s] [ 78%] Built target serial_motor_demo_msgs__py
[0.968s] [ 87%] Built target serial_motor_demo_msgs__python
[0.990s] [100%] Built target serial_motor_demo_msgs__rosidl_typesupport_fastrtps_c__pyext
[0.990s] [100%] Built target serial_motor_demo_msgs__rosidl_typesupport_c__pyext
[0.990s] [100%] Built target serial_motor_demo_msgs__rosidl_typesupport_introspection_c__pyext
[1.000s] Invoked command in '/home/forge/arti_ws/build/serial_motor_demo_msgs' returned '0': CMAKE_PREFIX_PATH=${CMAKE_PREFIX_PATH}:/home/forge/arti_ws/install/serial_motor_demo:/opt/ros/foxy /usr/bin/cmake --build /home/forge/arti_ws/build/serial_motor_demo_msgs -- -j8 -l8
[1.060s] Invoking command in '/home/forge/arti_ws/build/serial_motor_demo_msgs': CMAKE_PREFIX_PATH=${CMAKE_PREFIX_PATH}:/home/forge/arti_ws/install/serial_motor_demo:/opt/ros/foxy /usr/bin/cmake --install /home/forge/arti_ws/build/serial_motor_demo_msgs
[1.067s] -- Install configuration: ""
[1.068s] -- Execute custom install script
[1.068s] -- Up-to-date symlink: /home/forge/arti_ws/install/serial_motor_demo_msgs/share/ament_index/resource_index/rosidl_interfaces/serial_motor_demo_msgs
[1.069s] -- Up-to-date symlink: /home/forge/arti_ws/install/serial_motor_demo_msgs/include/serial_motor_demo_msgs/msg/detail/encoder_vals__functions.h
[1.069s] -- Up-to-date symlink: /home/forge/arti_ws/install/serial_motor_demo_msgs/include/serial_motor_demo_msgs/msg/detail/encoder_vals__struct.h
[1.069s] -- Up-to-date symlink: /home/forge/arti_ws/install/serial_motor_demo_msgs/include/serial_motor_demo_msgs/msg/detail/encoder_vals__type_support.h
[1.069s] -- Up-to-date symlink: /home/forge/arti_ws/install/serial_motor_demo_msgs/include/serial_motor_demo_msgs/msg/detail/motor_command__functions.h
[1.070s] -- Up-to-date symlink: /home/forge/arti_ws/install/serial_motor_demo_msgs/include/serial_motor_demo_msgs/msg/detail/motor_command__struct.h
[1.070s] -- Up-to-date symlink: /home/forge/arti_ws/install/serial_motor_demo_msgs/include/serial_motor_demo_msgs/msg/detail/motor_command__type_support.h
[1.070s] -- Up-to-date symlink: /home/forge/arti_ws/install/serial_motor_demo_msgs/include/serial_motor_demo_msgs/msg/detail/motor_vels__functions.h
[1.070s] -- Up-to-date symlink: /home/forge/arti_ws/install/serial_motor_demo_msgs/include/serial_motor_demo_msgs/msg/detail/motor_vels__struct.h
[1.071s] -- Up-to-date symlink: /home/forge/arti_ws/install/serial_motor_demo_msgs/include/serial_motor_demo_msgs/msg/detail/motor_vels__type_support.h
[1.071s] -- Up-to-date symlink: /home/forge/arti_ws/install/serial_motor_demo_msgs/include/serial_motor_demo_msgs/msg/encoder_vals.h
[1.071s] -- Up-to-date symlink: /home/forge/arti_ws/install/serial_motor_demo_msgs/include/serial_motor_demo_msgs/msg/motor_command.h
[1.071s] -- Up-to-date symlink: /home/forge/arti_ws/install/serial_motor_demo_msgs/include/serial_motor_demo_msgs/msg/motor_vels.h
[1.072s] -- Up-to-date symlink: /home/forge/arti_ws/install/serial_motor_demo_msgs/include/serial_motor_demo_msgs/msg/rosidl_generator_c__visibility_control.h
[1.072s] -- Up-to-date symlink: /home/forge/arti_ws/install/serial_motor_demo_msgs/share/serial_motor_demo_msgs/environment/library_path.sh
[1.072s] -- Up-to-date symlink: /home/forge/arti_ws/install/serial_motor_demo_msgs/share/serial_motor_demo_msgs/environment/library_path.dsv
[1.073s] -- Up-to-date symlink: /home/forge/arti_ws/install/serial_motor_demo_msgs/include/serial_motor_demo_msgs/msg/detail/encoder_vals__rosidl_typesupport_fastrtps_c.h
[1.073s] -- Up-to-date symlink: /home/forge/arti_ws/install/serial_motor_demo_msgs/include/serial_motor_demo_msgs/msg/detail/motor_command__rosidl_typesupport_fastrtps_c.h
[1.074s] -- Up-to-date symlink: /home/forge/arti_ws/install/serial_motor_demo_msgs/include/serial_motor_demo_msgs/msg/detail/motor_vels__rosidl_typesupport_fastrtps_c.h
[1.074s] -- Up-to-date symlink: /home/forge/arti_ws/install/serial_motor_demo_msgs/include/serial_motor_demo_msgs/msg/rosidl_typesupport_fastrtps_c__visibility_control.h
[1.074s] -- Up-to-date symlink: /home/forge/arti_ws/install/serial_motor_demo_msgs/lib/libserial_motor_demo_msgs__rosidl_typesupport_fastrtps_c.so
[1.075s] -- Up-to-date symlink: /home/forge/arti_ws/install/serial_motor_demo_msgs/include/serial_motor_demo_msgs/msg/detail/encoder_vals__rosidl_typesupport_fastrtps_cpp.hpp
[1.075s] -- Up-to-date symlink: /home/forge/arti_ws/install/serial_motor_demo_msgs/include/serial_motor_demo_msgs/msg/detail/motor_command__rosidl_typesupport_fastrtps_cpp.hpp
[1.076s] -- Up-to-date symlink: /home/forge/arti_ws/install/serial_motor_demo_msgs/include/serial_motor_demo_msgs/msg/detail/motor_vels__rosidl_typesupport_fastrtps_cpp.hpp
[1.076s] -- Up-to-date symlink: /home/forge/arti_ws/install/serial_motor_demo_msgs/include/serial_motor_demo_msgs/msg/rosidl_typesupport_fastrtps_cpp__visibility_control.h
[1.076s] -- Up-to-date symlink: /home/forge/arti_ws/install/serial_motor_demo_msgs/lib/libserial_motor_demo_msgs__rosidl_typesupport_fastrtps_cpp.so
[1.077s] -- Up-to-date symlink: /home/forge/arti_ws/install/serial_motor_demo_msgs/include/serial_motor_demo_msgs/msg/detail/encoder_vals__rosidl_typesupport_introspection_c.h
[1.077s] -- Up-to-date symlink: /home/forge/arti_ws/install/serial_motor_demo_msgs/include/serial_motor_demo_msgs/msg/detail/motor_command__rosidl_typesupport_introspection_c.h
[1.077s] -- Up-to-date symlink: /home/forge/arti_ws/install/serial_motor_demo_msgs/include/serial_motor_demo_msgs/msg/detail/motor_vels__rosidl_typesupport_introspection_c.h
[1.078s] -- Up-to-date symlink: /home/forge/arti_ws/install/serial_motor_demo_msgs/include/serial_motor_demo_msgs/msg/rosidl_typesupport_introspection_c__visibility_control.h
[1.078s] -- Up-to-date symlink: /home/forge/arti_ws/install/serial_motor_demo_msgs/include/serial_motor_demo_msgs/msg/detail/encoder_vals__builder.hpp
[1.079s] -- Up-to-date symlink: /home/forge/arti_ws/install/serial_motor_demo_msgs/include/serial_motor_demo_msgs/msg/detail/encoder_vals__struct.hpp
[1.079s] -- Up-to-date symlink: /home/forge/arti_ws/install/serial_motor_demo_msgs/include/serial_motor_demo_msgs/msg/detail/encoder_vals__traits.hpp
[1.079s] -- Up-to-date symlink: /home/forge/arti_ws/install/serial_motor_demo_msgs/include/serial_motor_demo_msgs/msg/detail/encoder_vals__type_support.hpp
[1.079s] -- Up-to-date symlink: /home/forge/arti_ws/install/serial_motor_demo_msgs/include/serial_motor_demo_msgs/msg/detail/motor_command__builder.hpp
[1.080s] -- Up-to-date symlink: /home/forge/arti_ws/install/serial_motor_demo_msgs/include/serial_motor_demo_msgs/msg/detail/motor_command__struct.hpp
[1.080s] -- Up-to-date symlink: /home/forge/arti_ws/install/serial_motor_demo_msgs/include/serial_motor_demo_msgs/msg/detail/motor_command__traits.hpp
[1.080s] -- Up-to-date symlink: /home/forge/arti_ws/install/serial_motor_demo_msgs/include/serial_motor_demo_msgs/msg/detail/motor_command__type_support.hpp
[1.080s] -- Up-to-date symlink: /home/forge/arti_ws/install/serial_motor_demo_msgs/include/serial_motor_demo_msgs/msg/detail/motor_vels__builder.hpp
[1.080s] -- Up-to-date symlink: /home/forge/arti_ws/install/serial_motor_demo_msgs/include/serial_motor_demo_msgs/msg/detail/motor_vels__struct.hpp
[1.081s] -- Up-to-date symlink: /home/forge/arti_ws/install/serial_motor_demo_msgs/include/serial_motor_demo_msgs/msg/detail/motor_vels__traits.hpp
[1.081s] -- Up-to-date symlink: /home/forge/arti_ws/install/serial_motor_demo_msgs/include/serial_motor_demo_msgs/msg/detail/motor_vels__type_support.hpp
[1.081s] -- Up-to-date symlink: /home/forge/arti_ws/install/serial_motor_demo_msgs/include/serial_motor_demo_msgs/msg/encoder_vals.hpp
[1.081s] -- Up-to-date symlink: /home/forge/arti_ws/install/serial_motor_demo_msgs/include/serial_motor_demo_msgs/msg/motor_command.hpp
[1.082s] -- Up-to-date symlink: /home/forge/arti_ws/install/serial_motor_demo_msgs/include/serial_motor_demo_msgs/msg/motor_vels.hpp
[1.082s] -- Up-to-date symlink: /home/forge/arti_ws/install/serial_motor_demo_msgs/include/serial_motor_demo_msgs/msg/rosidl_generator_cpp__visibility_control.hpp
[1.082s] -- Up-to-date symlink: /home/forge/arti_ws/install/serial_motor_demo_msgs/include/serial_motor_demo_msgs/msg/detail/encoder_vals__rosidl_typesupport_introspection_cpp.hpp
[1.083s] -- Up-to-date symlink: /home/forge/arti_ws/install/serial_motor_demo_msgs/include/serial_motor_demo_msgs/msg/detail/motor_command__rosidl_typesupport_introspection_cpp.hpp
[1.083s] -- Up-to-date symlink: /home/forge/arti_ws/install/serial_motor_demo_msgs/include/serial_motor_demo_msgs/msg/detail/motor_vels__rosidl_typesupport_introspection_cpp.hpp
[1.083s] -- Up-to-date symlink: /home/forge/arti_ws/install/serial_motor_demo_msgs/share/serial_motor_demo_msgs/environment/pythonpath.sh
[1.084s] -- Up-to-date symlink: /home/forge/arti_ws/install/serial_motor_demo_msgs/share/serial_motor_demo_msgs/environment/pythonpath.dsv
[1.084s] -- Up-to-date symlink: /home/forge/arti_ws/install/serial_motor_demo_msgs/lib/python3.8/site-packages/serial_motor_demo_msgs/__init__.py
[1.085s] -- Up-to-date symlink: /home/forge/arti_ws/install/serial_motor_demo_msgs/lib/python3.8/site-packages/serial_motor_demo_msgs/msg/__init__.py
[1.085s] -- Up-to-date symlink: /home/forge/arti_ws/install/serial_motor_demo_msgs/lib/python3.8/site-packages/serial_motor_demo_msgs/msg/_encoder_vals.py
[1.085s] -- Up-to-date symlink: /home/forge/arti_ws/install/serial_motor_demo_msgs/lib/python3.8/site-packages/serial_motor_demo_msgs/msg/_motor_command.py
[1.085s] -- Up-to-date symlink: /home/forge/arti_ws/install/serial_motor_demo_msgs/lib/python3.8/site-packages/serial_motor_demo_msgs/msg/_motor_vels.py
[1.086s] -- Up-to-date symlink: /home/forge/arti_ws/install/serial_motor_demo_msgs/lib/python3.8/site-packages/serial_motor_demo_msgs/serial_motor_demo_msgs_s__rosidl_typesupport_fastrtps_c.cpython-38-x86_64-linux-gnu.so
[1.086s] -- Up-to-date symlink: /home/forge/arti_ws/install/serial_motor_demo_msgs/lib/python3.8/site-packages/serial_motor_demo_msgs/serial_motor_demo_msgs_s__rosidl_typesupport_introspection_c.cpython-38-x86_64-linux-gnu.so
[1.087s] -- Up-to-date symlink: /home/forge/arti_ws/install/serial_motor_demo_msgs/lib/python3.8/site-packages/serial_motor_demo_msgs/serial_motor_demo_msgs_s__rosidl_typesupport_c.cpython-38-x86_64-linux-gnu.so
[1.087s] -- Up-to-date symlink: /home/forge/arti_ws/install/serial_motor_demo_msgs/lib/libserial_motor_demo_msgs__python.so
[1.088s] -- Up-to-date symlink: /home/forge/arti_ws/install/serial_motor_demo_msgs/share/serial_motor_demo_msgs/msg/MotorCommand.idl
[1.088s] -- Up-to-date symlink: /home/forge/arti_ws/install/serial_motor_demo_msgs/share/serial_motor_demo_msgs/msg/MotorVels.idl
[1.088s] -- Up-to-date symlink: /home/forge/arti_ws/install/serial_motor_demo_msgs/share/serial_motor_demo_msgs/msg/EncoderVals.idl
[1.089s] -- Up-to-date symlink: /home/forge/arti_ws/install/serial_motor_demo_msgs/share/serial_motor_demo_msgs/msg/MotorCommand.msg
[1.089s] -- Up-to-date symlink: /home/forge/arti_ws/install/serial_motor_demo_msgs/share/serial_motor_demo_msgs/msg/MotorVels.msg
[1.089s] -- Up-to-date symlink: /home/forge/arti_ws/install/serial_motor_demo_msgs/share/serial_motor_demo_msgs/msg/EncoderVals.msg
[1.090s] -- Up-to-date symlink: /home/forge/arti_ws/install/serial_motor_demo_msgs/share/ament_index/resource_index/package_run_dependencies/serial_motor_demo_msgs
[1.090s] -- Up-to-date symlink: /home/forge/arti_ws/install/serial_motor_demo_msgs/share/ament_index/resource_index/parent_prefix_path/serial_motor_demo_msgs
[1.090s] -- Up-to-date symlink: /home/forge/arti_ws/install/serial_motor_demo_msgs/share/serial_motor_demo_msgs/environment/ament_prefix_path.sh
[1.091s] -- Up-to-date symlink: /home/forge/arti_ws/install/serial_motor_demo_msgs/share/serial_motor_demo_msgs/environment/ament_prefix_path.dsv
[1.091s] -- Up-to-date symlink: /home/forge/arti_ws/install/serial_motor_demo_msgs/share/serial_motor_demo_msgs/environment/path.sh
[1.091s] -- Up-to-date symlink: /home/forge/arti_ws/install/serial_motor_demo_msgs/share/serial_motor_demo_msgs/environment/path.dsv
[1.092s] -- Up-to-date symlink: /home/forge/arti_ws/install/serial_motor_demo_msgs/share/serial_motor_demo_msgs/local_setup.bash
[1.092s] -- Up-to-date symlink: /home/forge/arti_ws/install/serial_motor_demo_msgs/share/serial_motor_demo_msgs/local_setup.sh
[1.092s] -- Up-to-date symlink: /home/forge/arti_ws/install/serial_motor_demo_msgs/share/serial_motor_demo_msgs/local_setup.zsh
[1.093s] -- Up-to-date symlink: /home/forge/arti_ws/install/serial_motor_demo_msgs/share/serial_motor_demo_msgs/local_setup.dsv
[1.093s] -- Symlinking: /home/forge/arti_ws/install/serial_motor_demo_msgs/share/serial_motor_demo_msgs/package.dsv
[1.101s] -- Up-to-date symlink: /home/forge/arti_ws/install/serial_motor_demo_msgs/share/ament_index/resource_index/packages/serial_motor_demo_msgs
[1.101s] -- Up-to-date symlink: /home/forge/arti_ws/install/serial_motor_demo_msgs/share/serial_motor_demo_msgs/cmake/rosidl_cmake-extras.cmake
[1.102s] -- Up-to-date symlink: /home/forge/arti_ws/install/serial_motor_demo_msgs/share/serial_motor_demo_msgs/cmake/ament_cmake_export_dependencies-extras.cmake
[1.102s] -- Up-to-date symlink: /home/forge/arti_ws/install/serial_motor_demo_msgs/share/serial_motor_demo_msgs/cmake/ament_cmake_export_libraries-extras.cmake
[1.102s] -- Up-to-date symlink: /home/forge/arti_ws/install/serial_motor_demo_msgs/share/serial_motor_demo_msgs/cmake/ament_cmake_export_targets-extras.cmake
[1.103s] -- Up-to-date symlink: /home/forge/arti_ws/install/serial_motor_demo_msgs/share/serial_motor_demo_msgs/cmake/ament_cmake_export_include_directories-extras.cmake
[1.103s] -- Up-to-date symlink: /home/forge/arti_ws/install/serial_motor_demo_msgs/share/serial_motor_demo_msgs/cmake/rosidl_cmake_export_typesupport_libraries-extras.cmake
[1.103s] -- Up-to-date symlink: /home/forge/arti_ws/install/serial_motor_demo_msgs/share/serial_motor_demo_msgs/cmake/rosidl_cmake_export_typesupport_targets-extras.cmake
[1.104s] -- Up-to-date symlink: /home/forge/arti_ws/install/serial_motor_demo_msgs/share/serial_motor_demo_msgs/cmake/serial_motor_demo_msgsConfig.cmake
[1.104s] -- Up-to-date symlink: /home/forge/arti_ws/install/serial_motor_demo_msgs/share/serial_motor_demo_msgs/cmake/serial_motor_demo_msgsConfig-version.cmake
[1.104s] -- Up-to-date symlink: /home/forge/arti_ws/install/serial_motor_demo_msgs/share/serial_motor_demo_msgs/package.xml
[1.105s] -- Up-to-date: /home/forge/arti_ws/install/serial_motor_demo_msgs/lib/libserial_motor_demo_msgs__rosidl_generator_c.so
[1.105s] -- Up-to-date: /home/forge/arti_ws/install/serial_motor_demo_msgs/lib/libserial_motor_demo_msgs__rosidl_typesupport_introspection_c.so
[1.106s] -- Up-to-date: /home/forge/arti_ws/install/serial_motor_demo_msgs/lib/libserial_motor_demo_msgs__rosidl_typesupport_c.so
[1.106s] -- Up-to-date: /home/forge/arti_ws/install/serial_motor_demo_msgs/lib/libserial_motor_demo_msgs__rosidl_typesupport_introspection_cpp.so
[1.107s] -- Up-to-date: /home/forge/arti_ws/install/serial_motor_demo_msgs/lib/libserial_motor_demo_msgs__rosidl_typesupport_cpp.so
[1.138s] Compiling '/home/forge/arti_ws/install/serial_motor_demo_msgs/lib/python3.8/site-packages/serial_motor_demo_msgs/__init__.py'...
[1.141s] -- Up-to-date: /home/forge/arti_ws/install/serial_motor_demo_msgs/share/serial_motor_demo_msgs/cmake/serial_motor_demo_msgs__rosidl_generator_cExport.cmake
[1.141s] -- Installing: /home/forge/arti_ws/install/serial_motor_demo_msgs/share/serial_motor_demo_msgs/cmake/serial_motor_demo_msgs__rosidl_generator_cExport-noconfig.cmake
[1.142s] -- Up-to-date: /home/forge/arti_ws/install/serial_motor_demo_msgs/share/serial_motor_demo_msgs/cmake/serial_motor_demo_msgs__rosidl_typesupport_introspection_cExport.cmake
[1.142s] -- Installing: /home/forge/arti_ws/install/serial_motor_demo_msgs/share/serial_motor_demo_msgs/cmake/serial_motor_demo_msgs__rosidl_typesupport_introspection_cExport-noconfig.cmake
[1.142s] -- Up-to-date: /home/forge/arti_ws/install/serial_motor_demo_msgs/share/serial_motor_demo_msgs/cmake/serial_motor_demo_msgs__rosidl_typesupport_cExport.cmake
[1.142s] -- Installing: /home/forge/arti_ws/install/serial_motor_demo_msgs/share/serial_motor_demo_msgs/cmake/serial_motor_demo_msgs__rosidl_typesupport_cExport-noconfig.cmake
[1.142s] -- Up-to-date: /home/forge/arti_ws/install/serial_motor_demo_msgs/share/serial_motor_demo_msgs/cmake/serial_motor_demo_msgs__rosidl_generator_cppExport.cmake
[1.143s] -- Up-to-date: /home/forge/arti_ws/install/serial_motor_demo_msgs/share/serial_motor_demo_msgs/cmake/serial_motor_demo_msgs__rosidl_typesupport_introspection_cppExport.cmake
[1.143s] -- Installing: /home/forge/arti_ws/install/serial_motor_demo_msgs/share/serial_motor_demo_msgs/cmake/serial_motor_demo_msgs__rosidl_typesupport_introspection_cppExport-noconfig.cmake
[1.143s] -- Up-to-date: /home/forge/arti_ws/install/serial_motor_demo_msgs/share/serial_motor_demo_msgs/cmake/serial_motor_demo_msgs__rosidl_typesupport_cppExport.cmake
[1.143s] -- Installing: /home/forge/arti_ws/install/serial_motor_demo_msgs/share/serial_motor_demo_msgs/cmake/serial_motor_demo_msgs__rosidl_typesupport_cppExport-noconfig.cmake
[1.147s] Invoked command in '/home/forge/arti_ws/build/serial_motor_demo_msgs' returned '0': CMAKE_PREFIX_PATH=${CMAKE_PREFIX_PATH}:/home/forge/arti_ws/install/serial_motor_demo:/opt/ros/foxy /usr/bin/cmake --install /home/forge/arti_ws/build/serial_motor_demo_msgs
