[0.560s] Invoking command in '/home/forge/arti_ws/build/serial_motor_demo': LD_LIBRARY_PATH=/home/forge/arti_ws/install/serial_motor_demo_msgs/lib:/usr/lib/x86_64-linux-gnu/:/usr/lib/x86_64-linux-gnu/:/usr/lib/x86_64-linux-gnu/:/usr/lib/x86_64-linux-gnu/gazebo-11/plugins:/opt/ros/foxy/opt/yaml_cpp_vendor/lib:/opt/ros/foxy/opt/rviz_ogre_vendor/lib:/opt/ros/foxy/lib/x86_64-linux-gnu:/opt/ros/foxy/lib PYTHONPATH=/home/forge/arti_ws/build/serial_motor_demo/prefix_override:/home/forge/arti_ws/install/serial_motor_demo/lib/python3.8/site-packages:/home/forge/arti_ws/install/serial_motor_demo_msgs/lib/python3.8/site-packages:/home/forge/arti_ws/build/serial_motor_demo:/home/forge/arti_ws/install/serial_motor_demo/lib/python3.8/site-packages:/opt/ros/foxy/lib/python3.8/site-packages /usr/bin/python3 -W ignore:setup.py install is deprecated setup.py develop --editable --build-directory /home/forge/arti_ws/build/serial_motor_demo/build --no-deps symlink_data --force
[0.772s] running develop
[0.890s] running egg_info
[0.890s] writing serial_motor_demo.egg-info/PKG-INFO
[0.891s] writing dependency_links to serial_motor_demo.egg-info/dependency_links.txt
[0.891s] writing entry points to serial_motor_demo.egg-info/entry_points.txt
[0.891s] writing requirements to serial_motor_demo.egg-info/requires.txt
[0.891s] writing top-level names to serial_motor_demo.egg-info/top_level.txt
[0.921s] reading manifest file 'serial_motor_demo.egg-info/SOURCES.txt'
[0.922s] writing manifest file 'serial_motor_demo.egg-info/SOURCES.txt'
[0.952s] running build_ext
[0.952s] Creating /home/forge/arti_ws/install/serial_motor_demo/lib/python3.8/site-packages/serial-motor-demo.egg-link (link to .)
[0.953s] Installing driver script to /home/forge/arti_ws/install/serial_motor_demo/lib/serial_motor_demo
[0.953s] Installing gui script to /home/forge/arti_ws/install/serial_motor_demo/lib/serial_motor_demo
[0.953s] 
[0.953s] Installed /home/forge/arti_ws/build/serial_motor_demo
[0.954s] running symlink_data
[0.954s] symbolically linking /home/forge/arti_ws/build/serial_motor_demo/resource/serial_motor_demo -> /home/forge/arti_ws/install/serial_motor_demo/share/ament_index/resource_index/packages
[0.954s] symbolically linking /home/forge/arti_ws/build/serial_motor_demo/package.xml -> /home/forge/arti_ws/install/serial_motor_demo/share/serial_motor_demo
[0.975s] Invoked command in '/home/forge/arti_ws/build/serial_motor_demo' returned '0': LD_LIBRARY_PATH=/home/forge/arti_ws/install/serial_motor_demo_msgs/lib:/usr/lib/x86_64-linux-gnu/:/usr/lib/x86_64-linux-gnu/:/usr/lib/x86_64-linux-gnu/:/usr/lib/x86_64-linux-gnu/gazebo-11/plugins:/opt/ros/foxy/opt/yaml_cpp_vendor/lib:/opt/ros/foxy/opt/rviz_ogre_vendor/lib:/opt/ros/foxy/lib/x86_64-linux-gnu:/opt/ros/foxy/lib PYTHONPATH=/home/forge/arti_ws/build/serial_motor_demo/prefix_override:/home/forge/arti_ws/install/serial_motor_demo/lib/python3.8/site-packages:/home/forge/arti_ws/install/serial_motor_demo_msgs/lib/python3.8/site-packages:/home/forge/arti_ws/build/serial_motor_demo:/home/forge/arti_ws/install/serial_motor_demo/lib/python3.8/site-packages:/opt/ros/foxy/lib/python3.8/site-packages /usr/bin/python3 -W ignore:setup.py install is deprecated setup.py develop --editable --build-directory /home/forge/arti_ws/build/serial_motor_demo/build --no-deps symlink_data --force
