[0.015s] Invoking command in '/home/forge/arti_ws/build/articubot_one': CMAKE_PREFIX_PATH=${CMAKE_PREFIX_PATH}:/home/forge/arti_ws/install/serial_motor_demo:/opt/ros/foxy /usr/bin/cmake /home/forge/arti_ws/src/articubot_one -DCMAKE_INSTALL_PREFIX=/home/forge/arti_ws/install/articubot_one
[0.027s] -- Found ament_cmake: 0.9.12 (/opt/ros/foxy/share/ament_cmake/cmake)
[0.052s] -- Using PYTHON_EXECUTABLE: /usr/bin/python3
[0.212s] -- Override CMake install command with custom implementation using symlinks instead of copying resources
[0.221s] -- Found ament_lint_auto: 0.9.8 (/opt/ros/foxy/share/ament_lint_auto/cmake)
[0.281s] -- Added test 'copyright' to check source files copyright and LICENSE
[0.288s] -- Added test 'flake8' to check Python code syntax and style conventions
[0.290s] -- Added test 'lint_cmake' to check CMake code style
[0.290s] -- Added test 'pep257' to check Python code against some of the style conventions in PEP 257
[0.294s] -- Added test 'xmllint' to check XML markup files
[0.296s] -- Configuring done
[0.299s] -- Generating done
[0.300s] -- Build files have been written to: /home/forge/arti_ws/build/articubot_one
[0.306s] Invoked command in '/home/forge/arti_ws/build/articubot_one' returned '0': CMAKE_PREFIX_PATH=${CMAKE_PREFIX_PATH}:/home/forge/arti_ws/install/serial_motor_demo:/opt/ros/foxy /usr/bin/cmake /home/forge/arti_ws/src/articubot_one -DCMAKE_INSTALL_PREFIX=/home/forge/arti_ws/install/articubot_one
[0.307s] Invoking command in '/home/forge/arti_ws/build/articubot_one': CMAKE_PREFIX_PATH=${CMAKE_PREFIX_PATH}:/home/forge/arti_ws/install/serial_motor_demo:/opt/ros/foxy /usr/bin/cmake --build /home/forge/arti_ws/build/articubot_one -- -j8 -l8
[0.339s] Invoked command in '/home/forge/arti_ws/build/articubot_one' returned '0': CMAKE_PREFIX_PATH=${CMAKE_PREFIX_PATH}:/home/forge/arti_ws/install/serial_motor_demo:/opt/ros/foxy /usr/bin/cmake --build /home/forge/arti_ws/build/articubot_one -- -j8 -l8
[0.366s] Invoking command in '/home/forge/arti_ws/build/articubot_one': CMAKE_PREFIX_PATH=${CMAKE_PREFIX_PATH}:/home/forge/arti_ws/install/serial_motor_demo:/opt/ros/foxy /usr/bin/cmake --install /home/forge/arti_ws/build/articubot_one
[0.373s] -- Install configuration: ""
[0.374s] -- Execute custom install script
[0.375s] -- Up-to-date symlink: /home/forge/arti_ws/install/articubot_one/share/articubot_one/config/ball_tracker_params_robot.yaml
[0.375s] -- Up-to-date symlink: /home/forge/arti_ws/install/articubot_one/share/articubot_one/config/ball_tracker_params_sim.yaml
[0.375s] -- Up-to-date symlink: /home/forge/arti_ws/install/articubot_one/share/articubot_one/config/drive_bot.rviz
[0.375s] -- Up-to-date symlink: /home/forge/arti_ws/install/articubot_one/share/articubot_one/config/empty.yaml
[0.376s] -- Up-to-date symlink: /home/forge/arti_ws/install/articubot_one/share/articubot_one/config/gaz_ros2_ctl_use_sim.yaml
[0.376s] -- Up-to-date symlink: /home/forge/arti_ws/install/articubot_one/share/articubot_one/config/gazebo_params.yaml
[0.376s] -- Up-to-date symlink: /home/forge/arti_ws/install/articubot_one/share/articubot_one/config/joystick.yaml
[0.376s] -- Up-to-date symlink: /home/forge/arti_ws/install/articubot_one/share/articubot_one/config/main.rviz
[0.376s] -- Up-to-date symlink: /home/forge/arti_ws/install/articubot_one/share/articubot_one/config/map.rviz
[0.377s] -- Up-to-date symlink: /home/forge/arti_ws/install/articubot_one/share/articubot_one/config/mapper_params_online_async.yaml
[0.377s] -- Up-to-date symlink: /home/forge/arti_ws/install/articubot_one/share/articubot_one/config/my_controllers.yaml
[0.377s] -- Up-to-date symlink: /home/forge/arti_ws/install/articubot_one/share/articubot_one/config/nav2_params.yaml
[0.377s] -- Up-to-date symlink: /home/forge/arti_ws/install/articubot_one/share/articubot_one/config/twist_mux.yaml
[0.377s] -- Up-to-date symlink: /home/forge/arti_ws/install/articubot_one/share/articubot_one/config/view_bot.rviz
[0.378s] -- Up-to-date symlink: /home/forge/arti_ws/install/articubot_one/share/articubot_one/description/camera.xacro
[0.378s] -- Up-to-date symlink: /home/forge/arti_ws/install/articubot_one/share/articubot_one/description/depth_camera.xacro
[0.378s] -- Up-to-date symlink: /home/forge/arti_ws/install/articubot_one/share/articubot_one/description/face.xacro
[0.379s] -- Up-to-date symlink: /home/forge/arti_ws/install/articubot_one/share/articubot_one/description/gazebo_control.xacro
[0.379s] -- Up-to-date symlink: /home/forge/arti_ws/install/articubot_one/share/articubot_one/description/inertial_macros.xacro
[0.379s] -- Up-to-date symlink: /home/forge/arti_ws/install/articubot_one/share/articubot_one/description/lidar.xacro
[0.379s] -- Up-to-date symlink: /home/forge/arti_ws/install/articubot_one/share/articubot_one/description/robot.urdf.xacro
[0.380s] -- Up-to-date symlink: /home/forge/arti_ws/install/articubot_one/share/articubot_one/description/robot_core.xacro
[0.380s] -- Up-to-date symlink: /home/forge/arti_ws/install/articubot_one/share/articubot_one/description/ros2_control.xacro
[0.381s] -- Up-to-date symlink: /home/forge/arti_ws/install/articubot_one/share/articubot_one/launch/ball_tracker.launch.py
[0.381s] -- Up-to-date symlink: /home/forge/arti_ws/install/articubot_one/share/articubot_one/launch/camera.launch.py
[0.381s] -- Up-to-date symlink: /home/forge/arti_ws/install/articubot_one/share/articubot_one/launch/joystick.launch.py
[0.381s] -- Up-to-date symlink: /home/forge/arti_ws/install/articubot_one/share/articubot_one/launch/launch_robot.launch.py
[0.381s] -- Up-to-date symlink: /home/forge/arti_ws/install/articubot_one/share/articubot_one/launch/launch_sim.launch.py
[0.382s] -- Up-to-date symlink: /home/forge/arti_ws/install/articubot_one/share/articubot_one/launch/localization_launch.py
[0.382s] -- Up-to-date symlink: /home/forge/arti_ws/install/articubot_one/share/articubot_one/launch/navigation_launch.py
[0.382s] -- Up-to-date symlink: /home/forge/arti_ws/install/articubot_one/share/articubot_one/launch/online_async_launch.py
[0.382s] -- Up-to-date symlink: /home/forge/arti_ws/install/articubot_one/share/articubot_one/launch/rplidar.launch.py
[0.383s] -- Up-to-date symlink: /home/forge/arti_ws/install/articubot_one/share/articubot_one/launch/rsp.launch.py
[0.383s] -- Up-to-date symlink: /home/forge/arti_ws/install/articubot_one/share/articubot_one/worlds/empty.world
[0.383s] -- Up-to-date symlink: /home/forge/arti_ws/install/articubot_one/share/articubot_one/worlds/obstacles.world
[0.384s] -- Up-to-date symlink: /home/forge/arti_ws/install/articubot_one/share/ament_index/resource_index/package_run_dependencies/articubot_one
[0.384s] -- Up-to-date symlink: /home/forge/arti_ws/install/articubot_one/share/ament_index/resource_index/parent_prefix_path/articubot_one
[0.384s] -- Up-to-date symlink: /home/forge/arti_ws/install/articubot_one/share/articubot_one/environment/ament_prefix_path.sh
[0.385s] -- Up-to-date symlink: /home/forge/arti_ws/install/articubot_one/share/articubot_one/environment/ament_prefix_path.dsv
[0.385s] -- Up-to-date symlink: /home/forge/arti_ws/install/articubot_one/share/articubot_one/environment/path.sh
[0.385s] -- Up-to-date symlink: /home/forge/arti_ws/install/articubot_one/share/articubot_one/environment/path.dsv
[0.385s] -- Up-to-date symlink: /home/forge/arti_ws/install/articubot_one/share/articubot_one/local_setup.bash
[0.386s] -- Up-to-date symlink: /home/forge/arti_ws/install/articubot_one/share/articubot_one/local_setup.sh
[0.386s] -- Up-to-date symlink: /home/forge/arti_ws/install/articubot_one/share/articubot_one/local_setup.zsh
[0.386s] -- Up-to-date symlink: /home/forge/arti_ws/install/articubot_one/share/articubot_one/local_setup.dsv
[0.386s] -- Symlinking: /home/forge/arti_ws/install/articubot_one/share/articubot_one/package.dsv
[0.395s] -- Up-to-date symlink: /home/forge/arti_ws/install/articubot_one/share/ament_index/resource_index/packages/articubot_one
[0.395s] -- Up-to-date symlink: /home/forge/arti_ws/install/articubot_one/share/articubot_one/cmake/articubot_oneConfig.cmake
[0.395s] -- Up-to-date symlink: /home/forge/arti_ws/install/articubot_one/share/articubot_one/cmake/articubot_oneConfig-version.cmake
[0.395s] -- Up-to-date symlink: /home/forge/arti_ws/install/articubot_one/share/articubot_one/package.xml
[0.398s] Invoked command in '/home/forge/arti_ws/build/articubot_one' returned '0': CMAKE_PREFIX_PATH=${CMAKE_PREFIX_PATH}:/home/forge/arti_ws/install/serial_motor_demo:/opt/ros/foxy /usr/bin/cmake --install /home/forge/arti_ws/build/articubot_one
