[0.015s] Invoking command in '/home/forge/arti_ws/build/articubot_one': CMAKE_PREFIX_PATH=${CMAKE_PREFIX_PATH}:/opt/ros/foxy /usr/bin/cmake /home/forge/arti_ws/src/articubot_one -DAMENT_CMAKE_SYMLINK_INSTALL=1 -DCMAKE_INSTALL_PREFIX=/home/forge/arti_ws/install/articubot_one
[0.031s] -- Found ament_cmake: 0.9.12 (/opt/ros/foxy/share/ament_cmake/cmake)
[0.053s] -- Using PYTHON_EXECUTABLE: /usr/bin/python3
[0.211s] -- Override CMake install command with custom implementation using symlinks instead of copying resources
[0.237s] -- Found ament_lint_auto: 0.9.8 (/opt/ros/foxy/share/ament_lint_auto/cmake)
[0.291s] -- Added test 'copyright' to check source files copyright and LICENSE
[0.298s] -- Added test 'flake8' to check Python code syntax and style conventions
[0.299s] -- Added test 'lint_cmake' to check CMake code style
[0.300s] -- Added test 'pep257' to check Python code against some of the style conventions in PEP 257
[0.303s] -- Added test 'xmllint' to check XML markup files
[0.305s] -- Configuring done
[0.307s] -- Generating done
[0.308s] -- Build files have been written to: /home/forge/arti_ws/build/articubot_one
[0.311s] Invoked command in '/home/forge/arti_ws/build/articubot_one' returned '0': CMAKE_PREFIX_PATH=${CMAKE_PREFIX_PATH}:/opt/ros/foxy /usr/bin/cmake /home/forge/arti_ws/src/articubot_one -DAMENT_CMAKE_SYMLINK_INSTALL=1 -DCMAKE_INSTALL_PREFIX=/home/forge/arti_ws/install/articubot_one
[0.313s] Invoking command in '/home/forge/arti_ws/build/articubot_one': CMAKE_PREFIX_PATH=${CMAKE_PREFIX_PATH}:/opt/ros/foxy /usr/bin/cmake --build /home/forge/arti_ws/build/articubot_one -- -j8 -l8
[0.348s] Invoked command in '/home/forge/arti_ws/build/articubot_one' returned '0': CMAKE_PREFIX_PATH=${CMAKE_PREFIX_PATH}:/opt/ros/foxy /usr/bin/cmake --build /home/forge/arti_ws/build/articubot_one -- -j8 -l8
[0.377s] Invoking command in '/home/forge/arti_ws/build/articubot_one': CMAKE_PREFIX_PATH=${CMAKE_PREFIX_PATH}:/opt/ros/foxy /usr/bin/cmake --install /home/forge/arti_ws/build/articubot_one
[0.384s] -- Install configuration: ""
[0.384s] -- Execute custom install script
[0.385s] -- Symlinking: /home/forge/arti_ws/install/articubot_one/share/articubot_one/config/ball_tracker_params_robot.yaml
[0.393s] -- Symlinking: /home/forge/arti_ws/install/articubot_one/share/articubot_one/config/ball_tracker_params_sim.yaml
[0.401s] -- Symlinking: /home/forge/arti_ws/install/articubot_one/share/articubot_one/config/drive_bot.rviz
[0.409s] -- Symlinking: /home/forge/arti_ws/install/articubot_one/share/articubot_one/config/empty.yaml
[0.417s] -- Symlinking: /home/forge/arti_ws/install/articubot_one/share/articubot_one/config/gaz_ros2_ctl_use_sim.yaml
[0.425s] -- Symlinking: /home/forge/arti_ws/install/articubot_one/share/articubot_one/config/gazebo_params.yaml
[0.433s] -- Symlinking: /home/forge/arti_ws/install/articubot_one/share/articubot_one/config/joystick.yaml
[0.441s] -- Symlinking: /home/forge/arti_ws/install/articubot_one/share/articubot_one/config/main.rviz
[0.448s] -- Symlinking: /home/forge/arti_ws/install/articubot_one/share/articubot_one/config/map.rviz
[0.456s] -- Symlinking: /home/forge/arti_ws/install/articubot_one/share/articubot_one/config/mapper_params_online_async.yaml
[0.463s] -- Symlinking: /home/forge/arti_ws/install/articubot_one/share/articubot_one/config/my_controllers.yaml
[0.471s] -- Symlinking: /home/forge/arti_ws/install/articubot_one/share/articubot_one/config/nav2_params.yaml
[0.478s] -- Symlinking: /home/forge/arti_ws/install/articubot_one/share/articubot_one/config/twist_mux.yaml
[0.486s] -- Symlinking: /home/forge/arti_ws/install/articubot_one/share/articubot_one/config/view_bot.rviz
[0.493s] -- Symlinking: /home/forge/arti_ws/install/articubot_one/share/articubot_one/description/camera.xacro
[0.500s] -- Symlinking: /home/forge/arti_ws/install/articubot_one/share/articubot_one/description/depth_camera.xacro
[0.508s] -- Symlinking: /home/forge/arti_ws/install/articubot_one/share/articubot_one/description/face.xacro
[0.515s] -- Symlinking: /home/forge/arti_ws/install/articubot_one/share/articubot_one/description/gazebo_control.xacro
[0.522s] -- Symlinking: /home/forge/arti_ws/install/articubot_one/share/articubot_one/description/inertial_macros.xacro
[0.530s] -- Symlinking: /home/forge/arti_ws/install/articubot_one/share/articubot_one/description/lidar.xacro
[0.537s] -- Symlinking: /home/forge/arti_ws/install/articubot_one/share/articubot_one/description/robot.urdf.xacro
[0.545s] -- Symlinking: /home/forge/arti_ws/install/articubot_one/share/articubot_one/description/robot_core.xacro
[0.552s] -- Symlinking: /home/forge/arti_ws/install/articubot_one/share/articubot_one/description/ros2_control.xacro
[0.560s] -- Symlinking: /home/forge/arti_ws/install/articubot_one/share/articubot_one/launch/ball_tracker.launch.py
[0.567s] -- Symlinking: /home/forge/arti_ws/install/articubot_one/share/articubot_one/launch/camera.launch.py
[0.574s] -- Symlinking: /home/forge/arti_ws/install/articubot_one/share/articubot_one/launch/joystick.launch.py
[0.582s] -- Symlinking: /home/forge/arti_ws/install/articubot_one/share/articubot_one/launch/launch_robot.launch.py
[0.589s] -- Symlinking: /home/forge/arti_ws/install/articubot_one/share/articubot_one/launch/launch_sim.launch.py
[0.596s] -- Symlinking: /home/forge/arti_ws/install/articubot_one/share/articubot_one/launch/localization_launch.py
[0.603s] -- Symlinking: /home/forge/arti_ws/install/articubot_one/share/articubot_one/launch/navigation_launch.py
[0.610s] -- Symlinking: /home/forge/arti_ws/install/articubot_one/share/articubot_one/launch/online_async_launch.py
[0.618s] -- Symlinking: /home/forge/arti_ws/install/articubot_one/share/articubot_one/launch/rplidar.launch.py
[0.625s] -- Symlinking: /home/forge/arti_ws/install/articubot_one/share/articubot_one/launch/rsp.launch.py
[0.633s] -- Symlinking: /home/forge/arti_ws/install/articubot_one/share/articubot_one/worlds/empty.world
[0.640s] -- Symlinking: /home/forge/arti_ws/install/articubot_one/share/articubot_one/worlds/obstacles.world
[0.648s] -- Symlinking: /home/forge/arti_ws/install/articubot_one/share/ament_index/resource_index/package_run_dependencies/articubot_one
[0.655s] -- Symlinking: /home/forge/arti_ws/install/articubot_one/share/ament_index/resource_index/parent_prefix_path/articubot_one
[0.663s] -- Symlinking: /home/forge/arti_ws/install/articubot_one/share/articubot_one/environment/ament_prefix_path.sh
[0.670s] -- Symlinking: /home/forge/arti_ws/install/articubot_one/share/articubot_one/environment/ament_prefix_path.dsv
[0.677s] -- Symlinking: /home/forge/arti_ws/install/articubot_one/share/articubot_one/environment/path.sh
[0.684s] -- Symlinking: /home/forge/arti_ws/install/articubot_one/share/articubot_one/environment/path.dsv
[0.691s] -- Symlinking: /home/forge/arti_ws/install/articubot_one/share/articubot_one/local_setup.bash
[0.699s] -- Symlinking: /home/forge/arti_ws/install/articubot_one/share/articubot_one/local_setup.sh
[0.706s] -- Symlinking: /home/forge/arti_ws/install/articubot_one/share/articubot_one/local_setup.zsh
[0.713s] -- Symlinking: /home/forge/arti_ws/install/articubot_one/share/articubot_one/local_setup.dsv
[0.720s] -- Symlinking: /home/forge/arti_ws/install/articubot_one/share/articubot_one/package.dsv
[0.728s] -- Symlinking: /home/forge/arti_ws/install/articubot_one/share/ament_index/resource_index/packages/articubot_one
[0.736s] -- Symlinking: /home/forge/arti_ws/install/articubot_one/share/articubot_one/cmake/articubot_oneConfig.cmake
[0.744s] -- Symlinking: /home/forge/arti_ws/install/articubot_one/share/articubot_one/cmake/articubot_oneConfig-version.cmake
[0.751s] -- Symlinking: /home/forge/arti_ws/install/articubot_one/share/articubot_one/package.xml
[0.761s] Invoked command in '/home/forge/arti_ws/build/articubot_one' returned '0': CMAKE_PREFIX_PATH=${CMAKE_PREFIX_PATH}:/opt/ros/foxy /usr/bin/cmake --install /home/forge/arti_ws/build/articubot_one
