[1.953s] DEBUG:colcon:Command line arguments: ['/usr/bin/colcon', 'build', '--symlink-install']
[1.953s] DEBUG:colcon:Parsed command line arguments: Namespace(allow_overriding=[], ament_cmake_args=None, base_paths=['.'], build_base='build', catkin_cmake_args=None, catkin_skip_building_tests=False, cmake_args=None, cmake_clean_cache=False, cmake_clean_first=False, cmake_force_configure=False, cmake_target=None, cmake_target_skip_unavailable=False, continue_on_error=False, event_handlers=None, executor='parallel', ignore_user_meta=False, install_base='install', log_base=None, log_level=None, main=<bound method BuildVerb.main of <colcon_core.verb.build.BuildVerb object at 0x7f441f317520>>, merge_install=False, metas=['./colcon.meta'], packages_above=None, packages_above_and_dependencies=None, packages_above_depth=None, packages_end=None, packages_ignore=None, packages_ignore_regex=None, packages_select=None, packages_select_build_failed=False, packages_select_by_dep=None, packages_select_regex=None, packages_select_test_failures=False, packages_skip=None, packages_skip_build_finished=False, packages_skip_by_dep=None, packages_skip_regex=None, packages_skip_test_passed=False, packages_skip_up_to=None, packages_start=None, packages_up_to=None, packages_up_to_regex=None, parallel_workers=8, paths=None, symlink_install=True, test_result_base=None, verb_extension=<colcon_core.verb.build.BuildVerb object at 0x7f441f317520>, verb_name='build', verb_parser=<colcon_defaults.argument_parser.defaults.DefaultArgumentsDecorator object at 0x7f441f179280>)
[2.474s] Level 1:colcon.colcon_core.package_discovery:discover_packages(colcon_meta) check parameters
[2.474s] Level 1:colcon.colcon_core.package_discovery:discover_packages(recursive) check parameters
[2.474s] Level 1:colcon.colcon_core.package_discovery:discover_packages(ignore) check parameters
[2.474s] Level 1:colcon.colcon_core.package_discovery:discover_packages(path) check parameters
[2.474s] Level 1:colcon.colcon_core.package_discovery:discover_packages(colcon_meta) discover
[2.474s] Level 1:colcon.colcon_core.package_discovery:discover_packages(recursive) discover
[2.475s] INFO:colcon.colcon_core.package_discovery:Crawling recursively for packages in '/home/forge/arti_ws'
[2.475s] Level 1:colcon.colcon_core.package_identification:_identify(.) by extensions ['ignore', 'ignore_ament_install']
[2.475s] Level 1:colcon.colcon_core.package_identification:_identify(.) by extension 'ignore'
[2.475s] Level 1:colcon.colcon_core.package_identification:_identify(.) by extension 'ignore_ament_install'
[2.476s] Level 1:colcon.colcon_core.package_identification:_identify(.) by extensions ['colcon_pkg']
[2.476s] Level 1:colcon.colcon_core.package_identification:_identify(.) by extension 'colcon_pkg'
[2.476s] Level 1:colcon.colcon_core.package_identification:_identify(.) by extensions ['colcon_meta']
[2.476s] Level 1:colcon.colcon_core.package_identification:_identify(.) by extension 'colcon_meta'
[2.476s] Level 1:colcon.colcon_core.package_identification:_identify(.) by extensions ['ros']
[2.476s] Level 1:colcon.colcon_core.package_identification:_identify(.) by extension 'ros'
[2.541s] Level 1:colcon.colcon_core.package_identification:_identify(.) by extensions ['cmake', 'python']
[2.542s] Level 1:colcon.colcon_core.package_identification:_identify(.) by extension 'cmake'
[2.542s] Level 1:colcon.colcon_core.package_identification:_identify(.) by extension 'python'
[2.542s] Level 1:colcon.colcon_core.package_identification:_identify(.) by extensions ['python_setup_py']
[2.542s] Level 1:colcon.colcon_core.package_identification:_identify(.) by extension 'python_setup_py'
[2.543s] Level 1:colcon.colcon_core.package_identification:_identify(build) by extensions ['ignore', 'ignore_ament_install']
[2.543s] Level 1:colcon.colcon_core.package_identification:_identify(build) by extension 'ignore'
[2.543s] Level 1:colcon.colcon_core.package_identification:_identify(build) ignored
[2.543s] Level 1:colcon.colcon_core.package_identification:_identify(install) by extensions ['ignore', 'ignore_ament_install']
[2.544s] Level 1:colcon.colcon_core.package_identification:_identify(install) by extension 'ignore'
[2.544s] Level 1:colcon.colcon_core.package_identification:_identify(install) ignored
[2.544s] Level 1:colcon.colcon_core.package_identification:_identify(log) by extensions ['ignore', 'ignore_ament_install']
[2.545s] Level 1:colcon.colcon_core.package_identification:_identify(log) by extension 'ignore'
[2.545s] Level 1:colcon.colcon_core.package_identification:_identify(log) ignored
[2.545s] Level 1:colcon.colcon_core.package_identification:_identify(src) by extensions ['ignore', 'ignore_ament_install']
[2.545s] Level 1:colcon.colcon_core.package_identification:_identify(src) by extension 'ignore'
[2.545s] Level 1:colcon.colcon_core.package_identification:_identify(src) by extension 'ignore_ament_install'
[2.545s] Level 1:colcon.colcon_core.package_identification:_identify(src) by extensions ['colcon_pkg']
[2.545s] Level 1:colcon.colcon_core.package_identification:_identify(src) by extension 'colcon_pkg'
[2.546s] Level 1:colcon.colcon_core.package_identification:_identify(src) by extensions ['colcon_meta']
[2.546s] Level 1:colcon.colcon_core.package_identification:_identify(src) by extension 'colcon_meta'
[2.546s] Level 1:colcon.colcon_core.package_identification:_identify(src) by extensions ['ros']
[2.546s] Level 1:colcon.colcon_core.package_identification:_identify(src) by extension 'ros'
[2.546s] Level 1:colcon.colcon_core.package_identification:_identify(src) by extensions ['cmake', 'python']
[2.546s] Level 1:colcon.colcon_core.package_identification:_identify(src) by extension 'cmake'
[2.546s] Level 1:colcon.colcon_core.package_identification:_identify(src) by extension 'python'
[2.546s] Level 1:colcon.colcon_core.package_identification:_identify(src) by extensions ['python_setup_py']
[2.546s] Level 1:colcon.colcon_core.package_identification:_identify(src) by extension 'python_setup_py'
[2.547s] Level 1:colcon.colcon_core.package_identification:_identify(src/articubot_one) by extensions ['ignore', 'ignore_ament_install']
[2.547s] Level 1:colcon.colcon_core.package_identification:_identify(src/articubot_one) by extension 'ignore'
[2.547s] Level 1:colcon.colcon_core.package_identification:_identify(src/articubot_one) by extension 'ignore_ament_install'
[2.547s] Level 1:colcon.colcon_core.package_identification:_identify(src/articubot_one) by extensions ['colcon_pkg']
[2.547s] Level 1:colcon.colcon_core.package_identification:_identify(src/articubot_one) by extension 'colcon_pkg'
[2.547s] Level 1:colcon.colcon_core.package_identification:_identify(src/articubot_one) by extensions ['colcon_meta']
[2.547s] Level 1:colcon.colcon_core.package_identification:_identify(src/articubot_one) by extension 'colcon_meta'
[2.548s] Level 1:colcon.colcon_core.package_identification:_identify(src/articubot_one) by extensions ['ros']
[2.548s] Level 1:colcon.colcon_core.package_identification:_identify(src/articubot_one) by extension 'ros'
[2.570s] DEBUG:colcon.colcon_core.package_identification:Package 'src/articubot_one' with type 'ros.ament_cmake' and name 'articubot_one'
[2.571s] Level 1:colcon.colcon_core.package_identification:_identify(src/serial_motor_demo) by extensions ['ignore', 'ignore_ament_install']
[2.571s] Level 1:colcon.colcon_core.package_identification:_identify(src/serial_motor_demo) by extension 'ignore'
[2.571s] Level 1:colcon.colcon_core.package_identification:_identify(src/serial_motor_demo) by extension 'ignore_ament_install'
[2.571s] Level 1:colcon.colcon_core.package_identification:_identify(src/serial_motor_demo) by extensions ['colcon_pkg']
[2.571s] Level 1:colcon.colcon_core.package_identification:_identify(src/serial_motor_demo) by extension 'colcon_pkg'
[2.571s] Level 1:colcon.colcon_core.package_identification:_identify(src/serial_motor_demo) by extensions ['colcon_meta']
[2.571s] Level 1:colcon.colcon_core.package_identification:_identify(src/serial_motor_demo) by extension 'colcon_meta'
[2.571s] Level 1:colcon.colcon_core.package_identification:_identify(src/serial_motor_demo) by extensions ['ros']
[2.571s] Level 1:colcon.colcon_core.package_identification:_identify(src/serial_motor_demo) by extension 'ros'
[2.572s] Level 1:colcon.colcon_core.package_identification:_identify(src/serial_motor_demo) by extensions ['cmake', 'python']
[2.572s] Level 1:colcon.colcon_core.package_identification:_identify(src/serial_motor_demo) by extension 'cmake'
[2.572s] Level 1:colcon.colcon_core.package_identification:_identify(src/serial_motor_demo) by extension 'python'
[2.572s] Level 1:colcon.colcon_core.package_identification:_identify(src/serial_motor_demo) by extensions ['python_setup_py']
[2.572s] Level 1:colcon.colcon_core.package_identification:_identify(src/serial_motor_demo) by extension 'python_setup_py'
[2.585s] Level 1:colcon.colcon_core.package_identification:_identify(src/serial_motor_demo/serial_motor_demo) by extensions ['ignore', 'ignore_ament_install']
[2.585s] Level 1:colcon.colcon_core.package_identification:_identify(src/serial_motor_demo/serial_motor_demo) by extension 'ignore'
[2.585s] Level 1:colcon.colcon_core.package_identification:_identify(src/serial_motor_demo/serial_motor_demo) by extension 'ignore_ament_install'
[2.585s] Level 1:colcon.colcon_core.package_identification:_identify(src/serial_motor_demo/serial_motor_demo) by extensions ['colcon_pkg']
[2.585s] Level 1:colcon.colcon_core.package_identification:_identify(src/serial_motor_demo/serial_motor_demo) by extension 'colcon_pkg'
[2.586s] Level 1:colcon.colcon_core.package_identification:_identify(src/serial_motor_demo/serial_motor_demo) by extensions ['colcon_meta']
[2.586s] Level 1:colcon.colcon_core.package_identification:_identify(src/serial_motor_demo/serial_motor_demo) by extension 'colcon_meta'
[2.586s] Level 1:colcon.colcon_core.package_identification:_identify(src/serial_motor_demo/serial_motor_demo) by extensions ['ros']
[2.586s] Level 1:colcon.colcon_core.package_identification:_identify(src/serial_motor_demo/serial_motor_demo) by extension 'ros'
[2.599s] DEBUG:colcon.colcon_core.package_identification:Package 'src/serial_motor_demo/serial_motor_demo' with type 'ros.ament_python' and name 'serial_motor_demo'
[2.600s] Level 1:colcon.colcon_core.package_identification:_identify(src/serial_motor_demo/serial_motor_demo_msgs) by extensions ['ignore', 'ignore_ament_install']
[2.600s] Level 1:colcon.colcon_core.package_identification:_identify(src/serial_motor_demo/serial_motor_demo_msgs) by extension 'ignore'
[2.600s] Level 1:colcon.colcon_core.package_identification:_identify(src/serial_motor_demo/serial_motor_demo_msgs) by extension 'ignore_ament_install'
[2.600s] Level 1:colcon.colcon_core.package_identification:_identify(src/serial_motor_demo/serial_motor_demo_msgs) by extensions ['colcon_pkg']
[2.600s] Level 1:colcon.colcon_core.package_identification:_identify(src/serial_motor_demo/serial_motor_demo_msgs) by extension 'colcon_pkg'
[2.601s] Level 1:colcon.colcon_core.package_identification:_identify(src/serial_motor_demo/serial_motor_demo_msgs) by extensions ['colcon_meta']
[2.601s] Level 1:colcon.colcon_core.package_identification:_identify(src/serial_motor_demo/serial_motor_demo_msgs) by extension 'colcon_meta'
[2.601s] Level 1:colcon.colcon_core.package_identification:_identify(src/serial_motor_demo/serial_motor_demo_msgs) by extensions ['ros']
[2.601s] Level 1:colcon.colcon_core.package_identification:_identify(src/serial_motor_demo/serial_motor_demo_msgs) by extension 'ros'
[2.602s] DEBUG:colcon.colcon_core.package_identification:Package 'src/serial_motor_demo/serial_motor_demo_msgs' with type 'ros.ament_cmake' and name 'serial_motor_demo_msgs'
[2.602s] Level 1:colcon.colcon_core.package_discovery:discover_packages(recursive) using defaults
[2.602s] Level 1:colcon.colcon_core.package_discovery:discover_packages(ignore) discover
[2.602s] Level 1:colcon.colcon_core.package_discovery:discover_packages(ignore) using defaults
[2.602s] Level 1:colcon.colcon_core.package_discovery:discover_packages(path) discover
[2.602s] Level 1:colcon.colcon_core.package_discovery:discover_packages(path) using defaults
[2.653s] Level 1:colcon.colcon_core.package_discovery:discover_packages(prefix_path) check parameters
[2.653s] Level 1:colcon.colcon_core.package_discovery:discover_packages(prefix_path) discover
[2.673s] DEBUG:colcon.colcon_installed_package_information.package_discovery:Found 3 installed packages in /home/forge/arti_ws/install
[2.675s] DEBUG:colcon.colcon_installed_package_information.package_discovery:Found 1 installed packages in /home/forge/dev_ws/install
[2.680s] DEBUG:colcon.colcon_installed_package_information.package_discovery:Found 376 installed packages in /opt/ros/foxy
[2.686s] Level 1:colcon.colcon_core.package_discovery:discover_packages(prefix_path) using defaults
[3.484s] Level 5:colcon.colcon_core.verb:set package 'articubot_one' build argument 'cmake_args' from command line to 'None'
[3.484s] Level 5:colcon.colcon_core.verb:set package 'articubot_one' build argument 'cmake_target' from command line to 'None'
[3.484s] Level 5:colcon.colcon_core.verb:set package 'articubot_one' build argument 'cmake_target_skip_unavailable' from command line to 'False'
[3.484s] Level 5:colcon.colcon_core.verb:set package 'articubot_one' build argument 'cmake_clean_cache' from command line to 'False'
[3.484s] Level 5:colcon.colcon_core.verb:set package 'articubot_one' build argument 'cmake_clean_first' from command line to 'False'
[3.485s] Level 5:colcon.colcon_core.verb:set package 'articubot_one' build argument 'cmake_force_configure' from command line to 'False'
[3.485s] Level 5:colcon.colcon_core.verb:set package 'articubot_one' build argument 'ament_cmake_args' from command line to 'None'
[3.485s] Level 5:colcon.colcon_core.verb:set package 'articubot_one' build argument 'catkin_cmake_args' from command line to 'None'
[3.485s] Level 5:colcon.colcon_core.verb:set package 'articubot_one' build argument 'catkin_skip_building_tests' from command line to 'False'
[3.485s] DEBUG:colcon.colcon_core.verb:Building package 'articubot_one' with the following arguments: {'ament_cmake_args': None, 'build_base': '/home/forge/arti_ws/build/articubot_one', 'catkin_cmake_args': None, 'catkin_skip_building_tests': False, 'cmake_args': None, 'cmake_clean_cache': False, 'cmake_clean_first': False, 'cmake_force_configure': False, 'cmake_target': None, 'cmake_target_skip_unavailable': False, 'install_base': '/home/forge/arti_ws/install/articubot_one', 'merge_install': False, 'path': '/home/forge/arti_ws/src/articubot_one', 'symlink_install': True, 'test_result_base': None}
[3.485s] Level 5:colcon.colcon_core.verb:set package 'serial_motor_demo_msgs' build argument 'cmake_args' from command line to 'None'
[3.486s] Level 5:colcon.colcon_core.verb:set package 'serial_motor_demo_msgs' build argument 'cmake_target' from command line to 'None'
[3.486s] Level 5:colcon.colcon_core.verb:set package 'serial_motor_demo_msgs' build argument 'cmake_target_skip_unavailable' from command line to 'False'
[3.486s] Level 5:colcon.colcon_core.verb:set package 'serial_motor_demo_msgs' build argument 'cmake_clean_cache' from command line to 'False'
[3.486s] Level 5:colcon.colcon_core.verb:set package 'serial_motor_demo_msgs' build argument 'cmake_clean_first' from command line to 'False'
[3.486s] Level 5:colcon.colcon_core.verb:set package 'serial_motor_demo_msgs' build argument 'cmake_force_configure' from command line to 'False'
[3.486s] Level 5:colcon.colcon_core.verb:set package 'serial_motor_demo_msgs' build argument 'ament_cmake_args' from command line to 'None'
[3.486s] Level 5:colcon.colcon_core.verb:set package 'serial_motor_demo_msgs' build argument 'catkin_cmake_args' from command line to 'None'
[3.486s] Level 5:colcon.colcon_core.verb:set package 'serial_motor_demo_msgs' build argument 'catkin_skip_building_tests' from command line to 'False'
[3.486s] DEBUG:colcon.colcon_core.verb:Building package 'serial_motor_demo_msgs' with the following arguments: {'ament_cmake_args': None, 'build_base': '/home/forge/arti_ws/build/serial_motor_demo_msgs', 'catkin_cmake_args': None, 'catkin_skip_building_tests': False, 'cmake_args': None, 'cmake_clean_cache': False, 'cmake_clean_first': False, 'cmake_force_configure': False, 'cmake_target': None, 'cmake_target_skip_unavailable': False, 'install_base': '/home/forge/arti_ws/install/serial_motor_demo_msgs', 'merge_install': False, 'path': '/home/forge/arti_ws/src/serial_motor_demo/serial_motor_demo_msgs', 'symlink_install': True, 'test_result_base': None}
[3.487s] Level 5:colcon.colcon_core.verb:set package 'serial_motor_demo' build argument 'cmake_args' from command line to 'None'
[3.487s] Level 5:colcon.colcon_core.verb:set package 'serial_motor_demo' build argument 'cmake_target' from command line to 'None'
[3.487s] Level 5:colcon.colcon_core.verb:set package 'serial_motor_demo' build argument 'cmake_target_skip_unavailable' from command line to 'False'
[3.487s] Level 5:colcon.colcon_core.verb:set package 'serial_motor_demo' build argument 'cmake_clean_cache' from command line to 'False'
[3.487s] Level 5:colcon.colcon_core.verb:set package 'serial_motor_demo' build argument 'cmake_clean_first' from command line to 'False'
[3.487s] Level 5:colcon.colcon_core.verb:set package 'serial_motor_demo' build argument 'cmake_force_configure' from command line to 'False'
[3.487s] Level 5:colcon.colcon_core.verb:set package 'serial_motor_demo' build argument 'ament_cmake_args' from command line to 'None'
[3.487s] Level 5:colcon.colcon_core.verb:set package 'serial_motor_demo' build argument 'catkin_cmake_args' from command line to 'None'
[3.487s] Level 5:colcon.colcon_core.verb:set package 'serial_motor_demo' build argument 'catkin_skip_building_tests' from command line to 'False'
[3.487s] DEBUG:colcon.colcon_core.verb:Building package 'serial_motor_demo' with the following arguments: {'ament_cmake_args': None, 'build_base': '/home/forge/arti_ws/build/serial_motor_demo', 'catkin_cmake_args': None, 'catkin_skip_building_tests': False, 'cmake_args': None, 'cmake_clean_cache': False, 'cmake_clean_first': False, 'cmake_force_configure': False, 'cmake_target': None, 'cmake_target_skip_unavailable': False, 'install_base': '/home/forge/arti_ws/install/serial_motor_demo', 'merge_install': False, 'path': '/home/forge/arti_ws/src/serial_motor_demo/serial_motor_demo', 'symlink_install': True, 'test_result_base': None}
[3.487s] INFO:colcon.colcon_core.executor:Executing jobs using 'parallel' executor
[3.489s] DEBUG:colcon.colcon_parallel_executor.executor.parallel:run_until_complete
[3.489s] INFO:colcon.colcon_ros.task.ament_cmake.build:Building ROS package in '/home/forge/arti_ws/src/serial_motor_demo/serial_motor_demo_msgs' with build type 'ament_cmake'
[3.489s] INFO:colcon.colcon_cmake.task.cmake.build:Building CMake package in '/home/forge/arti_ws/src/serial_motor_demo/serial_motor_demo_msgs'
[3.525s] INFO:colcon.colcon_core.plugin_system:Skipping extension 'colcon_core.shell.bat': Not used on non-Windows systems
[3.525s] INFO:colcon.colcon_core.shell:Skip shell extension 'powershell' for command environment: Not usable outside of PowerShell
[3.525s] DEBUG:colcon.colcon_core.shell:Skip shell extension 'dsv' for command environment
[3.540s] INFO:colcon.colcon_ros.task.ament_cmake.build:Building ROS package in '/home/forge/arti_ws/src/articubot_one' with build type 'ament_cmake'
[3.541s] INFO:colcon.colcon_cmake.task.cmake.build:Building CMake package in '/home/forge/arti_ws/src/articubot_one'
[3.541s] INFO:colcon.colcon_core.shell:Skip shell extension 'powershell' for command environment: Not usable outside of PowerShell
[3.541s] DEBUG:colcon.colcon_core.shell:Skip shell extension 'dsv' for command environment
[3.587s] DEBUG:colcon.colcon_core.event_handler.log_command:Invoking command in '/home/forge/arti_ws/build/serial_motor_demo_msgs': CMAKE_PREFIX_PATH=${CMAKE_PREFIX_PATH}:/home/forge/arti_ws/install/serial_motor_demo:/opt/ros/foxy /usr/bin/cmake --build /home/forge/arti_ws/build/serial_motor_demo_msgs -- -j8 -l8
[3.651s] DEBUG:colcon.colcon_core.event_handler.log_command:Invoking command in '/home/forge/arti_ws/build/articubot_one': CMAKE_PREFIX_PATH=${CMAKE_PREFIX_PATH}:/home/forge/arti_ws/install/serial_motor_demo:/opt/ros/foxy /usr/bin/cmake --build /home/forge/arti_ws/build/articubot_one -- -j8 -l8
[4.104s] DEBUG:colcon.colcon_core.event_handler.log_command:Invoked command in '/home/forge/arti_ws/build/articubot_one' returned '0': CMAKE_PREFIX_PATH=${CMAKE_PREFIX_PATH}:/home/forge/arti_ws/install/serial_motor_demo:/opt/ros/foxy /usr/bin/cmake --build /home/forge/arti_ws/build/articubot_one -- -j8 -l8
[4.148s] DEBUG:colcon.colcon_core.event_handler.log_command:Invoking command in '/home/forge/arti_ws/build/articubot_one': CMAKE_PREFIX_PATH=${CMAKE_PREFIX_PATH}:/home/forge/arti_ws/install/serial_motor_demo:/opt/ros/foxy /usr/bin/cmake --install /home/forge/arti_ws/build/articubot_one
[4.351s] Level 1:colcon.colcon_core.environment:create_environment_scripts_only(articubot_one)
[4.352s] DEBUG:colcon.colcon_core.event_handler.log_command:Invoked command in '/home/forge/arti_ws/build/articubot_one' returned '0': CMAKE_PREFIX_PATH=${CMAKE_PREFIX_PATH}:/home/forge/arti_ws/install/serial_motor_demo:/opt/ros/foxy /usr/bin/cmake --install /home/forge/arti_ws/build/articubot_one
[4.443s] Level 1:colcon.colcon_core.environment:checking '/home/forge/arti_ws/install/articubot_one' for CMake module files
[4.443s] Level 1:colcon.colcon_core.environment:checking '/home/forge/arti_ws/install/articubot_one' for CMake config files
[4.444s] Level 1:colcon.colcon_core.shell:create_environment_hook('articubot_one', 'cmake_prefix_path')
[4.444s] INFO:colcon.colcon_core.shell:Creating environment hook '/home/forge/arti_ws/install/articubot_one/share/articubot_one/hook/cmake_prefix_path.ps1'
[4.453s] INFO:colcon.colcon_core.shell:Creating environment descriptor '/home/forge/arti_ws/install/articubot_one/share/articubot_one/hook/cmake_prefix_path.dsv'
[4.453s] INFO:colcon.colcon_core.shell:Creating environment hook '/home/forge/arti_ws/install/articubot_one/share/articubot_one/hook/cmake_prefix_path.sh'
[4.455s] Level 1:colcon.colcon_core.environment:checking '/home/forge/arti_ws/install/articubot_one/bin'
[4.455s] Level 1:colcon.colcon_core.environment:checking '/home/forge/arti_ws/install/articubot_one/lib/pkgconfig/articubot_one.pc'
[4.455s] Level 1:colcon.colcon_core.environment:checking '/home/forge/arti_ws/install/articubot_one/lib/python3.8/site-packages'
[4.456s] Level 1:colcon.colcon_core.environment:checking '/home/forge/arti_ws/install/articubot_one/bin'
[4.456s] INFO:colcon.colcon_core.shell:Creating package script '/home/forge/arti_ws/install/articubot_one/share/articubot_one/package.ps1'
[4.457s] INFO:colcon.colcon_core.shell:Creating package descriptor '/home/forge/arti_ws/install/articubot_one/share/articubot_one/package.dsv'
[4.458s] INFO:colcon.colcon_core.shell:Creating package script '/home/forge/arti_ws/install/articubot_one/share/articubot_one/package.sh'
[4.459s] INFO:colcon.colcon_core.shell:Creating package script '/home/forge/arti_ws/install/articubot_one/share/articubot_one/package.bash'
[4.467s] INFO:colcon.colcon_core.shell:Creating package script '/home/forge/arti_ws/install/articubot_one/share/articubot_one/package.zsh'
[4.476s] Level 1:colcon.colcon_core.environment:create_file_with_runtime_dependencies(/home/forge/arti_ws/install/articubot_one/share/colcon-core/packages/articubot_one)
[4.498s] Level 1:colcon.colcon_core.environment:create_environment_scripts_only(articubot_one)
[4.499s] Level 1:colcon.colcon_core.environment:checking '/home/forge/arti_ws/install/articubot_one' for CMake module files
[4.499s] Level 1:colcon.colcon_core.environment:checking '/home/forge/arti_ws/install/articubot_one' for CMake config files
[4.499s] Level 1:colcon.colcon_core.shell:create_environment_hook('articubot_one', 'cmake_prefix_path')
[4.499s] INFO:colcon.colcon_core.shell:Creating environment hook '/home/forge/arti_ws/install/articubot_one/share/articubot_one/hook/cmake_prefix_path.ps1'
[4.500s] INFO:colcon.colcon_core.shell:Creating environment descriptor '/home/forge/arti_ws/install/articubot_one/share/articubot_one/hook/cmake_prefix_path.dsv'
[4.500s] INFO:colcon.colcon_core.shell:Creating environment hook '/home/forge/arti_ws/install/articubot_one/share/articubot_one/hook/cmake_prefix_path.sh'
[4.501s] Level 1:colcon.colcon_core.environment:checking '/home/forge/arti_ws/install/articubot_one/bin'
[4.501s] Level 1:colcon.colcon_core.environment:checking '/home/forge/arti_ws/install/articubot_one/lib/pkgconfig/articubot_one.pc'
[4.501s] Level 1:colcon.colcon_core.environment:checking '/home/forge/arti_ws/install/articubot_one/lib/python3.8/site-packages'
[4.501s] Level 1:colcon.colcon_core.environment:checking '/home/forge/arti_ws/install/articubot_one/bin'
[4.501s] INFO:colcon.colcon_core.shell:Creating package script '/home/forge/arti_ws/install/articubot_one/share/articubot_one/package.ps1'
[4.502s] INFO:colcon.colcon_core.shell:Creating package descriptor '/home/forge/arti_ws/install/articubot_one/share/articubot_one/package.dsv'
[4.502s] INFO:colcon.colcon_core.shell:Creating package script '/home/forge/arti_ws/install/articubot_one/share/articubot_one/package.sh'
[4.503s] INFO:colcon.colcon_core.shell:Creating package script '/home/forge/arti_ws/install/articubot_one/share/articubot_one/package.bash'
[4.503s] INFO:colcon.colcon_core.shell:Creating package script '/home/forge/arti_ws/install/articubot_one/share/articubot_one/package.zsh'
[4.503s] Level 1:colcon.colcon_core.environment:create_file_with_runtime_dependencies(/home/forge/arti_ws/install/articubot_one/share/colcon-core/packages/articubot_one)
[4.727s] DEBUG:colcon.colcon_core.event_handler.log_command:Invoked command in '/home/forge/arti_ws/build/serial_motor_demo_msgs' returned '0': CMAKE_PREFIX_PATH=${CMAKE_PREFIX_PATH}:/home/forge/arti_ws/install/serial_motor_demo:/opt/ros/foxy /usr/bin/cmake --build /home/forge/arti_ws/build/serial_motor_demo_msgs -- -j8 -l8
[4.792s] DEBUG:colcon.colcon_core.event_handler.log_command:Invoking command in '/home/forge/arti_ws/build/serial_motor_demo_msgs': CMAKE_PREFIX_PATH=${CMAKE_PREFIX_PATH}:/home/forge/arti_ws/install/serial_motor_demo:/opt/ros/foxy /usr/bin/cmake --install /home/forge/arti_ws/build/serial_motor_demo_msgs
[4.954s] Level 1:colcon.colcon_core.environment:create_environment_scripts_only(serial_motor_demo_msgs)
[4.955s] Level 1:colcon.colcon_core.environment:checking '/home/forge/arti_ws/install/serial_motor_demo_msgs' for CMake module files
[4.955s] DEBUG:colcon.colcon_core.event_handler.log_command:Invoked command in '/home/forge/arti_ws/build/serial_motor_demo_msgs' returned '0': CMAKE_PREFIX_PATH=${CMAKE_PREFIX_PATH}:/home/forge/arti_ws/install/serial_motor_demo:/opt/ros/foxy /usr/bin/cmake --install /home/forge/arti_ws/build/serial_motor_demo_msgs
[4.956s] Level 1:colcon.colcon_core.environment:checking '/home/forge/arti_ws/install/serial_motor_demo_msgs' for CMake config files
[4.956s] Level 1:colcon.colcon_core.shell:create_environment_hook('serial_motor_demo_msgs', 'cmake_prefix_path')
[4.957s] INFO:colcon.colcon_core.shell:Creating environment hook '/home/forge/arti_ws/install/serial_motor_demo_msgs/share/serial_motor_demo_msgs/hook/cmake_prefix_path.ps1'
[4.957s] INFO:colcon.colcon_core.shell:Creating environment descriptor '/home/forge/arti_ws/install/serial_motor_demo_msgs/share/serial_motor_demo_msgs/hook/cmake_prefix_path.dsv'
[4.957s] INFO:colcon.colcon_core.shell:Creating environment hook '/home/forge/arti_ws/install/serial_motor_demo_msgs/share/serial_motor_demo_msgs/hook/cmake_prefix_path.sh'
[4.958s] Level 1:colcon.colcon_core.environment:checking '/home/forge/arti_ws/install/serial_motor_demo_msgs/lib'
[4.958s] Level 1:colcon.colcon_core.shell:create_environment_hook('serial_motor_demo_msgs', 'ld_library_path_lib')
[4.958s] INFO:colcon.colcon_core.shell:Creating environment hook '/home/forge/arti_ws/install/serial_motor_demo_msgs/share/serial_motor_demo_msgs/hook/ld_library_path_lib.ps1'
[4.959s] INFO:colcon.colcon_core.shell:Creating environment descriptor '/home/forge/arti_ws/install/serial_motor_demo_msgs/share/serial_motor_demo_msgs/hook/ld_library_path_lib.dsv'
[4.959s] INFO:colcon.colcon_core.shell:Creating environment hook '/home/forge/arti_ws/install/serial_motor_demo_msgs/share/serial_motor_demo_msgs/hook/ld_library_path_lib.sh'
[4.959s] Level 1:colcon.colcon_core.environment:checking '/home/forge/arti_ws/install/serial_motor_demo_msgs/bin'
[4.959s] Level 1:colcon.colcon_core.environment:checking '/home/forge/arti_ws/install/serial_motor_demo_msgs/lib/pkgconfig/serial_motor_demo_msgs.pc'
[4.960s] Level 1:colcon.colcon_core.environment:checking '/home/forge/arti_ws/install/serial_motor_demo_msgs/lib/python3.8/site-packages'
[4.960s] Level 1:colcon.colcon_core.shell:create_environment_hook('serial_motor_demo_msgs', 'pythonpath')
[4.960s] INFO:colcon.colcon_core.shell:Creating environment hook '/home/forge/arti_ws/install/serial_motor_demo_msgs/share/serial_motor_demo_msgs/hook/pythonpath.ps1'
[4.960s] INFO:colcon.colcon_core.shell:Creating environment descriptor '/home/forge/arti_ws/install/serial_motor_demo_msgs/share/serial_motor_demo_msgs/hook/pythonpath.dsv'
[4.960s] INFO:colcon.colcon_core.shell:Creating environment hook '/home/forge/arti_ws/install/serial_motor_demo_msgs/share/serial_motor_demo_msgs/hook/pythonpath.sh'
[4.961s] Level 1:colcon.colcon_core.environment:checking '/home/forge/arti_ws/install/serial_motor_demo_msgs/bin'
[4.961s] INFO:colcon.colcon_core.shell:Creating package script '/home/forge/arti_ws/install/serial_motor_demo_msgs/share/serial_motor_demo_msgs/package.ps1'
[4.962s] INFO:colcon.colcon_core.shell:Creating package descriptor '/home/forge/arti_ws/install/serial_motor_demo_msgs/share/serial_motor_demo_msgs/package.dsv'
[4.962s] INFO:colcon.colcon_core.shell:Creating package script '/home/forge/arti_ws/install/serial_motor_demo_msgs/share/serial_motor_demo_msgs/package.sh'
[4.962s] INFO:colcon.colcon_core.shell:Creating package script '/home/forge/arti_ws/install/serial_motor_demo_msgs/share/serial_motor_demo_msgs/package.bash'
[4.963s] INFO:colcon.colcon_core.shell:Creating package script '/home/forge/arti_ws/install/serial_motor_demo_msgs/share/serial_motor_demo_msgs/package.zsh'
[4.963s] Level 1:colcon.colcon_core.environment:create_file_with_runtime_dependencies(/home/forge/arti_ws/install/serial_motor_demo_msgs/share/colcon-core/packages/serial_motor_demo_msgs)
[5.022s] Level 1:colcon.colcon_core.environment:create_environment_scripts_only(serial_motor_demo_msgs)
[5.022s] Level 1:colcon.colcon_core.environment:checking '/home/forge/arti_ws/install/serial_motor_demo_msgs' for CMake module files
[5.023s] Level 1:colcon.colcon_core.environment:checking '/home/forge/arti_ws/install/serial_motor_demo_msgs' for CMake config files
[5.023s] Level 1:colcon.colcon_core.shell:create_environment_hook('serial_motor_demo_msgs', 'cmake_prefix_path')
[5.024s] INFO:colcon.colcon_core.shell:Creating environment hook '/home/forge/arti_ws/install/serial_motor_demo_msgs/share/serial_motor_demo_msgs/hook/cmake_prefix_path.ps1'
[5.024s] INFO:colcon.colcon_core.shell:Creating environment descriptor '/home/forge/arti_ws/install/serial_motor_demo_msgs/share/serial_motor_demo_msgs/hook/cmake_prefix_path.dsv'
[5.025s] INFO:colcon.colcon_core.shell:Creating environment hook '/home/forge/arti_ws/install/serial_motor_demo_msgs/share/serial_motor_demo_msgs/hook/cmake_prefix_path.sh'
[5.025s] Level 1:colcon.colcon_core.environment:checking '/home/forge/arti_ws/install/serial_motor_demo_msgs/lib'
[5.025s] Level 1:colcon.colcon_core.shell:create_environment_hook('serial_motor_demo_msgs', 'ld_library_path_lib')
[5.026s] INFO:colcon.colcon_core.shell:Creating environment hook '/home/forge/arti_ws/install/serial_motor_demo_msgs/share/serial_motor_demo_msgs/hook/ld_library_path_lib.ps1'
[5.026s] INFO:colcon.colcon_core.shell:Creating environment descriptor '/home/forge/arti_ws/install/serial_motor_demo_msgs/share/serial_motor_demo_msgs/hook/ld_library_path_lib.dsv'
[5.026s] INFO:colcon.colcon_core.shell:Creating environment hook '/home/forge/arti_ws/install/serial_motor_demo_msgs/share/serial_motor_demo_msgs/hook/ld_library_path_lib.sh'
[5.026s] Level 1:colcon.colcon_core.environment:checking '/home/forge/arti_ws/install/serial_motor_demo_msgs/bin'
[5.026s] Level 1:colcon.colcon_core.environment:checking '/home/forge/arti_ws/install/serial_motor_demo_msgs/lib/pkgconfig/serial_motor_demo_msgs.pc'
[5.027s] Level 1:colcon.colcon_core.environment:checking '/home/forge/arti_ws/install/serial_motor_demo_msgs/lib/python3.8/site-packages'
[5.027s] Level 1:colcon.colcon_core.shell:create_environment_hook('serial_motor_demo_msgs', 'pythonpath')
[5.027s] INFO:colcon.colcon_core.shell:Creating environment hook '/home/forge/arti_ws/install/serial_motor_demo_msgs/share/serial_motor_demo_msgs/hook/pythonpath.ps1'
[5.027s] INFO:colcon.colcon_core.shell:Creating environment descriptor '/home/forge/arti_ws/install/serial_motor_demo_msgs/share/serial_motor_demo_msgs/hook/pythonpath.dsv'
[5.027s] INFO:colcon.colcon_core.shell:Creating environment hook '/home/forge/arti_ws/install/serial_motor_demo_msgs/share/serial_motor_demo_msgs/hook/pythonpath.sh'
[5.028s] Level 1:colcon.colcon_core.environment:checking '/home/forge/arti_ws/install/serial_motor_demo_msgs/bin'
[5.028s] INFO:colcon.colcon_core.shell:Creating package script '/home/forge/arti_ws/install/serial_motor_demo_msgs/share/serial_motor_demo_msgs/package.ps1'
[5.028s] INFO:colcon.colcon_core.shell:Creating package descriptor '/home/forge/arti_ws/install/serial_motor_demo_msgs/share/serial_motor_demo_msgs/package.dsv'
[5.029s] INFO:colcon.colcon_core.shell:Creating package script '/home/forge/arti_ws/install/serial_motor_demo_msgs/share/serial_motor_demo_msgs/package.sh'
[5.029s] INFO:colcon.colcon_core.shell:Creating package script '/home/forge/arti_ws/install/serial_motor_demo_msgs/share/serial_motor_demo_msgs/package.bash'
[5.030s] INFO:colcon.colcon_core.shell:Creating package script '/home/forge/arti_ws/install/serial_motor_demo_msgs/share/serial_motor_demo_msgs/package.zsh'
[5.030s] Level 1:colcon.colcon_core.environment:create_file_with_runtime_dependencies(/home/forge/arti_ws/install/serial_motor_demo_msgs/share/colcon-core/packages/serial_motor_demo_msgs)
[5.030s] INFO:colcon.colcon_ros.task.ament_python.build:Building ROS package in '/home/forge/arti_ws/src/serial_motor_demo/serial_motor_demo' with build type 'ament_python'
[5.031s] Level 1:colcon.colcon_core.shell:create_environment_hook('serial_motor_demo', 'ament_prefix_path')
[5.031s] INFO:colcon.colcon_core.shell:Creating environment hook '/home/forge/arti_ws/install/serial_motor_demo/share/serial_motor_demo/hook/ament_prefix_path.ps1'
[5.031s] INFO:colcon.colcon_core.shell:Creating environment descriptor '/home/forge/arti_ws/install/serial_motor_demo/share/serial_motor_demo/hook/ament_prefix_path.dsv'
[5.032s] INFO:colcon.colcon_core.shell:Creating environment hook '/home/forge/arti_ws/install/serial_motor_demo/share/serial_motor_demo/hook/ament_prefix_path.sh'
[5.032s] INFO:colcon.colcon_core.shell:Skip shell extension 'powershell' for command environment: Not usable outside of PowerShell
[5.032s] DEBUG:colcon.colcon_core.shell:Skip shell extension 'dsv' for command environment
[5.333s] INFO:colcon.colcon_core.task.python.build:Building Python package in '/home/forge/arti_ws/src/serial_motor_demo/serial_motor_demo'
[5.334s] INFO:colcon.colcon_core.shell:Skip shell extension 'powershell' for command environment: Not usable outside of PowerShell
[5.334s] DEBUG:colcon.colcon_core.shell:Skip shell extension 'dsv' for command environment
[6.489s] DEBUG:colcon.colcon_core.event_handler.log_command:Invoking command in '/home/forge/arti_ws/build/serial_motor_demo': LD_LIBRARY_PATH=/home/forge/arti_ws/install/serial_motor_demo_msgs/lib:/usr/lib/x86_64-linux-gnu/:/usr/lib/x86_64-linux-gnu/gazebo-11/plugins:/opt/ros/foxy/opt/yaml_cpp_vendor/lib:/opt/ros/foxy/opt/rviz_ogre_vendor/lib:/opt/ros/foxy/lib/x86_64-linux-gnu:/opt/ros/foxy/lib PYTHONPATH=/home/forge/arti_ws/build/serial_motor_demo/prefix_override:/home/forge/arti_ws/install/serial_motor_demo/lib/python3.8/site-packages:/home/forge/arti_ws/install/serial_motor_demo_msgs/lib/python3.8/site-packages:/home/forge/arti_ws/build/serial_motor_demo:/home/forge/arti_ws/install/serial_motor_demo/lib/python3.8/site-packages:/opt/ros/foxy/lib/python3.8/site-packages /usr/bin/python3 -W ignore:setup.py install is deprecated setup.py develop --editable --build-directory /home/forge/arti_ws/build/serial_motor_demo/build --no-deps symlink_data
[6.997s] Level 1:colcon.colcon_core.shell:create_environment_hook('serial_motor_demo', 'pythonpath_develop')
[6.997s] INFO:colcon.colcon_core.shell:Creating environment hook '/home/forge/arti_ws/build/serial_motor_demo/share/serial_motor_demo/hook/pythonpath_develop.ps1'
[6.998s] DEBUG:colcon.colcon_core.event_handler.log_command:Invoked command in '/home/forge/arti_ws/build/serial_motor_demo' returned '0': LD_LIBRARY_PATH=/home/forge/arti_ws/install/serial_motor_demo_msgs/lib:/usr/lib/x86_64-linux-gnu/:/usr/lib/x86_64-linux-gnu/gazebo-11/plugins:/opt/ros/foxy/opt/yaml_cpp_vendor/lib:/opt/ros/foxy/opt/rviz_ogre_vendor/lib:/opt/ros/foxy/lib/x86_64-linux-gnu:/opt/ros/foxy/lib PYTHONPATH=/home/forge/arti_ws/build/serial_motor_demo/prefix_override:/home/forge/arti_ws/install/serial_motor_demo/lib/python3.8/site-packages:/home/forge/arti_ws/install/serial_motor_demo_msgs/lib/python3.8/site-packages:/home/forge/arti_ws/build/serial_motor_demo:/home/forge/arti_ws/install/serial_motor_demo/lib/python3.8/site-packages:/opt/ros/foxy/lib/python3.8/site-packages /usr/bin/python3 -W ignore:setup.py install is deprecated setup.py develop --editable --build-directory /home/forge/arti_ws/build/serial_motor_demo/build --no-deps symlink_data
[6.998s] INFO:colcon.colcon_core.shell:Creating environment descriptor '/home/forge/arti_ws/build/serial_motor_demo/share/serial_motor_demo/hook/pythonpath_develop.dsv'
[6.999s] INFO:colcon.colcon_core.shell:Creating environment hook '/home/forge/arti_ws/build/serial_motor_demo/share/serial_motor_demo/hook/pythonpath_develop.sh'
[6.999s] Level 1:colcon.colcon_core.environment:checking '/home/forge/arti_ws/install/serial_motor_demo' for CMake module files
[7.000s] Level 1:colcon.colcon_core.environment:checking '/home/forge/arti_ws/install/serial_motor_demo' for CMake config files
[7.000s] Level 1:colcon.colcon_core.environment:checking '/home/forge/arti_ws/install/serial_motor_demo/lib'
[7.000s] Level 1:colcon.colcon_core.environment:checking '/home/forge/arti_ws/install/serial_motor_demo/bin'
[7.000s] Level 1:colcon.colcon_core.environment:checking '/home/forge/arti_ws/install/serial_motor_demo/lib/pkgconfig/serial_motor_demo.pc'
[7.000s] Level 1:colcon.colcon_core.environment:checking '/home/forge/arti_ws/install/serial_motor_demo/lib/python3.8/site-packages'
[7.001s] Level 1:colcon.colcon_core.shell:create_environment_hook('serial_motor_demo', 'pythonpath')
[7.001s] INFO:colcon.colcon_core.shell:Creating environment hook '/home/forge/arti_ws/install/serial_motor_demo/share/serial_motor_demo/hook/pythonpath.ps1'
[7.001s] INFO:colcon.colcon_core.shell:Creating environment descriptor '/home/forge/arti_ws/install/serial_motor_demo/share/serial_motor_demo/hook/pythonpath.dsv'
[7.001s] INFO:colcon.colcon_core.shell:Creating environment hook '/home/forge/arti_ws/install/serial_motor_demo/share/serial_motor_demo/hook/pythonpath.sh'
[7.002s] Level 1:colcon.colcon_core.environment:checking '/home/forge/arti_ws/install/serial_motor_demo/bin'
[7.002s] Level 1:colcon.colcon_core.environment:create_environment_scripts_only(serial_motor_demo)
[7.002s] INFO:colcon.colcon_core.shell:Creating package script '/home/forge/arti_ws/install/serial_motor_demo/share/serial_motor_demo/package.ps1'
[7.003s] INFO:colcon.colcon_core.shell:Creating package descriptor '/home/forge/arti_ws/install/serial_motor_demo/share/serial_motor_demo/package.dsv'
[7.003s] INFO:colcon.colcon_core.shell:Creating package script '/home/forge/arti_ws/install/serial_motor_demo/share/serial_motor_demo/package.sh'
[7.004s] INFO:colcon.colcon_core.shell:Creating package script '/home/forge/arti_ws/install/serial_motor_demo/share/serial_motor_demo/package.bash'
[7.004s] INFO:colcon.colcon_core.shell:Creating package script '/home/forge/arti_ws/install/serial_motor_demo/share/serial_motor_demo/package.zsh'
[7.004s] Level 1:colcon.colcon_core.environment:create_file_with_runtime_dependencies(/home/forge/arti_ws/install/serial_motor_demo/share/colcon-core/packages/serial_motor_demo)
[7.004s] DEBUG:colcon.colcon_parallel_executor.executor.parallel:closing loop
[7.005s] DEBUG:colcon.colcon_parallel_executor.executor.parallel:loop closed
[7.005s] DEBUG:colcon.colcon_parallel_executor.executor.parallel:run_until_complete finished with '0'
[7.005s] DEBUG:colcon.colcon_core.event_reactor:joining thread
[7.023s] INFO:colcon.colcon_core.plugin_system:Skipping extension 'colcon_notification.desktop_notification.terminal_notifier': Not used on non-Darwin systems
[7.023s] INFO:colcon.colcon_core.plugin_system:Skipping extension 'colcon_notification.desktop_notification.win32': Not used on non-Windows systems
[7.023s] INFO:colcon.colcon_notification.desktop_notification:Sending desktop notification using 'notify2'
[7.039s] DEBUG:colcon.colcon_core.event_reactor:joined thread
[7.039s] INFO:colcon.colcon_core.shell:Creating prefix script '/home/forge/arti_ws/install/local_setup.ps1'
[7.062s] INFO:colcon.colcon_core.shell:Creating prefix util module '/home/forge/arti_ws/install/_local_setup_util_ps1.py'
[7.090s] INFO:colcon.colcon_core.shell:Creating prefix chain script '/home/forge/arti_ws/install/setup.ps1'
[7.105s] INFO:colcon.colcon_core.shell:Creating prefix script '/home/forge/arti_ws/install/local_setup.sh'
[7.106s] INFO:colcon.colcon_core.shell:Creating prefix util module '/home/forge/arti_ws/install/_local_setup_util_sh.py'
[7.108s] INFO:colcon.colcon_core.shell:Creating prefix chain script '/home/forge/arti_ws/install/setup.sh'
[7.111s] INFO:colcon.colcon_core.shell:Creating prefix script '/home/forge/arti_ws/install/local_setup.bash'
[7.119s] INFO:colcon.colcon_core.shell:Creating prefix chain script '/home/forge/arti_ws/install/setup.bash'
[7.122s] INFO:colcon.colcon_core.shell:Creating prefix script '/home/forge/arti_ws/install/local_setup.zsh'
[7.136s] INFO:colcon.colcon_core.shell:Creating prefix chain script '/home/forge/arti_ws/install/setup.zsh'
