[0.167s] DEBUG:colcon:Command line arguments: ['/usr/bin/colcon', 'build']
[0.167s] DEBUG:colcon:Parsed command line arguments: Namespace(allow_overriding=[], ament_cmake_args=None, base_paths=['.'], build_base='build', catkin_cmake_args=None, catkin_skip_building_tests=False, cmake_args=None, cmake_clean_cache=False, cmake_clean_first=False, cmake_force_configure=False, cmake_target=None, cmake_target_skip_unavailable=False, continue_on_error=False, event_handlers=None, executor='parallel', ignore_user_meta=False, install_base='install', log_base=None, log_level=None, main=<bound method BuildVerb.main of <colcon_core.verb.build.BuildVerb object at 0x7fe91f4120a0>>, merge_install=False, metas=['./colcon.meta'], packages_above=None, packages_above_and_dependencies=None, packages_above_depth=None, packages_end=None, packages_ignore=None, packages_ignore_regex=None, packages_select=None, packages_select_build_failed=False, packages_select_by_dep=None, packages_select_regex=None, packages_select_test_failures=False, packages_skip=None, packages_skip_build_finished=False, packages_skip_by_dep=None, packages_skip_regex=None, packages_skip_test_passed=False, packages_skip_up_to=None, packages_start=None, packages_up_to=None, packages_up_to_regex=None, parallel_workers=8, paths=None, symlink_install=False, test_result_base=None, verb_extension=<colcon_core.verb.build.BuildVerb object at 0x7fe91f4120a0>, verb_name='build', verb_parser=<colcon_defaults.argument_parser.defaults.DefaultArgumentsDecorator object at 0x7fe91f263dc0>)
[0.301s] Level 1:colcon.colcon_core.package_discovery:discover_packages(colcon_meta) check parameters
[0.301s] Level 1:colcon.colcon_core.package_discovery:discover_packages(recursive) check parameters
[0.301s] Level 1:colcon.colcon_core.package_discovery:discover_packages(ignore) check parameters
[0.301s] Level 1:colcon.colcon_core.package_discovery:discover_packages(path) check parameters
[0.301s] Level 1:colcon.colcon_core.package_discovery:discover_packages(colcon_meta) discover
[0.301s] Level 1:colcon.colcon_core.package_discovery:discover_packages(recursive) discover
[0.301s] INFO:colcon.colcon_core.package_discovery:Crawling recursively for packages in '/home/forge/arti_ws'
[0.301s] Level 1:colcon.colcon_core.package_identification:_identify(.) by extensions ['ignore', 'ignore_ament_install']
[0.301s] Level 1:colcon.colcon_core.package_identification:_identify(.) by extension 'ignore'
[0.301s] Level 1:colcon.colcon_core.package_identification:_identify(.) by extension 'ignore_ament_install'
[0.301s] Level 1:colcon.colcon_core.package_identification:_identify(.) by extensions ['colcon_pkg']
[0.301s] Level 1:colcon.colcon_core.package_identification:_identify(.) by extension 'colcon_pkg'
[0.301s] Level 1:colcon.colcon_core.package_identification:_identify(.) by extensions ['colcon_meta']
[0.301s] Level 1:colcon.colcon_core.package_identification:_identify(.) by extension 'colcon_meta'
[0.301s] Level 1:colcon.colcon_core.package_identification:_identify(.) by extensions ['ros']
[0.302s] Level 1:colcon.colcon_core.package_identification:_identify(.) by extension 'ros'
[0.311s] Level 1:colcon.colcon_core.package_identification:_identify(.) by extensions ['cmake', 'python']
[0.311s] Level 1:colcon.colcon_core.package_identification:_identify(.) by extension 'cmake'
[0.311s] Level 1:colcon.colcon_core.package_identification:_identify(.) by extension 'python'
[0.311s] Level 1:colcon.colcon_core.package_identification:_identify(.) by extensions ['python_setup_py']
[0.311s] Level 1:colcon.colcon_core.package_identification:_identify(.) by extension 'python_setup_py'
[0.311s] Level 1:colcon.colcon_core.package_identification:_identify(build) by extensions ['ignore', 'ignore_ament_install']
[0.311s] Level 1:colcon.colcon_core.package_identification:_identify(build) by extension 'ignore'
[0.311s] Level 1:colcon.colcon_core.package_identification:_identify(build) ignored
[0.311s] Level 1:colcon.colcon_core.package_identification:_identify(install) by extensions ['ignore', 'ignore_ament_install']
[0.312s] Level 1:colcon.colcon_core.package_identification:_identify(install) by extension 'ignore'
[0.312s] Level 1:colcon.colcon_core.package_identification:_identify(install) ignored
[0.312s] Level 1:colcon.colcon_core.package_identification:_identify(log) by extensions ['ignore', 'ignore_ament_install']
[0.312s] Level 1:colcon.colcon_core.package_identification:_identify(log) by extension 'ignore'
[0.312s] Level 1:colcon.colcon_core.package_identification:_identify(log) ignored
[0.312s] Level 1:colcon.colcon_core.package_identification:_identify(serial_motor_demo) by extensions ['ignore', 'ignore_ament_install']
[0.312s] Level 1:colcon.colcon_core.package_identification:_identify(serial_motor_demo) by extension 'ignore'
[0.312s] Level 1:colcon.colcon_core.package_identification:_identify(serial_motor_demo) by extension 'ignore_ament_install'
[0.312s] Level 1:colcon.colcon_core.package_identification:_identify(serial_motor_demo) by extensions ['colcon_pkg']
[0.312s] Level 1:colcon.colcon_core.package_identification:_identify(serial_motor_demo) by extension 'colcon_pkg'
[0.312s] Level 1:colcon.colcon_core.package_identification:_identify(serial_motor_demo) by extensions ['colcon_meta']
[0.312s] Level 1:colcon.colcon_core.package_identification:_identify(serial_motor_demo) by extension 'colcon_meta'
[0.312s] Level 1:colcon.colcon_core.package_identification:_identify(serial_motor_demo) by extensions ['ros']
[0.312s] Level 1:colcon.colcon_core.package_identification:_identify(serial_motor_demo) by extension 'ros'
[0.312s] Level 1:colcon.colcon_core.package_identification:_identify(serial_motor_demo) by extensions ['cmake', 'python']
[0.312s] Level 1:colcon.colcon_core.package_identification:_identify(serial_motor_demo) by extension 'cmake'
[0.312s] Level 1:colcon.colcon_core.package_identification:_identify(serial_motor_demo) by extension 'python'
[0.312s] Level 1:colcon.colcon_core.package_identification:_identify(serial_motor_demo) by extensions ['python_setup_py']
[0.312s] Level 1:colcon.colcon_core.package_identification:_identify(serial_motor_demo) by extension 'python_setup_py'
[0.312s] Level 1:colcon.colcon_core.package_identification:_identify(serial_motor_demo/serial_motor_demo) by extensions ['ignore', 'ignore_ament_install']
[0.313s] Level 1:colcon.colcon_core.package_identification:_identify(serial_motor_demo/serial_motor_demo) by extension 'ignore'
[0.313s] Level 1:colcon.colcon_core.package_identification:_identify(serial_motor_demo/serial_motor_demo) by extension 'ignore_ament_install'
[0.313s] Level 1:colcon.colcon_core.package_identification:_identify(serial_motor_demo/serial_motor_demo) by extensions ['colcon_pkg']
[0.313s] Level 1:colcon.colcon_core.package_identification:_identify(serial_motor_demo/serial_motor_demo) by extension 'colcon_pkg'
[0.313s] Level 1:colcon.colcon_core.package_identification:_identify(serial_motor_demo/serial_motor_demo) by extensions ['colcon_meta']
[0.313s] Level 1:colcon.colcon_core.package_identification:_identify(serial_motor_demo/serial_motor_demo) by extension 'colcon_meta'
[0.313s] Level 1:colcon.colcon_core.package_identification:_identify(serial_motor_demo/serial_motor_demo) by extensions ['ros']
[0.313s] Level 1:colcon.colcon_core.package_identification:_identify(serial_motor_demo/serial_motor_demo) by extension 'ros'
[0.315s] DEBUG:colcon.colcon_core.package_identification:Package 'serial_motor_demo/serial_motor_demo' with type 'ros.ament_python' and name 'serial_motor_demo'
[0.315s] Level 1:colcon.colcon_core.package_identification:_identify(serial_motor_demo/serial_motor_demo_msgs) by extensions ['ignore', 'ignore_ament_install']
[0.315s] Level 1:colcon.colcon_core.package_identification:_identify(serial_motor_demo/serial_motor_demo_msgs) by extension 'ignore'
[0.315s] Level 1:colcon.colcon_core.package_identification:_identify(serial_motor_demo/serial_motor_demo_msgs) by extension 'ignore_ament_install'
[0.315s] Level 1:colcon.colcon_core.package_identification:_identify(serial_motor_demo/serial_motor_demo_msgs) by extensions ['colcon_pkg']
[0.315s] Level 1:colcon.colcon_core.package_identification:_identify(serial_motor_demo/serial_motor_demo_msgs) by extension 'colcon_pkg'
[0.315s] Level 1:colcon.colcon_core.package_identification:_identify(serial_motor_demo/serial_motor_demo_msgs) by extensions ['colcon_meta']
[0.315s] Level 1:colcon.colcon_core.package_identification:_identify(serial_motor_demo/serial_motor_demo_msgs) by extension 'colcon_meta'
[0.315s] Level 1:colcon.colcon_core.package_identification:_identify(serial_motor_demo/serial_motor_demo_msgs) by extensions ['ros']
[0.315s] Level 1:colcon.colcon_core.package_identification:_identify(serial_motor_demo/serial_motor_demo_msgs) by extension 'ros'
[0.316s] DEBUG:colcon.colcon_core.package_identification:Package 'serial_motor_demo/serial_motor_demo_msgs' with type 'ros.ament_cmake' and name 'serial_motor_demo_msgs'
[0.316s] Level 1:colcon.colcon_core.package_identification:_identify(src) by extensions ['ignore', 'ignore_ament_install']
[0.316s] Level 1:colcon.colcon_core.package_identification:_identify(src) by extension 'ignore'
[0.316s] Level 1:colcon.colcon_core.package_identification:_identify(src) by extension 'ignore_ament_install'
[0.316s] Level 1:colcon.colcon_core.package_identification:_identify(src) by extensions ['colcon_pkg']
[0.316s] Level 1:colcon.colcon_core.package_identification:_identify(src) by extension 'colcon_pkg'
[0.316s] Level 1:colcon.colcon_core.package_identification:_identify(src) by extensions ['colcon_meta']
[0.316s] Level 1:colcon.colcon_core.package_identification:_identify(src) by extension 'colcon_meta'
[0.316s] Level 1:colcon.colcon_core.package_identification:_identify(src) by extensions ['ros']
[0.316s] Level 1:colcon.colcon_core.package_identification:_identify(src) by extension 'ros'
[0.316s] Level 1:colcon.colcon_core.package_identification:_identify(src) by extensions ['cmake', 'python']
[0.316s] Level 1:colcon.colcon_core.package_identification:_identify(src) by extension 'cmake'
[0.316s] Level 1:colcon.colcon_core.package_identification:_identify(src) by extension 'python'
[0.316s] Level 1:colcon.colcon_core.package_identification:_identify(src) by extensions ['python_setup_py']
[0.316s] Level 1:colcon.colcon_core.package_identification:_identify(src) by extension 'python_setup_py'
[0.317s] Level 1:colcon.colcon_core.package_identification:_identify(src/articubot_one) by extensions ['ignore', 'ignore_ament_install']
[0.317s] Level 1:colcon.colcon_core.package_identification:_identify(src/articubot_one) by extension 'ignore'
[0.317s] Level 1:colcon.colcon_core.package_identification:_identify(src/articubot_one) by extension 'ignore_ament_install'
[0.317s] Level 1:colcon.colcon_core.package_identification:_identify(src/articubot_one) by extensions ['colcon_pkg']
[0.317s] Level 1:colcon.colcon_core.package_identification:_identify(src/articubot_one) by extension 'colcon_pkg'
[0.317s] Level 1:colcon.colcon_core.package_identification:_identify(src/articubot_one) by extensions ['colcon_meta']
[0.317s] Level 1:colcon.colcon_core.package_identification:_identify(src/articubot_one) by extension 'colcon_meta'
[0.317s] Level 1:colcon.colcon_core.package_identification:_identify(src/articubot_one) by extensions ['ros']
[0.317s] Level 1:colcon.colcon_core.package_identification:_identify(src/articubot_one) by extension 'ros'
[0.317s] DEBUG:colcon.colcon_core.package_identification:Package 'src/articubot_one' with type 'ros.ament_cmake' and name 'articubot_one'
[0.317s] Level 1:colcon.colcon_core.package_discovery:discover_packages(recursive) using defaults
[0.318s] Level 1:colcon.colcon_core.package_discovery:discover_packages(ignore) discover
[0.318s] Level 1:colcon.colcon_core.package_discovery:discover_packages(ignore) using defaults
[0.318s] Level 1:colcon.colcon_core.package_discovery:discover_packages(path) discover
[0.318s] Level 1:colcon.colcon_core.package_discovery:discover_packages(path) using defaults
[0.331s] Level 1:colcon.colcon_core.package_discovery:discover_packages(prefix_path) check parameters
[0.331s] Level 1:colcon.colcon_core.package_discovery:discover_packages(prefix_path) discover
[0.333s] DEBUG:colcon.colcon_installed_package_information.package_discovery:Found 3 installed packages in /home/forge/arti_ws/install
[0.333s] DEBUG:colcon.colcon_installed_package_information.package_discovery:Found 1 installed packages in /home/forge/dev_ws/install
[0.334s] DEBUG:colcon.colcon_installed_package_information.package_discovery:Found 275 installed packages in /opt/ros/foxy
[0.335s] Level 1:colcon.colcon_core.package_discovery:discover_packages(prefix_path) using defaults
[0.398s] Level 5:colcon.colcon_core.verb:set package 'articubot_one' build argument 'cmake_args' from command line to 'None'
[0.398s] Level 5:colcon.colcon_core.verb:set package 'articubot_one' build argument 'cmake_target' from command line to 'None'
[0.398s] Level 5:colcon.colcon_core.verb:set package 'articubot_one' build argument 'cmake_target_skip_unavailable' from command line to 'False'
[0.398s] Level 5:colcon.colcon_core.verb:set package 'articubot_one' build argument 'cmake_clean_cache' from command line to 'False'
[0.398s] Level 5:colcon.colcon_core.verb:set package 'articubot_one' build argument 'cmake_clean_first' from command line to 'False'
[0.398s] Level 5:colcon.colcon_core.verb:set package 'articubot_one' build argument 'cmake_force_configure' from command line to 'False'
[0.398s] Level 5:colcon.colcon_core.verb:set package 'articubot_one' build argument 'ament_cmake_args' from command line to 'None'
[0.398s] Level 5:colcon.colcon_core.verb:set package 'articubot_one' build argument 'catkin_cmake_args' from command line to 'None'
[0.398s] Level 5:colcon.colcon_core.verb:set package 'articubot_one' build argument 'catkin_skip_building_tests' from command line to 'False'
[0.398s] DEBUG:colcon.colcon_core.verb:Building package 'articubot_one' with the following arguments: {'ament_cmake_args': None, 'build_base': '/home/forge/arti_ws/build/articubot_one', 'catkin_cmake_args': None, 'catkin_skip_building_tests': False, 'cmake_args': None, 'cmake_clean_cache': False, 'cmake_clean_first': False, 'cmake_force_configure': False, 'cmake_target': None, 'cmake_target_skip_unavailable': False, 'install_base': '/home/forge/arti_ws/install/articubot_one', 'merge_install': False, 'path': '/home/forge/arti_ws/src/articubot_one', 'symlink_install': False, 'test_result_base': None}
[0.399s] Level 5:colcon.colcon_core.verb:set package 'serial_motor_demo_msgs' build argument 'cmake_args' from command line to 'None'
[0.399s] Level 5:colcon.colcon_core.verb:set package 'serial_motor_demo_msgs' build argument 'cmake_target' from command line to 'None'
[0.399s] Level 5:colcon.colcon_core.verb:set package 'serial_motor_demo_msgs' build argument 'cmake_target_skip_unavailable' from command line to 'False'
[0.399s] Level 5:colcon.colcon_core.verb:set package 'serial_motor_demo_msgs' build argument 'cmake_clean_cache' from command line to 'False'
[0.399s] Level 5:colcon.colcon_core.verb:set package 'serial_motor_demo_msgs' build argument 'cmake_clean_first' from command line to 'False'
[0.399s] Level 5:colcon.colcon_core.verb:set package 'serial_motor_demo_msgs' build argument 'cmake_force_configure' from command line to 'False'
[0.399s] Level 5:colcon.colcon_core.verb:set package 'serial_motor_demo_msgs' build argument 'ament_cmake_args' from command line to 'None'
[0.399s] Level 5:colcon.colcon_core.verb:set package 'serial_motor_demo_msgs' build argument 'catkin_cmake_args' from command line to 'None'
[0.399s] Level 5:colcon.colcon_core.verb:set package 'serial_motor_demo_msgs' build argument 'catkin_skip_building_tests' from command line to 'False'
[0.399s] DEBUG:colcon.colcon_core.verb:Building package 'serial_motor_demo_msgs' with the following arguments: {'ament_cmake_args': None, 'build_base': '/home/forge/arti_ws/build/serial_motor_demo_msgs', 'catkin_cmake_args': None, 'catkin_skip_building_tests': False, 'cmake_args': None, 'cmake_clean_cache': False, 'cmake_clean_first': False, 'cmake_force_configure': False, 'cmake_target': None, 'cmake_target_skip_unavailable': False, 'install_base': '/home/forge/arti_ws/install/serial_motor_demo_msgs', 'merge_install': False, 'path': '/home/forge/arti_ws/serial_motor_demo/serial_motor_demo_msgs', 'symlink_install': False, 'test_result_base': None}
[0.399s] Level 5:colcon.colcon_core.verb:set package 'serial_motor_demo' build argument 'cmake_args' from command line to 'None'
[0.399s] Level 5:colcon.colcon_core.verb:set package 'serial_motor_demo' build argument 'cmake_target' from command line to 'None'
[0.399s] Level 5:colcon.colcon_core.verb:set package 'serial_motor_demo' build argument 'cmake_target_skip_unavailable' from command line to 'False'
[0.399s] Level 5:colcon.colcon_core.verb:set package 'serial_motor_demo' build argument 'cmake_clean_cache' from command line to 'False'
[0.399s] Level 5:colcon.colcon_core.verb:set package 'serial_motor_demo' build argument 'cmake_clean_first' from command line to 'False'
[0.399s] Level 5:colcon.colcon_core.verb:set package 'serial_motor_demo' build argument 'cmake_force_configure' from command line to 'False'
[0.399s] Level 5:colcon.colcon_core.verb:set package 'serial_motor_demo' build argument 'ament_cmake_args' from command line to 'None'
[0.399s] Level 5:colcon.colcon_core.verb:set package 'serial_motor_demo' build argument 'catkin_cmake_args' from command line to 'None'
[0.399s] Level 5:colcon.colcon_core.verb:set package 'serial_motor_demo' build argument 'catkin_skip_building_tests' from command line to 'False'
[0.399s] DEBUG:colcon.colcon_core.verb:Building package 'serial_motor_demo' with the following arguments: {'ament_cmake_args': None, 'build_base': '/home/forge/arti_ws/build/serial_motor_demo', 'catkin_cmake_args': None, 'catkin_skip_building_tests': False, 'cmake_args': None, 'cmake_clean_cache': False, 'cmake_clean_first': False, 'cmake_force_configure': False, 'cmake_target': None, 'cmake_target_skip_unavailable': False, 'install_base': '/home/forge/arti_ws/install/serial_motor_demo', 'merge_install': False, 'path': '/home/forge/arti_ws/serial_motor_demo/serial_motor_demo', 'symlink_install': False, 'test_result_base': None}
[0.399s] INFO:colcon.colcon_core.executor:Executing jobs using 'parallel' executor
[0.400s] DEBUG:colcon.colcon_parallel_executor.executor.parallel:run_until_complete
[0.401s] INFO:colcon.colcon_ros.task.ament_cmake.build:Building ROS package in '/home/forge/arti_ws/serial_motor_demo/serial_motor_demo_msgs' with build type 'ament_cmake'
[0.401s] INFO:colcon.colcon_cmake.task.cmake.build:Building CMake package in '/home/forge/arti_ws/serial_motor_demo/serial_motor_demo_msgs'
[0.403s] INFO:colcon.colcon_core.plugin_system:Skipping extension 'colcon_core.shell.bat': Not used on non-Windows systems
[0.403s] INFO:colcon.colcon_core.shell:Skip shell extension 'powershell' for command environment: Not usable outside of PowerShell
[0.403s] DEBUG:colcon.colcon_core.shell:Skip shell extension 'dsv' for command environment
[0.407s] INFO:colcon.colcon_ros.task.ament_cmake.build:Building ROS package in '/home/forge/arti_ws/src/articubot_one' with build type 'ament_cmake'
[0.408s] INFO:colcon.colcon_cmake.task.cmake.build:Building CMake package in '/home/forge/arti_ws/src/articubot_one'
[0.408s] INFO:colcon.colcon_core.shell:Skip shell extension 'powershell' for command environment: Not usable outside of PowerShell
[0.408s] DEBUG:colcon.colcon_core.shell:Skip shell extension 'dsv' for command environment
[0.419s] DEBUG:colcon.colcon_core.event_handler.log_command:Invoking command in '/home/forge/arti_ws/build/serial_motor_demo_msgs': CMAKE_PREFIX_PATH=${CMAKE_PREFIX_PATH}:/home/forge/arti_ws/install/serial_motor_demo:/opt/ros/foxy /usr/bin/cmake /home/forge/arti_ws/serial_motor_demo/serial_motor_demo_msgs -DCMAKE_INSTALL_PREFIX=/home/forge/arti_ws/install/serial_motor_demo_msgs
[0.423s] DEBUG:colcon.colcon_core.event_handler.log_command:Invoking command in '/home/forge/arti_ws/build/articubot_one': CMAKE_PREFIX_PATH=${CMAKE_PREFIX_PATH}:/home/forge/arti_ws/install/serial_motor_demo:/opt/ros/foxy /usr/bin/cmake /home/forge/arti_ws/src/articubot_one -DCMAKE_INSTALL_PREFIX=/home/forge/arti_ws/install/articubot_one
[0.714s] DEBUG:colcon.colcon_core.event_handler.log_command:Invoked command in '/home/forge/arti_ws/build/articubot_one' returned '0': CMAKE_PREFIX_PATH=${CMAKE_PREFIX_PATH}:/home/forge/arti_ws/install/serial_motor_demo:/opt/ros/foxy /usr/bin/cmake /home/forge/arti_ws/src/articubot_one -DCMAKE_INSTALL_PREFIX=/home/forge/arti_ws/install/articubot_one
[0.716s] DEBUG:colcon.colcon_core.event_handler.log_command:Invoking command in '/home/forge/arti_ws/build/articubot_one': CMAKE_PREFIX_PATH=${CMAKE_PREFIX_PATH}:/home/forge/arti_ws/install/serial_motor_demo:/opt/ros/foxy /usr/bin/cmake --build /home/forge/arti_ws/build/articubot_one -- -j8 -l8
[0.747s] DEBUG:colcon.colcon_core.event_handler.log_command:Invoked command in '/home/forge/arti_ws/build/articubot_one' returned '0': CMAKE_PREFIX_PATH=${CMAKE_PREFIX_PATH}:/home/forge/arti_ws/install/serial_motor_demo:/opt/ros/foxy /usr/bin/cmake --build /home/forge/arti_ws/build/articubot_one -- -j8 -l8
[0.774s] DEBUG:colcon.colcon_core.event_handler.log_command:Invoking command in '/home/forge/arti_ws/build/articubot_one': CMAKE_PREFIX_PATH=${CMAKE_PREFIX_PATH}:/home/forge/arti_ws/install/serial_motor_demo:/opt/ros/foxy /usr/bin/cmake --install /home/forge/arti_ws/build/articubot_one
[0.805s] Level 1:colcon.colcon_core.environment:create_environment_scripts_only(articubot_one)
[0.806s] DEBUG:colcon.colcon_core.event_handler.log_command:Invoked command in '/home/forge/arti_ws/build/articubot_one' returned '0': CMAKE_PREFIX_PATH=${CMAKE_PREFIX_PATH}:/home/forge/arti_ws/install/serial_motor_demo:/opt/ros/foxy /usr/bin/cmake --install /home/forge/arti_ws/build/articubot_one
[0.809s] Level 1:colcon.colcon_core.environment:checking '/home/forge/arti_ws/install/articubot_one' for CMake module files
[0.810s] Level 1:colcon.colcon_core.environment:checking '/home/forge/arti_ws/install/articubot_one' for CMake config files
[0.810s] Level 1:colcon.colcon_core.shell:create_environment_hook('articubot_one', 'cmake_prefix_path')
[0.810s] INFO:colcon.colcon_core.shell:Creating environment hook '/home/forge/arti_ws/install/articubot_one/share/articubot_one/hook/cmake_prefix_path.ps1'
[0.811s] INFO:colcon.colcon_core.shell:Creating environment descriptor '/home/forge/arti_ws/install/articubot_one/share/articubot_one/hook/cmake_prefix_path.dsv'
[0.811s] INFO:colcon.colcon_core.shell:Creating environment hook '/home/forge/arti_ws/install/articubot_one/share/articubot_one/hook/cmake_prefix_path.sh'
[0.812s] Level 1:colcon.colcon_core.environment:checking '/home/forge/arti_ws/install/articubot_one/bin'
[0.812s] Level 1:colcon.colcon_core.environment:checking '/home/forge/arti_ws/install/articubot_one/lib/pkgconfig/articubot_one.pc'
[0.813s] Level 1:colcon.colcon_core.environment:checking '/home/forge/arti_ws/install/articubot_one/lib/python3.8/site-packages'
[0.813s] Level 1:colcon.colcon_core.environment:checking '/home/forge/arti_ws/install/articubot_one/bin'
[0.813s] INFO:colcon.colcon_core.shell:Creating package script '/home/forge/arti_ws/install/articubot_one/share/articubot_one/package.ps1'
[0.814s] INFO:colcon.colcon_core.shell:Creating package descriptor '/home/forge/arti_ws/install/articubot_one/share/articubot_one/package.dsv'
[0.815s] INFO:colcon.colcon_core.shell:Creating package script '/home/forge/arti_ws/install/articubot_one/share/articubot_one/package.sh'
[0.816s] INFO:colcon.colcon_core.shell:Creating package script '/home/forge/arti_ws/install/articubot_one/share/articubot_one/package.bash'
[0.816s] INFO:colcon.colcon_core.shell:Creating package script '/home/forge/arti_ws/install/articubot_one/share/articubot_one/package.zsh'
[0.817s] Level 1:colcon.colcon_core.environment:create_file_with_runtime_dependencies(/home/forge/arti_ws/install/articubot_one/share/colcon-core/packages/articubot_one)
[0.836s] Level 1:colcon.colcon_core.environment:create_environment_scripts_only(articubot_one)
[0.836s] Level 1:colcon.colcon_core.environment:checking '/home/forge/arti_ws/install/articubot_one' for CMake module files
[0.837s] Level 1:colcon.colcon_core.environment:checking '/home/forge/arti_ws/install/articubot_one' for CMake config files
[0.837s] Level 1:colcon.colcon_core.shell:create_environment_hook('articubot_one', 'cmake_prefix_path')
[0.837s] INFO:colcon.colcon_core.shell:Creating environment hook '/home/forge/arti_ws/install/articubot_one/share/articubot_one/hook/cmake_prefix_path.ps1'
[0.838s] INFO:colcon.colcon_core.shell:Creating environment descriptor '/home/forge/arti_ws/install/articubot_one/share/articubot_one/hook/cmake_prefix_path.dsv'
[0.838s] INFO:colcon.colcon_core.shell:Creating environment hook '/home/forge/arti_ws/install/articubot_one/share/articubot_one/hook/cmake_prefix_path.sh'
[0.839s] Level 1:colcon.colcon_core.environment:checking '/home/forge/arti_ws/install/articubot_one/bin'
[0.839s] Level 1:colcon.colcon_core.environment:checking '/home/forge/arti_ws/install/articubot_one/lib/pkgconfig/articubot_one.pc'
[0.839s] Level 1:colcon.colcon_core.environment:checking '/home/forge/arti_ws/install/articubot_one/lib/python3.8/site-packages'
[0.840s] Level 1:colcon.colcon_core.environment:checking '/home/forge/arti_ws/install/articubot_one/bin'
[0.840s] INFO:colcon.colcon_core.shell:Creating package script '/home/forge/arti_ws/install/articubot_one/share/articubot_one/package.ps1'
[0.840s] INFO:colcon.colcon_core.shell:Creating package descriptor '/home/forge/arti_ws/install/articubot_one/share/articubot_one/package.dsv'
[0.841s] INFO:colcon.colcon_core.shell:Creating package script '/home/forge/arti_ws/install/articubot_one/share/articubot_one/package.sh'
[0.841s] INFO:colcon.colcon_core.shell:Creating package script '/home/forge/arti_ws/install/articubot_one/share/articubot_one/package.bash'
[0.842s] INFO:colcon.colcon_core.shell:Creating package script '/home/forge/arti_ws/install/articubot_one/share/articubot_one/package.zsh'
[0.842s] Level 1:colcon.colcon_core.environment:create_file_with_runtime_dependencies(/home/forge/arti_ws/install/articubot_one/share/colcon-core/packages/articubot_one)
[1.198s] DEBUG:colcon.colcon_core.event_handler.log_command:Invoked command in '/home/forge/arti_ws/build/serial_motor_demo_msgs' returned '0': CMAKE_PREFIX_PATH=${CMAKE_PREFIX_PATH}:/home/forge/arti_ws/install/serial_motor_demo:/opt/ros/foxy /usr/bin/cmake /home/forge/arti_ws/serial_motor_demo/serial_motor_demo_msgs -DCMAKE_INSTALL_PREFIX=/home/forge/arti_ws/install/serial_motor_demo_msgs
[1.201s] DEBUG:colcon.colcon_core.event_handler.log_command:Invoking command in '/home/forge/arti_ws/build/serial_motor_demo_msgs': CMAKE_PREFIX_PATH=${CMAKE_PREFIX_PATH}:/home/forge/arti_ws/install/serial_motor_demo:/opt/ros/foxy /usr/bin/cmake --build /home/forge/arti_ws/build/serial_motor_demo_msgs -- -j8 -l8
[1.378s] DEBUG:colcon.colcon_core.event_handler.log_command:Invoked command in '/home/forge/arti_ws/build/serial_motor_demo_msgs' returned '0': CMAKE_PREFIX_PATH=${CMAKE_PREFIX_PATH}:/home/forge/arti_ws/install/serial_motor_demo:/opt/ros/foxy /usr/bin/cmake --build /home/forge/arti_ws/build/serial_motor_demo_msgs -- -j8 -l8
[1.435s] DEBUG:colcon.colcon_core.event_handler.log_command:Invoking command in '/home/forge/arti_ws/build/serial_motor_demo_msgs': CMAKE_PREFIX_PATH=${CMAKE_PREFIX_PATH}:/home/forge/arti_ws/install/serial_motor_demo:/opt/ros/foxy /usr/bin/cmake --install /home/forge/arti_ws/build/serial_motor_demo_msgs
[1.506s] Level 1:colcon.colcon_core.environment:create_environment_scripts_only(serial_motor_demo_msgs)
[1.506s] Level 1:colcon.colcon_core.environment:checking '/home/forge/arti_ws/install/serial_motor_demo_msgs' for CMake module files
[1.507s] DEBUG:colcon.colcon_core.event_handler.log_command:Invoked command in '/home/forge/arti_ws/build/serial_motor_demo_msgs' returned '0': CMAKE_PREFIX_PATH=${CMAKE_PREFIX_PATH}:/home/forge/arti_ws/install/serial_motor_demo:/opt/ros/foxy /usr/bin/cmake --install /home/forge/arti_ws/build/serial_motor_demo_msgs
[1.507s] Level 1:colcon.colcon_core.environment:checking '/home/forge/arti_ws/install/serial_motor_demo_msgs' for CMake config files
[1.508s] Level 1:colcon.colcon_core.shell:create_environment_hook('serial_motor_demo_msgs', 'cmake_prefix_path')
[1.508s] INFO:colcon.colcon_core.shell:Creating environment hook '/home/forge/arti_ws/install/serial_motor_demo_msgs/share/serial_motor_demo_msgs/hook/cmake_prefix_path.ps1'
[1.509s] INFO:colcon.colcon_core.shell:Creating environment descriptor '/home/forge/arti_ws/install/serial_motor_demo_msgs/share/serial_motor_demo_msgs/hook/cmake_prefix_path.dsv'
[1.509s] INFO:colcon.colcon_core.shell:Creating environment hook '/home/forge/arti_ws/install/serial_motor_demo_msgs/share/serial_motor_demo_msgs/hook/cmake_prefix_path.sh'
[1.510s] Level 1:colcon.colcon_core.environment:checking '/home/forge/arti_ws/install/serial_motor_demo_msgs/lib'
[1.510s] Level 1:colcon.colcon_core.shell:create_environment_hook('serial_motor_demo_msgs', 'ld_library_path_lib')
[1.510s] INFO:colcon.colcon_core.shell:Creating environment hook '/home/forge/arti_ws/install/serial_motor_demo_msgs/share/serial_motor_demo_msgs/hook/ld_library_path_lib.ps1'
[1.511s] INFO:colcon.colcon_core.shell:Creating environment descriptor '/home/forge/arti_ws/install/serial_motor_demo_msgs/share/serial_motor_demo_msgs/hook/ld_library_path_lib.dsv'
[1.511s] INFO:colcon.colcon_core.shell:Creating environment hook '/home/forge/arti_ws/install/serial_motor_demo_msgs/share/serial_motor_demo_msgs/hook/ld_library_path_lib.sh'
[1.512s] Level 1:colcon.colcon_core.environment:checking '/home/forge/arti_ws/install/serial_motor_demo_msgs/bin'
[1.512s] Level 1:colcon.colcon_core.environment:checking '/home/forge/arti_ws/install/serial_motor_demo_msgs/lib/pkgconfig/serial_motor_demo_msgs.pc'
[1.512s] Level 1:colcon.colcon_core.environment:checking '/home/forge/arti_ws/install/serial_motor_demo_msgs/lib/python3.8/site-packages'
[1.512s] Level 1:colcon.colcon_core.shell:create_environment_hook('serial_motor_demo_msgs', 'pythonpath')
[1.512s] INFO:colcon.colcon_core.shell:Creating environment hook '/home/forge/arti_ws/install/serial_motor_demo_msgs/share/serial_motor_demo_msgs/hook/pythonpath.ps1'
[1.513s] INFO:colcon.colcon_core.shell:Creating environment descriptor '/home/forge/arti_ws/install/serial_motor_demo_msgs/share/serial_motor_demo_msgs/hook/pythonpath.dsv'
[1.513s] INFO:colcon.colcon_core.shell:Creating environment hook '/home/forge/arti_ws/install/serial_motor_demo_msgs/share/serial_motor_demo_msgs/hook/pythonpath.sh'
[1.514s] Level 1:colcon.colcon_core.environment:checking '/home/forge/arti_ws/install/serial_motor_demo_msgs/bin'
[1.514s] INFO:colcon.colcon_core.shell:Creating package script '/home/forge/arti_ws/install/serial_motor_demo_msgs/share/serial_motor_demo_msgs/package.ps1'
[1.515s] INFO:colcon.colcon_core.shell:Creating package descriptor '/home/forge/arti_ws/install/serial_motor_demo_msgs/share/serial_motor_demo_msgs/package.dsv'
[1.515s] INFO:colcon.colcon_core.shell:Creating package script '/home/forge/arti_ws/install/serial_motor_demo_msgs/share/serial_motor_demo_msgs/package.sh'
[1.516s] INFO:colcon.colcon_core.shell:Creating package script '/home/forge/arti_ws/install/serial_motor_demo_msgs/share/serial_motor_demo_msgs/package.bash'
[1.516s] INFO:colcon.colcon_core.shell:Creating package script '/home/forge/arti_ws/install/serial_motor_demo_msgs/share/serial_motor_demo_msgs/package.zsh'
[1.517s] Level 1:colcon.colcon_core.environment:create_file_with_runtime_dependencies(/home/forge/arti_ws/install/serial_motor_demo_msgs/share/colcon-core/packages/serial_motor_demo_msgs)
[1.574s] Level 1:colcon.colcon_core.environment:create_environment_scripts_only(serial_motor_demo_msgs)
[1.575s] Level 1:colcon.colcon_core.environment:checking '/home/forge/arti_ws/install/serial_motor_demo_msgs' for CMake module files
[1.576s] Level 1:colcon.colcon_core.environment:checking '/home/forge/arti_ws/install/serial_motor_demo_msgs' for CMake config files
[1.576s] Level 1:colcon.colcon_core.shell:create_environment_hook('serial_motor_demo_msgs', 'cmake_prefix_path')
[1.577s] INFO:colcon.colcon_core.shell:Creating environment hook '/home/forge/arti_ws/install/serial_motor_demo_msgs/share/serial_motor_demo_msgs/hook/cmake_prefix_path.ps1'
[1.577s] INFO:colcon.colcon_core.shell:Creating environment descriptor '/home/forge/arti_ws/install/serial_motor_demo_msgs/share/serial_motor_demo_msgs/hook/cmake_prefix_path.dsv'
[1.578s] INFO:colcon.colcon_core.shell:Creating environment hook '/home/forge/arti_ws/install/serial_motor_demo_msgs/share/serial_motor_demo_msgs/hook/cmake_prefix_path.sh'
[1.579s] Level 1:colcon.colcon_core.environment:checking '/home/forge/arti_ws/install/serial_motor_demo_msgs/lib'
[1.579s] Level 1:colcon.colcon_core.shell:create_environment_hook('serial_motor_demo_msgs', 'ld_library_path_lib')
[1.579s] INFO:colcon.colcon_core.shell:Creating environment hook '/home/forge/arti_ws/install/serial_motor_demo_msgs/share/serial_motor_demo_msgs/hook/ld_library_path_lib.ps1'
[1.580s] INFO:colcon.colcon_core.shell:Creating environment descriptor '/home/forge/arti_ws/install/serial_motor_demo_msgs/share/serial_motor_demo_msgs/hook/ld_library_path_lib.dsv'
[1.580s] INFO:colcon.colcon_core.shell:Creating environment hook '/home/forge/arti_ws/install/serial_motor_demo_msgs/share/serial_motor_demo_msgs/hook/ld_library_path_lib.sh'
[1.581s] Level 1:colcon.colcon_core.environment:checking '/home/forge/arti_ws/install/serial_motor_demo_msgs/bin'
[1.581s] Level 1:colcon.colcon_core.environment:checking '/home/forge/arti_ws/install/serial_motor_demo_msgs/lib/pkgconfig/serial_motor_demo_msgs.pc'
[1.581s] Level 1:colcon.colcon_core.environment:checking '/home/forge/arti_ws/install/serial_motor_demo_msgs/lib/python3.8/site-packages'
[1.581s] Level 1:colcon.colcon_core.shell:create_environment_hook('serial_motor_demo_msgs', 'pythonpath')
[1.582s] INFO:colcon.colcon_core.shell:Creating environment hook '/home/forge/arti_ws/install/serial_motor_demo_msgs/share/serial_motor_demo_msgs/hook/pythonpath.ps1'
[1.582s] INFO:colcon.colcon_core.shell:Creating environment descriptor '/home/forge/arti_ws/install/serial_motor_demo_msgs/share/serial_motor_demo_msgs/hook/pythonpath.dsv'
[1.582s] INFO:colcon.colcon_core.shell:Creating environment hook '/home/forge/arti_ws/install/serial_motor_demo_msgs/share/serial_motor_demo_msgs/hook/pythonpath.sh'
[1.583s] Level 1:colcon.colcon_core.environment:checking '/home/forge/arti_ws/install/serial_motor_demo_msgs/bin'
[1.583s] INFO:colcon.colcon_core.shell:Creating package script '/home/forge/arti_ws/install/serial_motor_demo_msgs/share/serial_motor_demo_msgs/package.ps1'
[1.584s] INFO:colcon.colcon_core.shell:Creating package descriptor '/home/forge/arti_ws/install/serial_motor_demo_msgs/share/serial_motor_demo_msgs/package.dsv'
[1.585s] INFO:colcon.colcon_core.shell:Creating package script '/home/forge/arti_ws/install/serial_motor_demo_msgs/share/serial_motor_demo_msgs/package.sh'
[1.585s] INFO:colcon.colcon_core.shell:Creating package script '/home/forge/arti_ws/install/serial_motor_demo_msgs/share/serial_motor_demo_msgs/package.bash'
[1.586s] INFO:colcon.colcon_core.shell:Creating package script '/home/forge/arti_ws/install/serial_motor_demo_msgs/share/serial_motor_demo_msgs/package.zsh'
[1.586s] Level 1:colcon.colcon_core.environment:create_file_with_runtime_dependencies(/home/forge/arti_ws/install/serial_motor_demo_msgs/share/colcon-core/packages/serial_motor_demo_msgs)
[1.587s] INFO:colcon.colcon_ros.task.ament_python.build:Building ROS package in '/home/forge/arti_ws/serial_motor_demo/serial_motor_demo' with build type 'ament_python'
[1.587s] Level 1:colcon.colcon_core.shell:create_environment_hook('serial_motor_demo', 'ament_prefix_path')
[1.587s] INFO:colcon.colcon_core.shell:Creating environment hook '/home/forge/arti_ws/install/serial_motor_demo/share/serial_motor_demo/hook/ament_prefix_path.ps1'
[1.588s] INFO:colcon.colcon_core.shell:Creating environment descriptor '/home/forge/arti_ws/install/serial_motor_demo/share/serial_motor_demo/hook/ament_prefix_path.dsv'
[1.588s] INFO:colcon.colcon_core.shell:Creating environment hook '/home/forge/arti_ws/install/serial_motor_demo/share/serial_motor_demo/hook/ament_prefix_path.sh'
[1.589s] INFO:colcon.colcon_core.shell:Skip shell extension 'powershell' for command environment: Not usable outside of PowerShell
[1.589s] DEBUG:colcon.colcon_core.shell:Skip shell extension 'dsv' for command environment
[1.793s] INFO:colcon.colcon_core.task.python.build:Building Python package in '/home/forge/arti_ws/serial_motor_demo/serial_motor_demo'
[1.793s] INFO:colcon.colcon_core.shell:Skip shell extension 'powershell' for command environment: Not usable outside of PowerShell
[1.793s] DEBUG:colcon.colcon_core.shell:Skip shell extension 'dsv' for command environment
[2.127s] DEBUG:colcon.colcon_core.event_handler.log_command:Invoking command in '/home/forge/arti_ws/build/serial_motor_demo': LD_LIBRARY_PATH=/home/forge/arti_ws/install/serial_motor_demo_msgs/lib:/usr/lib/x86_64-linux-gnu/:/usr/lib/x86_64-linux-gnu/gazebo-11/plugins:/opt/ros/foxy/opt/yaml_cpp_vendor/lib:/opt/ros/foxy/opt/rviz_ogre_vendor/lib:/opt/ros/foxy/lib/x86_64-linux-gnu:/opt/ros/foxy/lib PYTHONPATH=/home/forge/arti_ws/build/serial_motor_demo/prefix_override:/home/forge/arti_ws/install/serial_motor_demo/lib/python3.8/site-packages:/home/forge/arti_ws/install/serial_motor_demo_msgs/lib/python3.8/site-packages:/home/forge/arti_ws/build/serial_motor_demo:/home/forge/arti_ws/install/serial_motor_demo/lib/python3.8/site-packages:/opt/ros/foxy/lib/python3.8/site-packages /usr/bin/python3 -W ignore:setup.py install is deprecated setup.py develop --uninstall --editable --build-directory /home/forge/arti_ws/build/serial_motor_demo/build
[2.456s] DEBUG:colcon.colcon_core.event_handler.log_command:Invoked command in '/home/forge/arti_ws/build/serial_motor_demo' returned '0': LD_LIBRARY_PATH=/home/forge/arti_ws/install/serial_motor_demo_msgs/lib:/usr/lib/x86_64-linux-gnu/:/usr/lib/x86_64-linux-gnu/gazebo-11/plugins:/opt/ros/foxy/opt/yaml_cpp_vendor/lib:/opt/ros/foxy/opt/rviz_ogre_vendor/lib:/opt/ros/foxy/lib/x86_64-linux-gnu:/opt/ros/foxy/lib PYTHONPATH=/home/forge/arti_ws/build/serial_motor_demo/prefix_override:/home/forge/arti_ws/install/serial_motor_demo/lib/python3.8/site-packages:/home/forge/arti_ws/install/serial_motor_demo_msgs/lib/python3.8/site-packages:/home/forge/arti_ws/build/serial_motor_demo:/home/forge/arti_ws/install/serial_motor_demo/lib/python3.8/site-packages:/opt/ros/foxy/lib/python3.8/site-packages /usr/bin/python3 -W ignore:setup.py install is deprecated setup.py develop --uninstall --editable --build-directory /home/forge/arti_ws/build/serial_motor_demo/build
[2.460s] DEBUG:colcon.colcon_core.event_handler.log_command:Invoking command in '/home/forge/arti_ws/serial_motor_demo/serial_motor_demo': LD_LIBRARY_PATH=/home/forge/arti_ws/install/serial_motor_demo_msgs/lib:/usr/lib/x86_64-linux-gnu/:/usr/lib/x86_64-linux-gnu/gazebo-11/plugins:/opt/ros/foxy/opt/yaml_cpp_vendor/lib:/opt/ros/foxy/opt/rviz_ogre_vendor/lib:/opt/ros/foxy/lib/x86_64-linux-gnu:/opt/ros/foxy/lib PYTHONPATH=/home/forge/arti_ws/build/serial_motor_demo/prefix_override:/home/forge/arti_ws/install/serial_motor_demo/lib/python3.8/site-packages:/home/forge/arti_ws/install/serial_motor_demo_msgs/lib/python3.8/site-packages:/home/forge/arti_ws/build/serial_motor_demo:/home/forge/arti_ws/install/serial_motor_demo/lib/python3.8/site-packages:/opt/ros/foxy/lib/python3.8/site-packages /usr/bin/python3 -W ignore:setup.py install is deprecated setup.py egg_info --egg-base ../../build/serial_motor_demo build --build-base /home/forge/arti_ws/build/serial_motor_demo/build install --record /home/forge/arti_ws/build/serial_motor_demo/install.log --install-scripts $base/lib/serial_motor_demo --single-version-externally-managed install_data --force
[2.708s] Level 1:colcon.colcon_core.environment:checking '/home/forge/arti_ws/install/serial_motor_demo' for CMake module files
[2.709s] DEBUG:colcon.colcon_core.event_handler.log_command:Invoked command in '/home/forge/arti_ws/serial_motor_demo/serial_motor_demo' returned '0': LD_LIBRARY_PATH=/home/forge/arti_ws/install/serial_motor_demo_msgs/lib:/usr/lib/x86_64-linux-gnu/:/usr/lib/x86_64-linux-gnu/gazebo-11/plugins:/opt/ros/foxy/opt/yaml_cpp_vendor/lib:/opt/ros/foxy/opt/rviz_ogre_vendor/lib:/opt/ros/foxy/lib/x86_64-linux-gnu:/opt/ros/foxy/lib PYTHONPATH=/home/forge/arti_ws/build/serial_motor_demo/prefix_override:/home/forge/arti_ws/install/serial_motor_demo/lib/python3.8/site-packages:/home/forge/arti_ws/install/serial_motor_demo_msgs/lib/python3.8/site-packages:/home/forge/arti_ws/build/serial_motor_demo:/home/forge/arti_ws/install/serial_motor_demo/lib/python3.8/site-packages:/opt/ros/foxy/lib/python3.8/site-packages /usr/bin/python3 -W ignore:setup.py install is deprecated setup.py egg_info --egg-base ../../build/serial_motor_demo build --build-base /home/forge/arti_ws/build/serial_motor_demo/build install --record /home/forge/arti_ws/build/serial_motor_demo/install.log --install-scripts $base/lib/serial_motor_demo --single-version-externally-managed install_data --force
[2.709s] Level 1:colcon.colcon_core.environment:checking '/home/forge/arti_ws/install/serial_motor_demo' for CMake config files
[2.709s] Level 1:colcon.colcon_core.environment:checking '/home/forge/arti_ws/install/serial_motor_demo/lib'
[2.710s] Level 1:colcon.colcon_core.environment:checking '/home/forge/arti_ws/install/serial_motor_demo/bin'
[2.710s] Level 1:colcon.colcon_core.environment:checking '/home/forge/arti_ws/install/serial_motor_demo/lib/pkgconfig/serial_motor_demo.pc'
[2.710s] Level 1:colcon.colcon_core.environment:checking '/home/forge/arti_ws/install/serial_motor_demo/lib/python3.8/site-packages'
[2.710s] Level 1:colcon.colcon_core.shell:create_environment_hook('serial_motor_demo', 'pythonpath')
[2.710s] INFO:colcon.colcon_core.shell:Creating environment hook '/home/forge/arti_ws/install/serial_motor_demo/share/serial_motor_demo/hook/pythonpath.ps1'
[2.711s] INFO:colcon.colcon_core.shell:Creating environment descriptor '/home/forge/arti_ws/install/serial_motor_demo/share/serial_motor_demo/hook/pythonpath.dsv'
[2.711s] INFO:colcon.colcon_core.shell:Creating environment hook '/home/forge/arti_ws/install/serial_motor_demo/share/serial_motor_demo/hook/pythonpath.sh'
[2.712s] Level 1:colcon.colcon_core.environment:checking '/home/forge/arti_ws/install/serial_motor_demo/bin'
[2.712s] Level 1:colcon.colcon_core.environment:create_environment_scripts_only(serial_motor_demo)
[2.712s] INFO:colcon.colcon_core.shell:Creating package script '/home/forge/arti_ws/install/serial_motor_demo/share/serial_motor_demo/package.ps1'
[2.712s] INFO:colcon.colcon_core.shell:Creating package descriptor '/home/forge/arti_ws/install/serial_motor_demo/share/serial_motor_demo/package.dsv'
[2.713s] INFO:colcon.colcon_core.shell:Creating package script '/home/forge/arti_ws/install/serial_motor_demo/share/serial_motor_demo/package.sh'
[2.713s] INFO:colcon.colcon_core.shell:Creating package script '/home/forge/arti_ws/install/serial_motor_demo/share/serial_motor_demo/package.bash'
[2.713s] INFO:colcon.colcon_core.shell:Creating package script '/home/forge/arti_ws/install/serial_motor_demo/share/serial_motor_demo/package.zsh'
[2.714s] Level 1:colcon.colcon_core.environment:create_file_with_runtime_dependencies(/home/forge/arti_ws/install/serial_motor_demo/share/colcon-core/packages/serial_motor_demo)
[2.714s] DEBUG:colcon.colcon_parallel_executor.executor.parallel:closing loop
[2.714s] DEBUG:colcon.colcon_parallel_executor.executor.parallel:loop closed
[2.714s] DEBUG:colcon.colcon_parallel_executor.executor.parallel:run_until_complete finished with '0'
[2.714s] DEBUG:colcon.colcon_core.event_reactor:joining thread
[2.721s] INFO:colcon.colcon_core.plugin_system:Skipping extension 'colcon_notification.desktop_notification.terminal_notifier': Not used on non-Darwin systems
[2.721s] INFO:colcon.colcon_core.plugin_system:Skipping extension 'colcon_notification.desktop_notification.win32': Not used on non-Windows systems
[2.721s] INFO:colcon.colcon_notification.desktop_notification:Sending desktop notification using 'notify2'
[2.733s] DEBUG:colcon.colcon_core.event_reactor:joined thread
[2.734s] INFO:colcon.colcon_core.shell:Creating prefix script '/home/forge/arti_ws/install/local_setup.ps1'
[2.734s] INFO:colcon.colcon_core.shell:Creating prefix util module '/home/forge/arti_ws/install/_local_setup_util_ps1.py'
[2.736s] INFO:colcon.colcon_core.shell:Creating prefix chain script '/home/forge/arti_ws/install/setup.ps1'
[2.737s] INFO:colcon.colcon_core.shell:Creating prefix script '/home/forge/arti_ws/install/local_setup.sh'
[2.737s] INFO:colcon.colcon_core.shell:Creating prefix util module '/home/forge/arti_ws/install/_local_setup_util_sh.py'
[2.738s] INFO:colcon.colcon_core.shell:Creating prefix chain script '/home/forge/arti_ws/install/setup.sh'
[2.739s] INFO:colcon.colcon_core.shell:Creating prefix script '/home/forge/arti_ws/install/local_setup.bash'
[2.739s] INFO:colcon.colcon_core.shell:Creating prefix chain script '/home/forge/arti_ws/install/setup.bash'
[2.740s] INFO:colcon.colcon_core.shell:Creating prefix script '/home/forge/arti_ws/install/local_setup.zsh'
[2.741s] INFO:colcon.colcon_core.shell:Creating prefix chain script '/home/forge/arti_ws/install/setup.zsh'
