[2.088s] Invoking command in '/home/forge/arti_ws/build/serial_motor_demo': LD_LIBRARY_PATH=/home/forge/arti_ws/install/serial_motor_demo_msgs/lib:/usr/lib/x86_64-linux-gnu/:/usr/lib/x86_64-linux-gnu/gazebo-11/plugins:/opt/ros/foxy/opt/yaml_cpp_vendor/lib:/opt/ros/foxy/opt/rviz_ogre_vendor/lib:/opt/ros/foxy/lib/x86_64-linux-gnu:/opt/ros/foxy/lib PYTHONPATH=/home/forge/arti_ws/build/serial_motor_demo/prefix_override:/home/forge/arti_ws/install/serial_motor_demo/lib/python3.8/site-packages:/home/forge/arti_ws/install/serial_motor_demo_msgs/lib/python3.8/site-packages:/home/forge/arti_ws/install/serial_motor_demo/lib/python3.8/site-packages:/opt/ros/foxy/lib/python3.8/site-packages /usr/bin/python3 -W ignore:setup.py install is deprecated setup.py develop --editable --build-directory /home/forge/arti_ws/build/serial_motor_demo/build --no-deps symlink_data
[2.723s] running develop
[3.037s] running egg_info
[3.040s] creating serial_motor_demo.egg-info
[3.040s] writing serial_motor_demo.egg-info/PKG-INFO
[3.040s] writing dependency_links to serial_motor_demo.egg-info/dependency_links.txt
[3.040s] writing entry points to serial_motor_demo.egg-info/entry_points.txt
[3.041s] writing requirements to serial_motor_demo.egg-info/requires.txt
[3.041s] writing top-level names to serial_motor_demo.egg-info/top_level.txt
[3.054s] writing manifest file 'serial_motor_demo.egg-info/SOURCES.txt'
[3.129s] reading manifest file 'serial_motor_demo.egg-info/SOURCES.txt'
[3.130s] writing manifest file 'serial_motor_demo.egg-info/SOURCES.txt'
[3.207s] running build_ext
[3.223s] Creating /home/forge/arti_ws/install/serial_motor_demo/lib/python3.8/site-packages/site.py
[3.226s] Creating /home/forge/arti_ws/install/serial_motor_demo/lib/python3.8/site-packages/serial-motor-demo.egg-link (link to .)
[3.228s] Installing driver script to /home/forge/arti_ws/install/serial_motor_demo/lib/serial_motor_demo
[3.236s] Installing gui script to /home/forge/arti_ws/install/serial_motor_demo/lib/serial_motor_demo
[3.236s] 
[3.236s] Installed /home/forge/arti_ws/build/serial_motor_demo
[3.236s] running symlink_data
[3.236s] creating /home/forge/arti_ws/install/serial_motor_demo/share/ament_index
[3.237s] creating /home/forge/arti_ws/install/serial_motor_demo/share/ament_index/resource_index
[3.237s] creating /home/forge/arti_ws/install/serial_motor_demo/share/ament_index/resource_index/packages
[3.237s] symbolically linking /home/forge/arti_ws/build/serial_motor_demo/resource/serial_motor_demo -> /home/forge/arti_ws/install/serial_motor_demo/share/ament_index/resource_index/packages
[3.237s] symbolically linking /home/forge/arti_ws/build/serial_motor_demo/package.xml -> /home/forge/arti_ws/install/serial_motor_demo/share/serial_motor_demo
[3.290s] Invoked command in '/home/forge/arti_ws/build/serial_motor_demo' returned '0': LD_LIBRARY_PATH=/home/forge/arti_ws/install/serial_motor_demo_msgs/lib:/usr/lib/x86_64-linux-gnu/:/usr/lib/x86_64-linux-gnu/gazebo-11/plugins:/opt/ros/foxy/opt/yaml_cpp_vendor/lib:/opt/ros/foxy/opt/rviz_ogre_vendor/lib:/opt/ros/foxy/lib/x86_64-linux-gnu:/opt/ros/foxy/lib PYTHONPATH=/home/forge/arti_ws/build/serial_motor_demo/prefix_override:/home/forge/arti_ws/install/serial_motor_demo/lib/python3.8/site-packages:/home/forge/arti_ws/install/serial_motor_demo_msgs/lib/python3.8/site-packages:/home/forge/arti_ws/install/serial_motor_demo/lib/python3.8/site-packages:/opt/ros/foxy/lib/python3.8/site-packages /usr/bin/python3 -W ignore:setup.py install is deprecated setup.py develop --editable --build-directory /home/forge/arti_ws/build/serial_motor_demo/build --no-deps symlink_data
