[0.064s] Invoking command in '/home/forge/arti_ws/build/articubot_one': CMAKE_PREFIX_PATH=${CMAKE_PREFIX_PATH}:/opt/ros/foxy /usr/bin/cmake /home/forge/arti_ws/src/articubot_one -DCMAKE_INSTALL_PREFIX=/home/forge/arti_ws/install/articubot_one
[0.949s] -- The C compiler identification is GNU 9.4.0
[1.477s] -- The CXX compiler identification is GNU 9.4.0
[1.502s] -- Check for working C compiler: /usr/bin/cc
[1.624s] -- Check for working C compiler: /usr/bin/cc -- works
[1.626s] -- Detecting C compiler ABI info
[1.730s] -- Detecting C compiler ABI info - done
[1.746s] -- Detecting C compile features
[1.752s] -- Detecting C compile features - done
[1.756s] -- Check for working CXX compiler: /usr/bin/c++
[1.854s] -- Check for working CXX compiler: /usr/bin/c++ -- works
[1.855s] -- Detecting CXX compiler ABI info
[1.932s] -- Detecting CXX compiler ABI info - done
[1.946s] -- Detecting CXX compile features
[1.947s] -- Detecting CXX compile features - done
[1.990s] -- Found ament_cmake: 0.9.12 (/opt/ros/foxy/share/ament_cmake/cmake)
[2.091s] -- Found PythonInterp: /usr/bin/python3 (found suitable version "3.8.10", minimum required is "3") 
[2.091s] -- Using PYTHON_EXECUTABLE: /usr/bin/python3
[2.368s] -- Found ament_lint_auto: 0.9.8 (/opt/ros/foxy/share/ament_lint_auto/cmake)
[2.582s] -- Added test 'copyright' to check source files copyright and LICENSE
[2.607s] -- Added test 'flake8' to check Python code syntax and style conventions
[2.610s] -- Added test 'lint_cmake' to check CMake code style
[2.612s] -- Added test 'pep257' to check Python code against some of the style conventions in PEP 257
[2.619s] -- Added test 'xmllint' to check XML markup files
[2.622s] -- Configuring done
[2.625s] -- Generating done
[2.626s] -- Build files have been written to: /home/forge/arti_ws/build/articubot_one
[2.630s] Invoked command in '/home/forge/arti_ws/build/articubot_one' returned '0': CMAKE_PREFIX_PATH=${CMAKE_PREFIX_PATH}:/opt/ros/foxy /usr/bin/cmake /home/forge/arti_ws/src/articubot_one -DCMAKE_INSTALL_PREFIX=/home/forge/arti_ws/install/articubot_one
[2.632s] Invoking command in '/home/forge/arti_ws/build/articubot_one': CMAKE_PREFIX_PATH=${CMAKE_PREFIX_PATH}:/opt/ros/foxy /usr/bin/cmake --build /home/forge/arti_ws/build/articubot_one -- -j8 -l8
[2.664s] Invoked command in '/home/forge/arti_ws/build/articubot_one' returned '0': CMAKE_PREFIX_PATH=${CMAKE_PREFIX_PATH}:/opt/ros/foxy /usr/bin/cmake --build /home/forge/arti_ws/build/articubot_one -- -j8 -l8
[2.692s] Invoking command in '/home/forge/arti_ws/build/articubot_one': CMAKE_PREFIX_PATH=${CMAKE_PREFIX_PATH}:/opt/ros/foxy /usr/bin/cmake --install /home/forge/arti_ws/build/articubot_one
[2.698s] -- Install configuration: ""
[2.698s] -- Installing: /home/forge/arti_ws/install/articubot_one/share/articubot_one/config
[2.698s] -- Installing: /home/forge/arti_ws/install/articubot_one/share/articubot_one/config/map.rviz
[2.698s] -- Installing: /home/forge/arti_ws/install/articubot_one/share/articubot_one/config/joystick.yaml
[2.699s] -- Installing: /home/forge/arti_ws/install/articubot_one/share/articubot_one/config/twist_mux.yaml
[2.699s] -- Installing: /home/forge/arti_ws/install/articubot_one/share/articubot_one/config/view_bot.rviz
[2.699s] -- Installing: /home/forge/arti_ws/install/articubot_one/share/articubot_one/config/main.rviz
[2.699s] -- Installing: /home/forge/arti_ws/install/articubot_one/share/articubot_one/config/empty.yaml
[2.699s] -- Installing: /home/forge/arti_ws/install/articubot_one/share/articubot_one/config/nav2_params.yaml
[2.699s] -- Installing: /home/forge/arti_ws/install/articubot_one/share/articubot_one/config/my_controllers.yaml
[2.700s] -- Installing: /home/forge/arti_ws/install/articubot_one/share/articubot_one/config/gaz_ros2_ctl_use_sim.yaml
[2.700s] -- Installing: /home/forge/arti_ws/install/articubot_one/share/articubot_one/config/drive_bot.rviz
[2.700s] -- Installing: /home/forge/arti_ws/install/articubot_one/share/articubot_one/config/gazebo_params.yaml
[2.700s] -- Installing: /home/forge/arti_ws/install/articubot_one/share/articubot_one/config/mapper_params_online_async.yaml
[2.700s] -- Installing: /home/forge/arti_ws/install/articubot_one/share/articubot_one/config/ball_tracker_params_sim.yaml
[2.700s] -- Installing: /home/forge/arti_ws/install/articubot_one/share/articubot_one/config/ball_tracker_params_robot.yaml
[2.700s] -- Installing: /home/forge/arti_ws/install/articubot_one/share/articubot_one/description
[2.700s] -- Installing: /home/forge/arti_ws/install/articubot_one/share/articubot_one/description/gazebo_control.xacro
[2.701s] -- Installing: /home/forge/arti_ws/install/articubot_one/share/articubot_one/description/lidar.xacro
[2.701s] -- Installing: /home/forge/arti_ws/install/articubot_one/share/articubot_one/description/ros2_control.xacro
[2.701s] -- Installing: /home/forge/arti_ws/install/articubot_one/share/articubot_one/description/face.xacro
[2.701s] -- Installing: /home/forge/arti_ws/install/articubot_one/share/articubot_one/description/robot.urdf.xacro
[2.701s] -- Installing: /home/forge/arti_ws/install/articubot_one/share/articubot_one/description/inertial_macros.xacro
[2.701s] -- Installing: /home/forge/arti_ws/install/articubot_one/share/articubot_one/description/robot_core.xacro
[2.701s] -- Installing: /home/forge/arti_ws/install/articubot_one/share/articubot_one/description/depth_camera.xacro
[2.701s] -- Installing: /home/forge/arti_ws/install/articubot_one/share/articubot_one/description/camera.xacro
[2.702s] -- Installing: /home/forge/arti_ws/install/articubot_one/share/articubot_one/launch
[2.702s] -- Installing: /home/forge/arti_ws/install/articubot_one/share/articubot_one/launch/ball_tracker.launch.py
[2.702s] -- Installing: /home/forge/arti_ws/install/articubot_one/share/articubot_one/launch/navigation_launch.py
[2.702s] -- Installing: /home/forge/arti_ws/install/articubot_one/share/articubot_one/launch/online_async_launch.py
[2.702s] -- Installing: /home/forge/arti_ws/install/articubot_one/share/articubot_one/launch/launch_sim.launch.py
[2.702s] -- Installing: /home/forge/arti_ws/install/articubot_one/share/articubot_one/launch/rsp.launch.py
[2.702s] -- Installing: /home/forge/arti_ws/install/articubot_one/share/articubot_one/launch/launch_robot.launch.py
[2.702s] -- Installing: /home/forge/arti_ws/install/articubot_one/share/articubot_one/launch/localization_launch.py
[2.703s] -- Installing: /home/forge/arti_ws/install/articubot_one/share/articubot_one/launch/camera.launch.py
[2.703s] -- Installing: /home/forge/arti_ws/install/articubot_one/share/articubot_one/launch/rplidar.launch.py
[2.703s] -- Installing: /home/forge/arti_ws/install/articubot_one/share/articubot_one/launch/joystick.launch.py
[2.703s] -- Installing: /home/forge/arti_ws/install/articubot_one/share/articubot_one/worlds
[2.703s] -- Installing: /home/forge/arti_ws/install/articubot_one/share/articubot_one/worlds/obstacles.world
[2.703s] -- Installing: /home/forge/arti_ws/install/articubot_one/share/articubot_one/worlds/empty.world
[2.703s] -- Installing: /home/forge/arti_ws/install/articubot_one/share/ament_index/resource_index/package_run_dependencies/articubot_one
[2.703s] -- Installing: /home/forge/arti_ws/install/articubot_one/share/ament_index/resource_index/parent_prefix_path/articubot_one
[2.703s] -- Installing: /home/forge/arti_ws/install/articubot_one/share/articubot_one/environment/ament_prefix_path.sh
[2.704s] -- Installing: /home/forge/arti_ws/install/articubot_one/share/articubot_one/environment/ament_prefix_path.dsv
[2.704s] -- Installing: /home/forge/arti_ws/install/articubot_one/share/articubot_one/environment/path.sh
[2.704s] -- Installing: /home/forge/arti_ws/install/articubot_one/share/articubot_one/environment/path.dsv
[2.704s] -- Installing: /home/forge/arti_ws/install/articubot_one/share/articubot_one/local_setup.bash
[2.704s] -- Installing: /home/forge/arti_ws/install/articubot_one/share/articubot_one/local_setup.sh
[2.704s] -- Installing: /home/forge/arti_ws/install/articubot_one/share/articubot_one/local_setup.zsh
[2.704s] -- Installing: /home/forge/arti_ws/install/articubot_one/share/articubot_one/local_setup.dsv
[2.704s] -- Installing: /home/forge/arti_ws/install/articubot_one/share/articubot_one/package.dsv
[2.704s] -- Installing: /home/forge/arti_ws/install/articubot_one/share/ament_index/resource_index/packages/articubot_one
[2.705s] -- Installing: /home/forge/arti_ws/install/articubot_one/share/articubot_one/cmake/articubot_oneConfig.cmake
[2.705s] -- Installing: /home/forge/arti_ws/install/articubot_one/share/articubot_one/cmake/articubot_oneConfig-version.cmake
[2.706s] -- Installing: /home/forge/arti_ws/install/articubot_one/share/articubot_one/package.xml
[2.706s] Invoked command in '/home/forge/arti_ws/build/articubot_one' returned '0': CMAKE_PREFIX_PATH=${CMAKE_PREFIX_PATH}:/opt/ros/foxy /usr/bin/cmake --install /home/forge/arti_ws/build/articubot_one
